{"/home/travis/build/kaizhu256/node-db-lite/test.js":{"path":"/home/travis/build/kaizhu256/node-db-lite/test.js","s":{"1":2,"2":2,"3":2,"4":2,"5":2,"6":2,"7":2,"8":2,"9":0,"10":0,"11":0,"12":0,"13":0,"14":0,"15":0,"16":0,"17":0,"18":2,"19":2,"20":2,"21":2,"22":2,"23":0,"24":0,"25":0,"26":0,"27":0,"28":2,"29":0,"30":2,"31":0,"32":2,"33":0,"34":2,"35":0,"36":0,"37":0,"38":0,"39":0,"40":2,"41":1,"42":1,"43":1,"44":1,"45":1,"46":1,"47":1,"48":1,"49":1,"50":1,"51":1,"52":1,"53":1,"54":1,"55":1,"56":1,"57":1,"58":1,"59":1,"60":1,"61":1,"62":1,"63":1,"64":1,"65":1,"66":1,"67":1,"68":2,"69":2,"70":2,"71":2,"72":2,"73":2,"74":2,"75":2,"76":2,"77":2,"78":2,"79":2,"80":2,"81":2,"82":2,"83":2,"84":2,"85":2,"86":2,"87":2,"88":2,"89":30,"90":2,"91":30,"92":2,"93":2,"94":2,"95":60,"96":2,"97":2,"98":2,"99":2,"100":2,"101":2,"102":2,"103":2,"104":2,"105":2,"106":2,"107":14,"108":2,"109":2,"110":2,"111":4,"112":2,"113":2,"114":2,"115":2,"116":2,"117":2,"118":2,"119":14,"120":2,"121":2,"122":14,"123":2,"124":2,"125":46,"126":2,"127":2,"128":2,"129":2,"130":2,"131":2,"132":2,"133":2,"134":8,"135":2,"136":2,"137":2,"138":8,"139":2,"140":2,"141":2,"142":4,"143":2,"144":2,"145":2,"146":2,"147":2,"148":2,"149":2,"150":10,"151":2,"152":2,"153":2,"154":4,"155":2,"156":2,"157":2,"158":4,"159":2,"160":2,"161":2,"162":4,"163":2,"164":2,"165":2,"166":2,"167":2,"168":2,"169":6,"170":2,"171":2,"172":2,"173":44,"174":2,"175":2,"176":2,"177":2,"178":2,"179":8,"180":2,"181":2,"182":2,"183":52,"184":2,"185":2,"186":2,"187":34,"188":2,"189":2,"190":2,"191":2,"192":2,"193":2,"194":2,"195":2,"196":2,"197":8,"198":2,"199":2,"200":2,"201":12,"202":2,"203":2,"204":2,"205":2,"206":2,"207":2,"208":6,"209":2,"210":2,"211":2,"212":2,"213":2,"214":12,"215":2,"216":2,"217":16,"218":2,"219":2,"220":30,"221":2,"222":2,"223":2,"224":2,"225":2,"226":2,"227":2,"228":2,"229":2,"230":2,"231":2,"232":2,"233":2,"234":2,"235":2,"236":2,"237":2,"238":2,"239":2,"240":2,"241":2,"242":2,"243":2,"244":2,"245":2,"246":2,"247":2,"248":2,"249":2,"250":2,"251":2,"252":2,"253":2,"254":2,"255":2,"256":2,"257":2,"258":2,"259":2,"260":2,"261":2,"262":2,"263":2,"264":2,"265":2,"266":2,"267":2,"268":2,"269":2,"270":2,"271":2,"272":2,"273":2,"274":4,"275":4,"276":4,"277":4,"278":4,"279":4,"280":4,"281":2,"282":2,"283":2,"284":2,"285":2,"286":2,"287":2,"288":2,"289":2,"290":2,"291":2,"292":2,"293":2,"294":2,"295":2,"296":2,"297":2,"298":2,"299":2,"300":2,"301":2,"302":2,"303":2,"304":2,"305":2,"306":2,"307":2,"308":2,"309":2,"310":2,"311":2,"312":2,"313":2,"314":2,"315":2,"316":2,"317":2,"318":2,"319":2,"320":2,"321":2,"322":2,"323":2,"324":2,"325":2,"326":2,"327":2,"328":2,"329":2,"330":2,"331":2,"332":2,"333":2,"334":2,"335":2,"336":2,"337":2,"338":2,"339":2,"340":2,"341":2,"342":2,"343":2,"344":2,"345":2,"346":2,"347":2,"348":2,"349":2,"350":2,"351":2,"352":2,"353":2,"354":2,"355":2,"356":2,"357":2,"358":2,"359":2,"360":2,"361":2,"362":2,"363":2,"364":2,"365":2,"366":2,"367":2,"368":2,"369":2,"370":2,"371":2,"372":2,"373":2,"374":2,"375":2,"376":2,"377":2,"378":2,"379":2,"380":2,"381":2,"382":2,"383":2,"384":2,"385":2,"386":2,"387":2,"388":2,"389":2,"390":2,"391":2,"392":2,"393":2,"394":2,"395":2,"396":2,"397":2,"398":2,"399":2,"400":2,"401":2,"402":2,"403":2,"404":2,"405":2,"406":2,"407":2,"408":2,"409":2,"410":2,"411":2,"412":2,"413":2,"414":2,"415":2,"416":2,"417":2,"418":2,"419":2,"420":2,"421":2,"422":2,"423":2,"424":2,"425":2,"426":2,"427":2,"428":2,"429":2,"430":2,"431":2,"432":2,"433":2,"434":2,"435":2,"436":2,"437":2,"438":2,"439":2,"440":2,"441":2,"442":2,"443":2,"444":2,"445":2,"446":2,"447":2,"448":2,"449":2,"450":2,"451":2,"452":2,"453":2,"454":2,"455":2,"456":2,"457":2,"458":2,"459":2,"460":2,"461":2,"462":2,"463":2,"464":2,"465":2,"466":2,"467":2,"468":2,"469":2,"470":2,"471":2,"472":2,"473":2,"474":2,"475":2,"476":2,"477":2,"478":2,"479":2,"480":2,"481":2,"482":2,"483":2,"484":1,"485":1,"486":1,"487":1,"488":1,"489":1,"490":1,"491":0,"492":0,"493":0,"494":0,"495":0,"496":0,"497":1,"498":4,"499":8,"500":16,"501":16,"502":16,"503":1,"504":2,"505":2,"506":2,"507":2,"508":2,"509":2,"510":2,"511":2,"512":36,"513":108,"514":108,"515":2,"516":2,"517":2,"518":2,"519":2,"520":2,"521":2,"522":2,"523":2,"524":2,"525":2,"526":2,"527":2,"528":2,"529":2,"530":2,"531":2,"532":2,"533":2,"534":2,"535":2},"b":{"1":[0,2],"2":[2,1,1,1,1],"3":[0,0],"4":[0,0],"5":[0,0,0],"6":[0,0],"7":[0,0],"8":[0,0],"9":[0,0],"10":[0,0],"11":[0,0,0],"12":[0,0],"13":[1,1],"14":[2,1],"15":[1,1],"16":[16,8]},"f":{"1":2,"2":2,"3":0,"4":0,"5":0,"6":0,"7":0,"8":0,"9":0,"10":2,"11":2,"12":2,"13":2,"14":2,"15":2,"16":2,"17":2,"18":30,"19":30,"20":60,"21":2,"22":14,"23":4,"24":2,"25":14,"26":14,"27":46,"28":8,"29":8,"30":4,"31":2,"32":10,"33":4,"34":4,"35":4,"36":6,"37":44,"38":8,"39":52,"40":34,"41":8,"42":12,"43":6,"44":12,"45":16,"46":30,"47":2,"48":4,"49":2,"50":2,"51":2,"52":2,"53":2,"54":2,"55":0,"56":0,"57":0,"58":0,"59":0,"60":1,"61":4,"62":8,"63":16,"64":2,"65":36,"66":108,"67":2},"fnMap":{"1":{"name":"(anonymous_1)","line":4,"loc":{"start":{"line":4,"column":1},"end":{"line":4,"column":23}},"skip":true},"2":{"name":"(anonymous_2)","line":9,"loc":{"start":{"line":9,"column":5},"end":{"line":9,"column":17}},"skip":true},"3":{"name":"(anonymous_3)","line":18,"loc":{"start":{"line":18,"column":41},"end":{"line":18,"column":53}},"skip":true},"4":{"name":"(anonymous_4)","line":47,"loc":{"start":{"line":47,"column":24},"end":{"line":47,"column":51}},"skip":true},"5":{"name":"(anonymous_5)","line":73,"loc":{"start":{"line":73,"column":26},"end":{"line":73,"column":41}},"skip":true},"6":{"name":"(anonymous_6)","line":81,"loc":{"start":{"line":81,"column":21},"end":{"line":81,"column":38}},"skip":true},"7":{"name":"(anonymous_7)","line":87,"loc":{"start":{"line":87,"column":16},"end":{"line":87,"column":28}},"skip":true},"8":{"name":"(anonymous_8)","line":93,"loc":{"start":{"line":93,"column":32},"end":{"line":93,"column":58}},"skip":true},"9":{"name":"(anonymous_9)","line":100,"loc":{"start":{"line":100,"column":42},"end":{"line":100,"column":57}},"skip":true},"10":{"name":"(anonymous_10)","line":145,"loc":{"start":{"line":145,"column":1},"end":{"line":145,"column":18}}},"11":{"name":"(anonymous_11)","line":151,"loc":{"start":{"line":151,"column":1},"end":{"line":151,"column":13}}},"12":{"name":"(anonymous_12)","line":164,"loc":{"start":{"line":164,"column":1},"end":{"line":164,"column":13}}},"13":{"name":"(anonymous_13)","line":165,"loc":{"start":{"line":165,"column":28},"end":{"line":165,"column":52}}},"14":{"name":"(anonymous_14)","line":172,"loc":{"start":{"line":172,"column":29},"end":{"line":172,"column":44}}},"15":{"name":"(anonymous_15)","line":177,"loc":{"start":{"line":177,"column":7},"end":{"line":177,"column":26}}},"16":{"name":"(anonymous_16)","line":178,"loc":{"start":{"line":178,"column":21},"end":{"line":178,"column":36}}},"17":{"name":"(anonymous_17)","line":186,"loc":{"start":{"line":186,"column":44},"end":{"line":186,"column":68}}},"18":{"name":"(anonymous_18)","line":224,"loc":{"start":{"line":224,"column":18},"end":{"line":224,"column":37}}},"19":{"name":"(anonymous_19)","line":229,"loc":{"start":{"line":229,"column":44},"end":{"line":229,"column":61}}},"20":{"name":"(anonymous_20)","line":270,"loc":{"start":{"line":270,"column":14},"end":{"line":270,"column":37}}},"21":{"name":"(anonymous_21)","line":313,"loc":{"start":{"line":313,"column":11},"end":{"line":313,"column":28}}},"22":{"name":"(anonymous_22)","line":330,"loc":{"start":{"line":330,"column":11},"end":{"line":330,"column":28}}},"23":{"name":"(anonymous_23)","line":350,"loc":{"start":{"line":350,"column":11},"end":{"line":350,"column":28}}},"24":{"name":"(anonymous_24)","line":367,"loc":{"start":{"line":367,"column":11},"end":{"line":367,"column":28}}},"25":{"name":"(anonymous_25)","line":386,"loc":{"start":{"line":386,"column":11},"end":{"line":386,"column":28}}},"26":{"name":"(anonymous_26)","line":402,"loc":{"start":{"line":402,"column":11},"end":{"line":402,"column":28}}},"27":{"name":"(anonymous_27)","line":418,"loc":{"start":{"line":418,"column":11},"end":{"line":418,"column":28}}},"28":{"name":"(anonymous_28)","line":470,"loc":{"start":{"line":470,"column":11},"end":{"line":470,"column":28}}},"29":{"name":"(anonymous_29)","line":491,"loc":{"start":{"line":491,"column":11},"end":{"line":491,"column":28}}},"30":{"name":"(anonymous_30)","line":514,"loc":{"start":{"line":514,"column":11},"end":{"line":514,"column":28}}},"31":{"name":"(anonymous_31)","line":537,"loc":{"start":{"line":537,"column":11},"end":{"line":537,"column":28}}},"32":{"name":"(anonymous_32)","line":558,"loc":{"start":{"line":558,"column":11},"end":{"line":558,"column":28}}},"33":{"name":"(anonymous_33)","line":591,"loc":{"start":{"line":591,"column":11},"end":{"line":591,"column":28}}},"34":{"name":"(anonymous_34)","line":614,"loc":{"start":{"line":614,"column":11},"end":{"line":614,"column":28}}},"35":{"name":"(anonymous_35)","line":635,"loc":{"start":{"line":635,"column":11},"end":{"line":635,"column":28}}},"36":{"name":"(anonymous_36)","line":669,"loc":{"start":{"line":669,"column":11},"end":{"line":669,"column":28}}},"37":{"name":"(anonymous_37)","line":690,"loc":{"start":{"line":690,"column":11},"end":{"line":690,"column":28}}},"38":{"name":"(anonymous_38)","line":721,"loc":{"start":{"line":721,"column":11},"end":{"line":721,"column":28}}},"39":{"name":"(anonymous_39)","line":742,"loc":{"start":{"line":742,"column":11},"end":{"line":742,"column":28}}},"40":{"name":"(anonymous_40)","line":777,"loc":{"start":{"line":777,"column":11},"end":{"line":777,"column":28}}},"41":{"name":"(anonymous_41)","line":849,"loc":{"start":{"line":849,"column":11},"end":{"line":849,"column":28}}},"42":{"name":"(anonymous_42)","line":870,"loc":{"start":{"line":870,"column":11},"end":{"line":870,"column":28}}},"43":{"name":"(anonymous_43)","line":904,"loc":{"start":{"line":904,"column":11},"end":{"line":904,"column":28}}},"44":{"name":"(anonymous_44)","line":935,"loc":{"start":{"line":935,"column":11},"end":{"line":935,"column":28}}},"45":{"name":"(anonymous_45)","line":951,"loc":{"start":{"line":951,"column":11},"end":{"line":951,"column":28}}},"46":{"name":"(anonymous_46)","line":967,"loc":{"start":{"line":967,"column":11},"end":{"line":967,"column":28}}},"47":{"name":"(anonymous_47)","line":1004,"loc":{"start":{"line":1004,"column":38},"end":{"line":1004,"column":62}}},"48":{"name":"(anonymous_48)","line":1104,"loc":{"start":{"line":1104,"column":14},"end":{"line":1104,"column":35}}},"49":{"name":"(anonymous_49)","line":1133,"loc":{"start":{"line":1133,"column":37},"end":{"line":1133,"column":61}}},"50":{"name":"(anonymous_50)","line":1310,"loc":{"start":{"line":1310,"column":40},"end":{"line":1310,"column":64}}},"51":{"name":"(anonymous_51)","line":1493,"loc":{"start":{"line":1493,"column":37},"end":{"line":1493,"column":61}}},"52":{"name":"(anonymous_52)","line":1568,"loc":{"start":{"line":1568,"column":21},"end":{"line":1568,"column":36}}},"53":{"name":"(anonymous_53)","line":1576,"loc":{"start":{"line":1576,"column":35},"end":{"line":1576,"column":59}}},"54":{"name":"(anonymous_54)","line":1597,"loc":{"start":{"line":1597,"column":38},"end":{"line":1597,"column":62}}},"55":{"name":"(anonymous_55)","line":1612,"loc":{"start":{"line":1612,"column":31},"end":{"line":1612,"column":43}}},"56":{"name":"(anonymous_56)","line":1618,"loc":{"start":{"line":1618,"column":24},"end":{"line":1618,"column":43}}},"57":{"name":"(anonymous_57)","line":1626,"loc":{"start":{"line":1626,"column":28},"end":{"line":1626,"column":40}}},"58":{"name":"(anonymous_58)","line":1627,"loc":{"start":{"line":1627,"column":44},"end":{"line":1627,"column":62}}},"59":{"name":"(anonymous_59)","line":1632,"loc":{"start":{"line":1632,"column":28},"end":{"line":1632,"column":43}}},"60":{"name":"(anonymous_60)","line":1641,"loc":{"start":{"line":1641,"column":7},"end":{"line":1641,"column":26}}},"61":{"name":"(anonymous_61)","line":1647,"loc":{"start":{"line":1647,"column":18},"end":{"line":1647,"column":32}}},"62":{"name":"(anonymous_62)","line":1650,"loc":{"start":{"line":1650,"column":22},"end":{"line":1650,"column":38}}},"63":{"name":"(anonymous_63)","line":1653,"loc":{"start":{"line":1653,"column":26},"end":{"line":1653,"column":40}}},"64":{"name":"(anonymous_64)","line":1674,"loc":{"start":{"line":1674,"column":37},"end":{"line":1674,"column":61}}},"65":{"name":"(anonymous_65)","line":1703,"loc":{"start":{"line":1703,"column":21},"end":{"line":1703,"column":35}}},"66":{"name":"(anonymous_66)","line":1704,"loc":{"start":{"line":1704,"column":37},"end":{"line":1704,"column":51}}},"67":{"name":"(anonymous_67)","line":1712,"loc":{"start":{"line":1712,"column":33},"end":{"line":1712,"column":57}}}},"statementMap":{"1":{"start":{"line":4,"column":0},"end":{"line":141,"column":9},"skip":true},"2":{"start":{"line":6,"column":4},"end":{"line":6,"column":21},"skip":true},"3":{"start":{"line":7,"column":4},"end":{"line":7,"column":14},"skip":true},"4":{"start":{"line":9,"column":4},"end":{"line":13,"column":9},"skip":true},"5":{"start":{"line":10,"column":8},"end":{"line":12,"column":27},"skip":true},"6":{"start":{"line":11,"column":12},"end":{"line":11,"column":51},"skip":true},"7":{"start":{"line":14,"column":4},"end":{"line":14,"column":39},"skip":true},"8":{"start":{"line":16,"column":4},"end":{"line":33,"column":5},"skip":true},"9":{"start":{"line":17,"column":8},"end":{"line":17,"column":37},"skip":true},"10":{"start":{"line":18,"column":8},"end":{"line":32,"column":10},"skip":true},"11":{"start":{"line":23,"column":12},"end":{"line":23,"column":24},"skip":true},"12":{"start":{"line":24,"column":12},"end":{"line":24,"column":44},"skip":true},"13":{"start":{"line":26,"column":12},"end":{"line":26,"column":62},"skip":true},"14":{"start":{"line":27,"column":12},"end":{"line":27,"column":49},"skip":true},"15":{"start":{"line":28,"column":12},"end":{"line":28,"column":49},"skip":true},"16":{"start":{"line":29,"column":12},"end":{"line":29,"column":31},"skip":true},"17":{"start":{"line":31,"column":12},"end":{"line":31,"column":30},"skip":true},"18":{"start":{"line":35,"column":4},"end":{"line":35,"column":15},"skip":true},"19":{"start":{"line":36,"column":4},"end":{"line":36,"column":24},"skip":true},"20":{"start":{"line":37,"column":4},"end":{"line":37,"column":35},"skip":true},"21":{"start":{"line":39,"column":4},"end":{"line":45,"column":6},"skip":true},"22":{"start":{"line":47,"column":4},"end":{"line":72,"column":6},"skip":true},"23":{"start":{"line":51,"column":8},"end":{"line":51,"column":16},"skip":true},"24":{"start":{"line":52,"column":8},"end":{"line":54,"column":9},"skip":true},"25":{"start":{"line":53,"column":12},"end":{"line":53,"column":19},"skip":true},"26":{"start":{"line":55,"column":8},"end":{"line":70,"column":10},"skip":true},"27":{"start":{"line":71,"column":8},"end":{"line":71,"column":18},"skip":true},"28":{"start":{"line":73,"column":4},"end":{"line":80,"column":6},"skip":true},"29":{"start":{"line":79,"column":8},"end":{"line":79,"column":32},"skip":true},"30":{"start":{"line":81,"column":4},"end":{"line":86,"column":6},"skip":true},"31":{"start":{"line":85,"column":8},"end":{"line":85,"column":21},"skip":true},"32":{"start":{"line":87,"column":4},"end":{"line":92,"column":6},"skip":true},"33":{"start":{"line":91,"column":8},"end":{"line":91,"column":15},"skip":true},"34":{"start":{"line":93,"column":4},"end":{"line":110,"column":6},"skip":true},"35":{"start":{"line":99,"column":8},"end":{"line":99,"column":30},"skip":true},"36":{"start":{"line":100,"column":8},"end":{"line":108,"column":11},"skip":true},"37":{"start":{"line":101,"column":12},"end":{"line":107,"column":13},"skip":true},"38":{"start":{"line":106,"column":16},"end":{"line":106,"column":57},"skip":true},"39":{"start":{"line":109,"column":8},"end":{"line":109,"column":22},"skip":true},"40":{"start":{"line":112,"column":4},"end":{"line":140,"column":5},"skip":true},"41":{"start":{"line":113,"column":8},"end":{"line":113,"column":41},"skip":true},"42":{"start":{"line":114,"column":8},"end":{"line":114,"column":41},"skip":true},"43":{"start":{"line":115,"column":8},"end":{"line":115,"column":55},"skip":true},"44":{"start":{"line":116,"column":8},"end":{"line":116,"column":43},"skip":true},"45":{"start":{"line":117,"column":8},"end":{"line":117,"column":41},"skip":true},"46":{"start":{"line":118,"column":8},"end":{"line":118,"column":39},"skip":true},"47":{"start":{"line":119,"column":8},"end":{"line":119,"column":35},"skip":true},"48":{"start":{"line":120,"column":8},"end":{"line":120,"column":41},"skip":true},"49":{"start":{"line":121,"column":8},"end":{"line":121,"column":41},"skip":true},"50":{"start":{"line":122,"column":8},"end":{"line":122,"column":33},"skip":true},"51":{"start":{"line":123,"column":8},"end":{"line":123,"column":37},"skip":true},"52":{"start":{"line":124,"column":8},"end":{"line":124,"column":39},"skip":true},"53":{"start":{"line":125,"column":8},"end":{"line":125,"column":35},"skip":true},"54":{"start":{"line":126,"column":8},"end":{"line":126,"column":33},"skip":true},"55":{"start":{"line":127,"column":8},"end":{"line":127,"column":37},"skip":true},"56":{"start":{"line":128,"column":8},"end":{"line":128,"column":51},"skip":true},"57":{"start":{"line":129,"column":8},"end":{"line":129,"column":45},"skip":true},"58":{"start":{"line":130,"column":8},"end":{"line":130,"column":37},"skip":true},"59":{"start":{"line":131,"column":8},"end":{"line":131,"column":41},"skip":true},"60":{"start":{"line":132,"column":8},"end":{"line":132,"column":57},"skip":true},"61":{"start":{"line":133,"column":8},"end":{"line":133,"column":41},"skip":true},"62":{"start":{"line":134,"column":8},"end":{"line":134,"column":35},"skip":true},"63":{"start":{"line":135,"column":8},"end":{"line":135,"column":35},"skip":true},"64":{"start":{"line":136,"column":8},"end":{"line":136,"column":35},"skip":true},"65":{"start":{"line":137,"column":8},"end":{"line":137,"column":37},"skip":true},"66":{"start":{"line":138,"column":8},"end":{"line":138,"column":33},"skip":true},"67":{"start":{"line":139,"column":8},"end":{"line":139,"column":37},"skip":true},"68":{"start":{"line":145,"column":0},"end":{"line":1749,"column":5}},"69":{"start":{"line":151,"column":0},"end":{"line":159,"column":5}},"70":{"start":{"line":153,"column":0},"end":{"line":155,"column":18}},"71":{"start":{"line":156,"column":0},"end":{"line":156,"column":25}},"72":{"start":{"line":158,"column":0},"end":{"line":158,"column":28}},"73":{"start":{"line":164,"column":0},"end":{"line":1748,"column":5}},"74":{"start":{"line":165,"column":0},"end":{"line":184,"column":2}},"75":{"start":{"line":169,"column":4},"end":{"line":183,"column":16}},"76":{"start":{"line":173,"column":20},"end":{"line":173,"column":42}},"77":{"start":{"line":178,"column":8},"end":{"line":181,"column":11}},"78":{"start":{"line":180,"column":12},"end":{"line":180,"column":40}},"79":{"start":{"line":182,"column":8},"end":{"line":182,"column":27}},"80":{"start":{"line":186,"column":0},"end":{"line":1002,"column":2}},"81":{"start":{"line":190,"column":4},"end":{"line":190,"column":13}},"82":{"start":{"line":192,"column":4},"end":{"line":194,"column":7}},"83":{"start":{"line":196,"column":4},"end":{"line":196,"column":57}},"84":{"start":{"line":198,"column":4},"end":{"line":200,"column":8}},"85":{"start":{"line":202,"column":4},"end":{"line":205,"column":7}},"86":{"start":{"line":206,"column":4},"end":{"line":206,"column":46}},"87":{"start":{"line":207,"column":4},"end":{"line":207,"column":40}},"88":{"start":{"line":208,"column":4},"end":{"line":228,"column":7}},"89":{"start":{"line":225,"column":8},"end":{"line":227,"column":10}},"90":{"start":{"line":229,"column":4},"end":{"line":233,"column":8}},"91":{"start":{"line":230,"column":8},"end":{"line":232,"column":10}},"92":{"start":{"line":235,"column":4},"end":{"line":235,"column":53}},"93":{"start":{"line":237,"column":4},"end":{"line":237,"column":58}},"94":{"start":{"line":239,"column":4},"end":{"line":272,"column":7}},"95":{"start":{"line":271,"column":8},"end":{"line":271,"column":60}},"96":{"start":{"line":274,"column":4},"end":{"line":285,"column":7}},"97":{"start":{"line":286,"column":4},"end":{"line":286,"column":46}},"98":{"start":{"line":287,"column":4},"end":{"line":287,"column":40}},"99":{"start":{"line":289,"column":4},"end":{"line":300,"column":7}},"100":{"start":{"line":301,"column":4},"end":{"line":301,"column":46}},"101":{"start":{"line":302,"column":4},"end":{"line":302,"column":40}},"102":{"start":{"line":304,"column":4},"end":{"line":315,"column":7}},"103":{"start":{"line":314,"column":8},"end":{"line":314,"column":28}},"104":{"start":{"line":316,"column":4},"end":{"line":316,"column":46}},"105":{"start":{"line":317,"column":4},"end":{"line":319,"column":7}},"106":{"start":{"line":321,"column":4},"end":{"line":332,"column":7}},"107":{"start":{"line":331,"column":8},"end":{"line":331,"column":28}},"108":{"start":{"line":333,"column":4},"end":{"line":333,"column":46}},"109":{"start":{"line":334,"column":4},"end":{"line":339,"column":6}},"110":{"start":{"line":341,"column":4},"end":{"line":352,"column":7}},"111":{"start":{"line":351,"column":8},"end":{"line":351,"column":28}},"112":{"start":{"line":353,"column":4},"end":{"line":353,"column":46}},"113":{"start":{"line":354,"column":4},"end":{"line":356,"column":7}},"114":{"start":{"line":358,"column":4},"end":{"line":369,"column":7}},"115":{"start":{"line":368,"column":8},"end":{"line":368,"column":28}},"116":{"start":{"line":370,"column":4},"end":{"line":370,"column":46}},"117":{"start":{"line":371,"column":4},"end":{"line":373,"column":7}},"118":{"start":{"line":375,"column":4},"end":{"line":388,"column":7}},"119":{"start":{"line":387,"column":8},"end":{"line":387,"column":28}},"120":{"start":{"line":389,"column":4},"end":{"line":389,"column":46}},"121":{"start":{"line":391,"column":4},"end":{"line":404,"column":7}},"122":{"start":{"line":403,"column":8},"end":{"line":403,"column":28}},"123":{"start":{"line":405,"column":4},"end":{"line":405,"column":46}},"124":{"start":{"line":407,"column":4},"end":{"line":420,"column":7}},"125":{"start":{"line":419,"column":8},"end":{"line":419,"column":28}},"126":{"start":{"line":421,"column":4},"end":{"line":421,"column":47}},"127":{"start":{"line":424,"column":4},"end":{"line":436,"column":7}},"128":{"start":{"line":437,"column":4},"end":{"line":437,"column":46}},"129":{"start":{"line":438,"column":4},"end":{"line":438,"column":40}},"130":{"start":{"line":441,"column":4},"end":{"line":453,"column":7}},"131":{"start":{"line":454,"column":4},"end":{"line":454,"column":46}},"132":{"start":{"line":455,"column":4},"end":{"line":455,"column":40}},"133":{"start":{"line":458,"column":4},"end":{"line":472,"column":7}},"134":{"start":{"line":471,"column":8},"end":{"line":471,"column":28}},"135":{"start":{"line":473,"column":4},"end":{"line":473,"column":46}},"136":{"start":{"line":474,"column":4},"end":{"line":476,"column":7}},"137":{"start":{"line":479,"column":4},"end":{"line":493,"column":7}},"138":{"start":{"line":492,"column":8},"end":{"line":492,"column":28}},"139":{"start":{"line":494,"column":4},"end":{"line":494,"column":46}},"140":{"start":{"line":495,"column":4},"end":{"line":497,"column":7}},"141":{"start":{"line":501,"column":4},"end":{"line":516,"column":7}},"142":{"start":{"line":515,"column":8},"end":{"line":515,"column":28}},"143":{"start":{"line":517,"column":4},"end":{"line":517,"column":46}},"144":{"start":{"line":518,"column":4},"end":{"line":520,"column":7}},"145":{"start":{"line":524,"column":4},"end":{"line":539,"column":7}},"146":{"start":{"line":538,"column":8},"end":{"line":538,"column":28}},"147":{"start":{"line":540,"column":4},"end":{"line":540,"column":46}},"148":{"start":{"line":541,"column":4},"end":{"line":541,"column":53}},"149":{"start":{"line":545,"column":4},"end":{"line":560,"column":7}},"150":{"start":{"line":559,"column":8},"end":{"line":559,"column":28}},"151":{"start":{"line":561,"column":4},"end":{"line":561,"column":46}},"152":{"start":{"line":562,"column":4},"end":{"line":564,"column":7}},"153":{"start":{"line":572,"column":4},"end":{"line":593,"column":7}},"154":{"start":{"line":592,"column":8},"end":{"line":592,"column":28}},"155":{"start":{"line":594,"column":4},"end":{"line":594,"column":46}},"156":{"start":{"line":595,"column":4},"end":{"line":597,"column":7}},"157":{"start":{"line":601,"column":4},"end":{"line":616,"column":7}},"158":{"start":{"line":615,"column":8},"end":{"line":615,"column":28}},"159":{"start":{"line":617,"column":4},"end":{"line":617,"column":46}},"160":{"start":{"line":618,"column":4},"end":{"line":620,"column":7}},"161":{"start":{"line":622,"column":4},"end":{"line":637,"column":7}},"162":{"start":{"line":636,"column":8},"end":{"line":636,"column":28}},"163":{"start":{"line":638,"column":4},"end":{"line":638,"column":46}},"164":{"start":{"line":639,"column":4},"end":{"line":641,"column":7}},"165":{"start":{"line":643,"column":4},"end":{"line":654,"column":7}},"166":{"start":{"line":655,"column":4},"end":{"line":655,"column":46}},"167":{"start":{"line":656,"column":4},"end":{"line":656,"column":40}},"168":{"start":{"line":658,"column":4},"end":{"line":671,"column":7}},"169":{"start":{"line":670,"column":8},"end":{"line":670,"column":28}},"170":{"start":{"line":672,"column":4},"end":{"line":672,"column":46}},"171":{"start":{"line":673,"column":4},"end":{"line":675,"column":7}},"172":{"start":{"line":677,"column":4},"end":{"line":692,"column":7}},"173":{"start":{"line":691,"column":8},"end":{"line":691,"column":28}},"174":{"start":{"line":693,"column":4},"end":{"line":693,"column":47}},"175":{"start":{"line":695,"column":4},"end":{"line":706,"column":7}},"176":{"start":{"line":707,"column":4},"end":{"line":707,"column":46}},"177":{"start":{"line":708,"column":4},"end":{"line":708,"column":40}},"178":{"start":{"line":710,"column":4},"end":{"line":723,"column":7}},"179":{"start":{"line":722,"column":8},"end":{"line":722,"column":28}},"180":{"start":{"line":724,"column":4},"end":{"line":724,"column":46}},"181":{"start":{"line":725,"column":4},"end":{"line":727,"column":7}},"182":{"start":{"line":729,"column":4},"end":{"line":744,"column":7}},"183":{"start":{"line":743,"column":8},"end":{"line":743,"column":28}},"184":{"start":{"line":745,"column":4},"end":{"line":745,"column":47}},"185":{"start":{"line":746,"column":4},"end":{"line":762,"column":7}},"186":{"start":{"line":764,"column":4},"end":{"line":779,"column":7}},"187":{"start":{"line":778,"column":8},"end":{"line":778,"column":28}},"188":{"start":{"line":780,"column":4},"end":{"line":780,"column":47}},"189":{"start":{"line":781,"column":4},"end":{"line":798,"column":7}},"190":{"start":{"line":800,"column":4},"end":{"line":809,"column":7}},"191":{"start":{"line":810,"column":4},"end":{"line":810,"column":46}},"192":{"start":{"line":811,"column":4},"end":{"line":811,"column":40}},"193":{"start":{"line":813,"column":4},"end":{"line":822,"column":7}},"194":{"start":{"line":823,"column":4},"end":{"line":823,"column":46}},"195":{"start":{"line":824,"column":4},"end":{"line":824,"column":40}},"196":{"start":{"line":826,"column":4},"end":{"line":851,"column":7}},"197":{"start":{"line":850,"column":8},"end":{"line":850,"column":28}},"198":{"start":{"line":852,"column":4},"end":{"line":852,"column":46}},"199":{"start":{"line":853,"column":4},"end":{"line":855,"column":7}},"200":{"start":{"line":857,"column":4},"end":{"line":872,"column":7}},"201":{"start":{"line":871,"column":8},"end":{"line":871,"column":28}},"202":{"start":{"line":873,"column":4},"end":{"line":873,"column":46}},"203":{"start":{"line":874,"column":4},"end":{"line":876,"column":7}},"204":{"start":{"line":878,"column":4},"end":{"line":889,"column":7}},"205":{"start":{"line":890,"column":4},"end":{"line":890,"column":46}},"206":{"start":{"line":891,"column":4},"end":{"line":891,"column":40}},"207":{"start":{"line":893,"column":4},"end":{"line":906,"column":7}},"208":{"start":{"line":905,"column":8},"end":{"line":905,"column":28}},"209":{"start":{"line":907,"column":4},"end":{"line":907,"column":46}},"210":{"start":{"line":909,"column":4},"end":{"line":920,"column":7}},"211":{"start":{"line":921,"column":4},"end":{"line":921,"column":46}},"212":{"start":{"line":922,"column":4},"end":{"line":922,"column":40}},"213":{"start":{"line":924,"column":4},"end":{"line":937,"column":7}},"214":{"start":{"line":936,"column":8},"end":{"line":936,"column":28}},"215":{"start":{"line":938,"column":4},"end":{"line":938,"column":46}},"216":{"start":{"line":940,"column":4},"end":{"line":953,"column":7}},"217":{"start":{"line":952,"column":8},"end":{"line":952,"column":28}},"218":{"start":{"line":954,"column":4},"end":{"line":954,"column":46}},"219":{"start":{"line":956,"column":4},"end":{"line":969,"column":7}},"220":{"start":{"line":968,"column":8},"end":{"line":968,"column":28}},"221":{"start":{"line":970,"column":4},"end":{"line":970,"column":47}},"222":{"start":{"line":972,"column":4},"end":{"line":983,"column":7}},"223":{"start":{"line":984,"column":4},"end":{"line":984,"column":46}},"224":{"start":{"line":985,"column":4},"end":{"line":985,"column":40}},"225":{"start":{"line":987,"column":4},"end":{"line":998,"column":7}},"226":{"start":{"line":999,"column":4},"end":{"line":999,"column":46}},"227":{"start":{"line":1000,"column":4},"end":{"line":1000,"column":40}},"228":{"start":{"line":1001,"column":4},"end":{"line":1001,"column":14}},"229":{"start":{"line":1004,"column":0},"end":{"line":1131,"column":2}},"230":{"start":{"line":1008,"column":4},"end":{"line":1008,"column":13}},"231":{"start":{"line":1010,"column":4},"end":{"line":1010,"column":30}},"232":{"start":{"line":1012,"column":4},"end":{"line":1014,"column":29}},"233":{"start":{"line":1016,"column":4},"end":{"line":1018,"column":7}},"234":{"start":{"line":1020,"column":4},"end":{"line":1020,"column":32}},"235":{"start":{"line":1022,"column":4},"end":{"line":1022,"column":32}},"236":{"start":{"line":1024,"column":4},"end":{"line":1024,"column":23}},"237":{"start":{"line":1026,"column":4},"end":{"line":1028,"column":7}},"238":{"start":{"line":1030,"column":4},"end":{"line":1032,"column":7}},"239":{"start":{"line":1034,"column":4},"end":{"line":1034,"column":57}},"240":{"start":{"line":1036,"column":4},"end":{"line":1036,"column":50}},"241":{"start":{"line":1038,"column":4},"end":{"line":1038,"column":57}},"242":{"start":{"line":1040,"column":4},"end":{"line":1040,"column":39}},"243":{"start":{"line":1042,"column":4},"end":{"line":1042,"column":45}},"244":{"start":{"line":1044,"column":4},"end":{"line":1044,"column":57}},"245":{"start":{"line":1046,"column":4},"end":{"line":1046,"column":40}},"246":{"start":{"line":1048,"column":4},"end":{"line":1048,"column":48}},"247":{"start":{"line":1050,"column":4},"end":{"line":1050,"column":57}},"248":{"start":{"line":1052,"column":4},"end":{"line":1052,"column":40}},"249":{"start":{"line":1054,"column":4},"end":{"line":1054,"column":44}},"250":{"start":{"line":1056,"column":4},"end":{"line":1056,"column":57}},"251":{"start":{"line":1058,"column":4},"end":{"line":1058,"column":42}},"252":{"start":{"line":1060,"column":4},"end":{"line":1060,"column":48}},"253":{"start":{"line":1062,"column":4},"end":{"line":1062,"column":57}},"254":{"start":{"line":1064,"column":4},"end":{"line":1064,"column":42}},"255":{"start":{"line":1066,"column":4},"end":{"line":1066,"column":47}},"256":{"start":{"line":1068,"column":4},"end":{"line":1068,"column":57}},"257":{"start":{"line":1070,"column":4},"end":{"line":1070,"column":42}},"258":{"start":{"line":1072,"column":4},"end":{"line":1072,"column":48}},"259":{"start":{"line":1074,"column":4},"end":{"line":1074,"column":57}},"260":{"start":{"line":1076,"column":4},"end":{"line":1076,"column":40}},"261":{"start":{"line":1078,"column":4},"end":{"line":1078,"column":51}},"262":{"start":{"line":1080,"column":4},"end":{"line":1080,"column":57}},"263":{"start":{"line":1082,"column":4},"end":{"line":1082,"column":40}},"264":{"start":{"line":1084,"column":4},"end":{"line":1084,"column":47}},"265":{"start":{"line":1086,"column":4},"end":{"line":1086,"column":57}},"266":{"start":{"line":1088,"column":4},"end":{"line":1088,"column":42}},"267":{"start":{"line":1090,"column":4},"end":{"line":1090,"column":48}},"268":{"start":{"line":1092,"column":4},"end":{"line":1092,"column":57}},"269":{"start":{"line":1094,"column":4},"end":{"line":1094,"column":40}},"270":{"start":{"line":1096,"column":4},"end":{"line":1096,"column":51}},"271":{"start":{"line":1098,"column":4},"end":{"line":1098,"column":57}},"272":{"start":{"line":1100,"column":4},"end":{"line":1100,"column":40}},"273":{"start":{"line":1102,"column":4},"end":{"line":1117,"column":7}},"274":{"start":{"line":1105,"column":8},"end":{"line":1105,"column":44}},"275":{"start":{"line":1107,"column":8},"end":{"line":1107,"column":61}},"276":{"start":{"line":1108,"column":8},"end":{"line":1108,"column":31}},"277":{"start":{"line":1110,"column":8},"end":{"line":1110,"column":76}},"278":{"start":{"line":1112,"column":8},"end":{"line":1112,"column":54}},"279":{"start":{"line":1114,"column":8},"end":{"line":1114,"column":61}},"280":{"start":{"line":1116,"column":8},"end":{"line":1116,"column":53}},"281":{"start":{"line":1119,"column":4},"end":{"line":1119,"column":47}},"282":{"start":{"line":1121,"column":4},"end":{"line":1121,"column":57}},"283":{"start":{"line":1123,"column":4},"end":{"line":1123,"column":42}},"284":{"start":{"line":1125,"column":4},"end":{"line":1125,"column":50}},"285":{"start":{"line":1127,"column":4},"end":{"line":1127,"column":57}},"286":{"start":{"line":1129,"column":4},"end":{"line":1129,"column":42}},"287":{"start":{"line":1130,"column":4},"end":{"line":1130,"column":14}},"288":{"start":{"line":1133,"column":0},"end":{"line":1308,"column":2}},"289":{"start":{"line":1137,"column":4},"end":{"line":1137,"column":13}},"290":{"start":{"line":1139,"column":4},"end":{"line":1149,"column":10}},"291":{"start":{"line":1151,"column":4},"end":{"line":1151,"column":57}},"292":{"start":{"line":1153,"column":4},"end":{"line":1155,"column":7}},"293":{"start":{"line":1157,"column":4},"end":{"line":1157,"column":57}},"294":{"start":{"line":1159,"column":4},"end":{"line":1159,"column":46}},"295":{"start":{"line":1161,"column":4},"end":{"line":1161,"column":56}},"296":{"start":{"line":1163,"column":4},"end":{"line":1163,"column":57}},"297":{"start":{"line":1165,"column":4},"end":{"line":1165,"column":46}},"298":{"start":{"line":1167,"column":4},"end":{"line":1173,"column":10}},"299":{"start":{"line":1175,"column":4},"end":{"line":1175,"column":57}},"300":{"start":{"line":1177,"column":4},"end":{"line":1177,"column":72}},"301":{"start":{"line":1179,"column":4},"end":{"line":1179,"column":52}},"302":{"start":{"line":1180,"column":4},"end":{"line":1180,"column":51}},"303":{"start":{"line":1181,"column":4},"end":{"line":1181,"column":46}},"304":{"start":{"line":1182,"column":4},"end":{"line":1182,"column":46}},"305":{"start":{"line":1183,"column":4},"end":{"line":1183,"column":46}},"306":{"start":{"line":1186,"column":4},"end":{"line":1188,"column":7}},"307":{"start":{"line":1189,"column":4},"end":{"line":1191,"column":7}},"308":{"start":{"line":1192,"column":4},"end":{"line":1192,"column":27}},"309":{"start":{"line":1193,"column":4},"end":{"line":1196,"column":7}},"310":{"start":{"line":1198,"column":4},"end":{"line":1202,"column":10}},"311":{"start":{"line":1204,"column":4},"end":{"line":1204,"column":57}},"312":{"start":{"line":1206,"column":4},"end":{"line":1206,"column":49}},"313":{"start":{"line":1207,"column":4},"end":{"line":1207,"column":52}},"314":{"start":{"line":1208,"column":4},"end":{"line":1208,"column":46}},"315":{"start":{"line":1209,"column":4},"end":{"line":1209,"column":46}},"316":{"start":{"line":1211,"column":4},"end":{"line":1211,"column":27}},"317":{"start":{"line":1212,"column":4},"end":{"line":1220,"column":10}},"318":{"start":{"line":1222,"column":4},"end":{"line":1222,"column":57}},"319":{"start":{"line":1224,"column":4},"end":{"line":1224,"column":80}},"320":{"start":{"line":1226,"column":4},"end":{"line":1226,"column":49}},"321":{"start":{"line":1227,"column":4},"end":{"line":1227,"column":49}},"322":{"start":{"line":1228,"column":4},"end":{"line":1228,"column":46}},"323":{"start":{"line":1229,"column":4},"end":{"line":1229,"column":54}},"324":{"start":{"line":1230,"column":4},"end":{"line":1232,"column":7}},"325":{"start":{"line":1234,"column":4},"end":{"line":1238,"column":10}},"326":{"start":{"line":1240,"column":4},"end":{"line":1240,"column":57}},"327":{"start":{"line":1242,"column":4},"end":{"line":1242,"column":72}},"328":{"start":{"line":1244,"column":4},"end":{"line":1244,"column":49}},"329":{"start":{"line":1245,"column":4},"end":{"line":1245,"column":49}},"330":{"start":{"line":1246,"column":4},"end":{"line":1246,"column":54}},"331":{"start":{"line":1247,"column":4},"end":{"line":1247,"column":54}},"332":{"start":{"line":1248,"column":4},"end":{"line":1248,"column":54}},"333":{"start":{"line":1250,"column":4},"end":{"line":1255,"column":10}},"334":{"start":{"line":1257,"column":4},"end":{"line":1257,"column":57}},"335":{"start":{"line":1259,"column":4},"end":{"line":1259,"column":80}},"336":{"start":{"line":1261,"column":4},"end":{"line":1261,"column":49}},"337":{"start":{"line":1262,"column":4},"end":{"line":1262,"column":49}},"338":{"start":{"line":1263,"column":4},"end":{"line":1263,"column":46}},"339":{"start":{"line":1264,"column":4},"end":{"line":1264,"column":54}},"340":{"start":{"line":1265,"column":4},"end":{"line":1265,"column":54}},"341":{"start":{"line":1267,"column":4},"end":{"line":1269,"column":10}},"342":{"start":{"line":1271,"column":4},"end":{"line":1271,"column":57}},"343":{"start":{"line":1273,"column":4},"end":{"line":1273,"column":49}},"344":{"start":{"line":1274,"column":4},"end":{"line":1274,"column":49}},"345":{"start":{"line":1275,"column":4},"end":{"line":1275,"column":46}},"346":{"start":{"line":1276,"column":4},"end":{"line":1276,"column":54}},"347":{"start":{"line":1277,"column":4},"end":{"line":1277,"column":54}},"348":{"start":{"line":1279,"column":4},"end":{"line":1283,"column":10}},"349":{"start":{"line":1285,"column":4},"end":{"line":1285,"column":57}},"350":{"start":{"line":1287,"column":4},"end":{"line":1287,"column":72}},"351":{"start":{"line":1289,"column":4},"end":{"line":1289,"column":52}},"352":{"start":{"line":1290,"column":4},"end":{"line":1290,"column":49}},"353":{"start":{"line":1291,"column":4},"end":{"line":1291,"column":54}},"354":{"start":{"line":1292,"column":4},"end":{"line":1292,"column":54}},"355":{"start":{"line":1293,"column":4},"end":{"line":1293,"column":54}},"356":{"start":{"line":1295,"column":4},"end":{"line":1295,"column":27}},"357":{"start":{"line":1296,"column":4},"end":{"line":1298,"column":10}},"358":{"start":{"line":1300,"column":4},"end":{"line":1300,"column":57}},"359":{"start":{"line":1302,"column":4},"end":{"line":1302,"column":49}},"360":{"start":{"line":1303,"column":4},"end":{"line":1303,"column":49}},"361":{"start":{"line":1304,"column":4},"end":{"line":1304,"column":54}},"362":{"start":{"line":1305,"column":4},"end":{"line":1305,"column":54}},"363":{"start":{"line":1306,"column":4},"end":{"line":1306,"column":54}},"364":{"start":{"line":1307,"column":4},"end":{"line":1307,"column":14}},"365":{"start":{"line":1310,"column":0},"end":{"line":1491,"column":2}},"366":{"start":{"line":1314,"column":4},"end":{"line":1314,"column":13}},"367":{"start":{"line":1316,"column":4},"end":{"line":1326,"column":10}},"368":{"start":{"line":1328,"column":4},"end":{"line":1328,"column":23}},"369":{"start":{"line":1330,"column":4},"end":{"line":1330,"column":65}},"370":{"start":{"line":1332,"column":4},"end":{"line":1334,"column":7}},"371":{"start":{"line":1336,"column":4},"end":{"line":1336,"column":65}},"372":{"start":{"line":1338,"column":4},"end":{"line":1338,"column":46}},"373":{"start":{"line":1340,"column":4},"end":{"line":1340,"column":51}},"374":{"start":{"line":1342,"column":4},"end":{"line":1342,"column":65}},"375":{"start":{"line":1344,"column":4},"end":{"line":1344,"column":46}},"376":{"start":{"line":1346,"column":4},"end":{"line":1352,"column":10}},"377":{"start":{"line":1354,"column":4},"end":{"line":1354,"column":65}},"378":{"start":{"line":1356,"column":4},"end":{"line":1356,"column":72}},"379":{"start":{"line":1358,"column":4},"end":{"line":1358,"column":52}},"380":{"start":{"line":1359,"column":4},"end":{"line":1359,"column":51}},"381":{"start":{"line":1360,"column":4},"end":{"line":1360,"column":46}},"382":{"start":{"line":1361,"column":4},"end":{"line":1361,"column":46}},"383":{"start":{"line":1362,"column":4},"end":{"line":1362,"column":46}},"384":{"start":{"line":1364,"column":4},"end":{"line":1364,"column":27}},"385":{"start":{"line":1365,"column":4},"end":{"line":1368,"column":7}},"386":{"start":{"line":1370,"column":4},"end":{"line":1374,"column":10}},"387":{"start":{"line":1376,"column":4},"end":{"line":1376,"column":65}},"388":{"start":{"line":1378,"column":4},"end":{"line":1378,"column":49}},"389":{"start":{"line":1379,"column":4},"end":{"line":1379,"column":52}},"390":{"start":{"line":1380,"column":4},"end":{"line":1380,"column":46}},"391":{"start":{"line":1381,"column":4},"end":{"line":1381,"column":46}},"392":{"start":{"line":1383,"column":4},"end":{"line":1385,"column":7}},"393":{"start":{"line":1387,"column":4},"end":{"line":1387,"column":65}},"394":{"start":{"line":1389,"column":4},"end":{"line":1389,"column":49}},"395":{"start":{"line":1390,"column":4},"end":{"line":1390,"column":52}},"396":{"start":{"line":1391,"column":4},"end":{"line":1391,"column":46}},"397":{"start":{"line":1392,"column":4},"end":{"line":1392,"column":46}},"398":{"start":{"line":1394,"column":4},"end":{"line":1394,"column":27}},"399":{"start":{"line":1395,"column":4},"end":{"line":1403,"column":10}},"400":{"start":{"line":1405,"column":4},"end":{"line":1405,"column":65}},"401":{"start":{"line":1407,"column":4},"end":{"line":1407,"column":80}},"402":{"start":{"line":1409,"column":4},"end":{"line":1409,"column":49}},"403":{"start":{"line":1410,"column":4},"end":{"line":1410,"column":49}},"404":{"start":{"line":1411,"column":4},"end":{"line":1411,"column":46}},"405":{"start":{"line":1412,"column":4},"end":{"line":1412,"column":54}},"406":{"start":{"line":1413,"column":4},"end":{"line":1415,"column":7}},"407":{"start":{"line":1417,"column":4},"end":{"line":1421,"column":10}},"408":{"start":{"line":1423,"column":4},"end":{"line":1423,"column":65}},"409":{"start":{"line":1425,"column":4},"end":{"line":1425,"column":72}},"410":{"start":{"line":1427,"column":4},"end":{"line":1427,"column":49}},"411":{"start":{"line":1428,"column":4},"end":{"line":1428,"column":49}},"412":{"start":{"line":1429,"column":4},"end":{"line":1429,"column":54}},"413":{"start":{"line":1430,"column":4},"end":{"line":1430,"column":54}},"414":{"start":{"line":1431,"column":4},"end":{"line":1431,"column":54}},"415":{"start":{"line":1433,"column":4},"end":{"line":1438,"column":10}},"416":{"start":{"line":1440,"column":4},"end":{"line":1440,"column":65}},"417":{"start":{"line":1442,"column":4},"end":{"line":1442,"column":80}},"418":{"start":{"line":1444,"column":4},"end":{"line":1444,"column":49}},"419":{"start":{"line":1445,"column":4},"end":{"line":1445,"column":49}},"420":{"start":{"line":1446,"column":4},"end":{"line":1446,"column":46}},"421":{"start":{"line":1447,"column":4},"end":{"line":1447,"column":54}},"422":{"start":{"line":1448,"column":4},"end":{"line":1448,"column":54}},"423":{"start":{"line":1450,"column":4},"end":{"line":1452,"column":10}},"424":{"start":{"line":1454,"column":4},"end":{"line":1454,"column":65}},"425":{"start":{"line":1456,"column":4},"end":{"line":1456,"column":49}},"426":{"start":{"line":1457,"column":4},"end":{"line":1457,"column":49}},"427":{"start":{"line":1458,"column":4},"end":{"line":1458,"column":46}},"428":{"start":{"line":1459,"column":4},"end":{"line":1459,"column":54}},"429":{"start":{"line":1460,"column":4},"end":{"line":1460,"column":54}},"430":{"start":{"line":1462,"column":4},"end":{"line":1466,"column":10}},"431":{"start":{"line":1468,"column":4},"end":{"line":1468,"column":65}},"432":{"start":{"line":1470,"column":4},"end":{"line":1470,"column":72}},"433":{"start":{"line":1472,"column":4},"end":{"line":1472,"column":52}},"434":{"start":{"line":1473,"column":4},"end":{"line":1473,"column":49}},"435":{"start":{"line":1474,"column":4},"end":{"line":1474,"column":54}},"436":{"start":{"line":1475,"column":4},"end":{"line":1475,"column":54}},"437":{"start":{"line":1476,"column":4},"end":{"line":1476,"column":54}},"438":{"start":{"line":1478,"column":4},"end":{"line":1478,"column":27}},"439":{"start":{"line":1479,"column":4},"end":{"line":1481,"column":10}},"440":{"start":{"line":1483,"column":4},"end":{"line":1483,"column":65}},"441":{"start":{"line":1485,"column":4},"end":{"line":1485,"column":49}},"442":{"start":{"line":1486,"column":4},"end":{"line":1486,"column":49}},"443":{"start":{"line":1487,"column":4},"end":{"line":1487,"column":54}},"444":{"start":{"line":1488,"column":4},"end":{"line":1488,"column":54}},"445":{"start":{"line":1489,"column":4},"end":{"line":1489,"column":54}},"446":{"start":{"line":1490,"column":4},"end":{"line":1490,"column":14}},"447":{"start":{"line":1493,"column":0},"end":{"line":1574,"column":2}},"448":{"start":{"line":1497,"column":4},"end":{"line":1497,"column":13}},"449":{"start":{"line":1499,"column":4},"end":{"line":1499,"column":28}},"450":{"start":{"line":1501,"column":4},"end":{"line":1501,"column":19}},"451":{"start":{"line":1503,"column":4},"end":{"line":1503,"column":19}},"452":{"start":{"line":1505,"column":4},"end":{"line":1505,"column":19}},"453":{"start":{"line":1507,"column":4},"end":{"line":1514,"column":6}},"454":{"start":{"line":1515,"column":4},"end":{"line":1517,"column":7}},"455":{"start":{"line":1518,"column":4},"end":{"line":1518,"column":32}},"456":{"start":{"line":1520,"column":4},"end":{"line":1523,"column":22}},"457":{"start":{"line":1525,"column":4},"end":{"line":1528,"column":22}},"458":{"start":{"line":1530,"column":4},"end":{"line":1532,"column":22}},"459":{"start":{"line":1534,"column":4},"end":{"line":1534,"column":32}},"460":{"start":{"line":1535,"column":4},"end":{"line":1535,"column":36}},"461":{"start":{"line":1537,"column":4},"end":{"line":1540,"column":22}},"462":{"start":{"line":1542,"column":4},"end":{"line":1545,"column":22}},"463":{"start":{"line":1547,"column":4},"end":{"line":1549,"column":21}},"464":{"start":{"line":1551,"column":4},"end":{"line":1551,"column":23}},"465":{"start":{"line":1552,"column":4},"end":{"line":1552,"column":36}},"466":{"start":{"line":1554,"column":4},"end":{"line":1557,"column":22}},"467":{"start":{"line":1559,"column":4},"end":{"line":1562,"column":21}},"468":{"start":{"line":1564,"column":4},"end":{"line":1566,"column":21}},"469":{"start":{"line":1568,"column":4},"end":{"line":1573,"column":7}},"470":{"start":{"line":1570,"column":8},"end":{"line":1570,"column":37}},"471":{"start":{"line":1572,"column":8},"end":{"line":1572,"column":30}},"472":{"start":{"line":1576,"column":0},"end":{"line":1595,"column":2}},"473":{"start":{"line":1580,"column":4},"end":{"line":1580,"column":13}},"474":{"start":{"line":1581,"column":4},"end":{"line":1584,"column":7}},"475":{"start":{"line":1585,"column":4},"end":{"line":1585,"column":35}},"476":{"start":{"line":1587,"column":4},"end":{"line":1587,"column":57}},"477":{"start":{"line":1588,"column":4},"end":{"line":1588,"column":35}},"478":{"start":{"line":1590,"column":4},"end":{"line":1590,"column":57}},"479":{"start":{"line":1591,"column":4},"end":{"line":1591,"column":35}},"480":{"start":{"line":1593,"column":4},"end":{"line":1593,"column":57}},"481":{"start":{"line":1594,"column":4},"end":{"line":1594,"column":14}},"482":{"start":{"line":1597,"column":0},"end":{"line":1672,"column":2}},"483":{"start":{"line":1601,"column":4},"end":{"line":1604,"column":5}},"484":{"start":{"line":1602,"column":8},"end":{"line":1602,"column":27}},"485":{"start":{"line":1603,"column":8},"end":{"line":1603,"column":15}},"486":{"start":{"line":1605,"column":4},"end":{"line":1605,"column":13}},"487":{"start":{"line":1606,"column":4},"end":{"line":1606,"column":37}},"488":{"start":{"line":1607,"column":4},"end":{"line":1607,"column":26}},"489":{"start":{"line":1608,"column":4},"end":{"line":1608,"column":19}},"490":{"start":{"line":1609,"column":4},"end":{"line":1671,"column":16}},"491":{"start":{"line":1613,"column":20},"end":{"line":1613,"column":31}},"492":{"start":{"line":1619,"column":20},"end":{"line":1619,"column":30}},"493":{"start":{"line":1627,"column":20},"end":{"line":1629,"column":22}},"494":{"start":{"line":1628,"column":24},"end":{"line":1628,"column":31}},"495":{"start":{"line":1630,"column":20},"end":{"line":1630,"column":48}},"496":{"start":{"line":1633,"column":20},"end":{"line":1633,"column":26}},"497":{"start":{"line":1642,"column":8},"end":{"line":1669,"column":11}},"498":{"start":{"line":1648,"column":12},"end":{"line":1668,"column":15}},"499":{"start":{"line":1651,"column":16},"end":{"line":1667,"column":19}},"500":{"start":{"line":1654,"column":20},"end":{"line":1654,"column":38}},"501":{"start":{"line":1655,"column":20},"end":{"line":1661,"column":23}},"502":{"start":{"line":1662,"column":20},"end":{"line":1666,"column":22}},"503":{"start":{"line":1670,"column":8},"end":{"line":1670,"column":18}},"504":{"start":{"line":1674,"column":0},"end":{"line":1710,"column":2}},"505":{"start":{"line":1678,"column":4},"end":{"line":1678,"column":13}},"506":{"start":{"line":1679,"column":4},"end":{"line":1687,"column":14}},"507":{"start":{"line":1688,"column":4},"end":{"line":1688,"column":48}},"508":{"start":{"line":1689,"column":4},"end":{"line":1694,"column":7}},"509":{"start":{"line":1695,"column":4},"end":{"line":1695,"column":58}},"510":{"start":{"line":1696,"column":4},"end":{"line":1701,"column":7}},"511":{"start":{"line":1703,"column":4},"end":{"line":1708,"column":7}},"512":{"start":{"line":1704,"column":8},"end":{"line":1707,"column":11}},"513":{"start":{"line":1705,"column":12},"end":{"line":1705,"column":38}},"514":{"start":{"line":1706,"column":12},"end":{"line":1706,"column":38}},"515":{"start":{"line":1709,"column":4},"end":{"line":1709,"column":14}},"516":{"start":{"line":1712,"column":0},"end":{"line":1747,"column":2}},"517":{"start":{"line":1716,"column":4},"end":{"line":1716,"column":19}},"518":{"start":{"line":1718,"column":4},"end":{"line":1718,"column":19}},"519":{"start":{"line":1719,"column":4},"end":{"line":1719,"column":43}},"520":{"start":{"line":1720,"column":4},"end":{"line":1720,"column":28}},"521":{"start":{"line":1722,"column":4},"end":{"line":1722,"column":24}},"522":{"start":{"line":1724,"column":4},"end":{"line":1724,"column":24}},"523":{"start":{"line":1726,"column":4},"end":{"line":1726,"column":28}},"524":{"start":{"line":1727,"column":4},"end":{"line":1727,"column":35}},"525":{"start":{"line":1728,"column":4},"end":{"line":1728,"column":28}},"526":{"start":{"line":1729,"column":4},"end":{"line":1729,"column":50}},"527":{"start":{"line":1730,"column":4},"end":{"line":1730,"column":28}},"528":{"start":{"line":1731,"column":4},"end":{"line":1731,"column":34}},"529":{"start":{"line":1732,"column":4},"end":{"line":1732,"column":28}},"530":{"start":{"line":1733,"column":4},"end":{"line":1733,"column":36}},"531":{"start":{"line":1734,"column":4},"end":{"line":1734,"column":28}},"532":{"start":{"line":1735,"column":4},"end":{"line":1735,"column":53}},"533":{"start":{"line":1736,"column":4},"end":{"line":1736,"column":28}},"534":{"start":{"line":1737,"column":4},"end":{"line":1737,"column":63}},"535":{"start":{"line":1746,"column":4},"end":{"line":1746,"column":17}}},"branchMap":{"1":{"line":16,"type":"if","locations":[{"start":{"line":16,"column":4},"end":{"line":16,"column":4},"skip":true},{"start":{"line":16,"column":4},"end":{"line":16,"column":4},"skip":true}]},"2":{"line":40,"type":"binary-expr","locations":[{"start":{"line":40,"column":8},"end":{"line":40,"column":34},"skip":true},{"start":{"line":41,"column":11},"end":{"line":41,"column":32},"skip":true},{"start":{"line":42,"column":11},"end":{"line":42,"column":54},"skip":true},{"start":{"line":43,"column":11},"end":{"line":43,"column":26},"skip":true},{"start":{"line":44,"column":11},"end":{"line":44,"column":62},"skip":true}]},"3":{"line":52,"type":"if","locations":[{"start":{"line":52,"column":8},"end":{"line":52,"column":8},"skip":true},{"start":{"line":52,"column":8},"end":{"line":52,"column":8},"skip":true}]},"4":{"line":56,"type":"cond-expr","locations":[{"start":{"line":62,"column":14},"end":{"line":62,"column":21},"skip":true},{"start":{"line":63,"column":14},"end":{"line":69,"column":13},"skip":true}]},"5":{"line":57,"type":"binary-expr","locations":[{"start":{"line":57,"column":16},"end":{"line":57,"column":23},"skip":true},{"start":{"line":58,"column":19},"end":{"line":58,"column":54},"skip":true},{"start":{"line":59,"column":19},"end":{"line":59,"column":52},"skip":true}]},"6":{"line":64,"type":"cond-expr","locations":[{"start":{"line":66,"column":18},"end":{"line":66,"column":25},"skip":true},{"start":{"line":68,"column":18},"end":{"line":68,"column":50},"skip":true}]},"7":{"line":79,"type":"binary-expr","locations":[{"start":{"line":79,"column":15},"end":{"line":79,"column":18},"skip":true},{"start":{"line":79,"column":22},"end":{"line":79,"column":31},"skip":true}]},"8":{"line":99,"type":"binary-expr","locations":[{"start":{"line":99,"column":17},"end":{"line":99,"column":23},"skip":true},{"start":{"line":99,"column":27},"end":{"line":99,"column":29},"skip":true}]},"9":{"line":100,"type":"binary-expr","locations":[{"start":{"line":100,"column":20},"end":{"line":100,"column":26},"skip":true},{"start":{"line":100,"column":30},"end":{"line":100,"column":32},"skip":true}]},"10":{"line":101,"type":"if","locations":[{"start":{"line":101,"column":12},"end":{"line":101,"column":12},"skip":true},{"start":{"line":101,"column":12},"end":{"line":101,"column":12},"skip":true}]},"11":{"line":102,"type":"binary-expr","locations":[{"start":{"line":102,"column":16},"end":{"line":102,"column":36},"skip":true},{"start":{"line":103,"column":19},"end":{"line":103,"column":44},"skip":true},{"start":{"line":104,"column":19},"end":{"line":104,"column":37},"skip":true}]},"12":{"line":106,"type":"binary-expr","locations":[{"start":{"line":106,"column":30},"end":{"line":106,"column":41},"skip":true},{"start":{"line":106,"column":45},"end":{"line":106,"column":56},"skip":true}]},"13":{"line":112,"type":"if","locations":[{"start":{"line":112,"column":4},"end":{"line":112,"column":4},"skip":true},{"start":{"line":112,"column":4},"end":{"line":112,"column":4},"skip":true}]},"14":{"line":154,"type":"binary-expr","locations":[{"start":{"line":154,"column":4},"end":{"line":154,"column":23}},{"start":{"line":154,"column":27},"end":{"line":154,"column":46}}]},"15":{"line":1601,"type":"if","locations":[{"start":{"line":1601,"column":4},"end":{"line":1601,"column":4}},{"start":{"line":1601,"column":4},"end":{"line":1601,"column":4}}]},"16":{"line":1662,"type":"binary-expr","locations":[{"start":{"line":1662,"column":53},"end":{"line":1662,"column":55}},{"start":{"line":1662,"column":59},"end":{"line":1666,"column":21}}]}},"code":["/* istanbul instrument in package db */","/* istanbul ignore next */","/* jslint utility2:true */","(function (globalThis) {","    \"use strict\";","    var consoleError;","    var local;","    // init globalThis","    (function () {","        try {","            globalThis = Function(\"return this\")(); // jslint ignore:line","        } catch (ignore) {}","    }());","    globalThis.globalThis = globalThis;","    // init debug_inline","    if (!globalThis[\"debug\\u0049nline\"]) {","        consoleError = console.error;","        globalThis[\"debug\\u0049nline\"] = function () {","        /*","         * this function will both print <arguments> to stderr","         * and return <arguments>[0]","         */","            var argList;","            argList = Array.from(arguments); // jslint ignore:line","            // debug arguments","            globalThis[\"debug\\u0049nlineArguments\"] = argList;","            consoleError(\"\\n\\ndebug\\u0049nline\");","            consoleError.apply(console, argList);","            consoleError(\"\\n\");","            // return arg0 for inspection","            return argList[0];","        };","    }","    // init local","    local = {};","    local.local = local;","    globalThis.globalLocal = local;","    // init isBrowser","    local.isBrowser = (","        typeof window === \"object\"","        && window === globalThis","        && typeof window.XMLHttpRequest === \"function\"","        && window.document","        && typeof window.document.querySelector === \"function\"","    );","    // init function","    local.assertThrow = function (passed, message) {","    /*","     * this function will throw err.<message> if <passed> is falsy","     */","        var err;","        if (passed) {","            return;","        }","        err = (","            (","                message","                && typeof message.message === \"string\"","                && typeof message.stack === \"string\"","            )","            // if message is errObj, then leave as is","            ? message","            : new Error(","                typeof message === \"string\"","                // if message is a string, then leave as is","                ? message","                // else JSON.stringify message","                : JSON.stringify(message, null, 4)","            )","        );","        throw err;","    };","    local.functionOrNop = function (fnc) {","    /*","     * this function will if <fnc> exists,","     * them return <fnc>,","     * else return <nop>","     */","        return fnc || local.nop;","    };","    local.identity = function (value) {","    /*","     * this function will return <value>","     */","        return value;","    };","    local.nop = function () {","    /*","     * this function will do nothing","     */","        return;","    };","    local.objectAssignDefault = function (target, source) {","    /*","     * this function will if items from <target> are","     * null, undefined, or empty-string,","     * then overwrite them with items from <source>","     */","        target = target || {};","        Object.keys(source || {}).forEach(function (key) {","            if (","                target[key] === null","                || target[key] === undefined","                || target[key] === \"\"","            ) {","                target[key] = target[key] || source[key];","            }","        });","        return target;","    };","    // require builtin","    if (!local.isBrowser) {","        local.assert = require(\"assert\");","        local.buffer = require(\"buffer\");","        local.child_process = require(\"child_process\");","        local.cluster = require(\"cluster\");","        local.crypto = require(\"crypto\");","        local.dgram = require(\"dgram\");","        local.dns = require(\"dns\");","        local.domain = require(\"domain\");","        local.events = require(\"events\");","        local.fs = require(\"fs\");","        local.http = require(\"http\");","        local.https = require(\"https\");","        local.net = require(\"net\");","        local.os = require(\"os\");","        local.path = require(\"path\");","        local.querystring = require(\"querystring\");","        local.readline = require(\"readline\");","        local.repl = require(\"repl\");","        local.stream = require(\"stream\");","        local.string_decoder = require(\"string_decoder\");","        local.timers = require(\"timers\");","        local.tls = require(\"tls\");","        local.tty = require(\"tty\");","        local.url = require(\"url\");","        local.util = require(\"util\");","        local.vm = require(\"vm\");","        local.zlib = require(\"zlib\");","    }","}(this));","","","","(function (local) {","\"use strict\";","","","","// run shared js-env code - init-before","(function () {","// init local","local = (","    globalThis.utility2 || require(\"utility2\")",").requireReadme();","globalThis.local = local;","// init test","local.testRunDefault(local);","}());","","","","// run shared js-env code - function","(function () {","local.testCase_dbLoad_err = function (opt, onError) {","/*"," * this function will test dbLoad's err handling-behavior"," */","    local.testMock([","        [","            local, {","                storageKeys: function (fnc) {","                    fnc(local.errDefault);","                }","            }","        ]","    ], function (onError) {","        local.dbLoad(function (err) {","            // validate err occurred","            local.assertThrow(err, err);","        });","        onError(null, opt);","    }, onError);","};","","local.testCase_dbTable_crudGetManyByQuery = function (opt, onError) {","/*"," * this function will test dbTable's crudGetManyByQuery handling-behavior"," */","    opt = {};","    // test dbTableCreateOne's create handling-behavior","    opt.dbTable = local.dbTableCreateOne({","        name: \"testCase_dbTable_crudGetManyByQuery\"","    });","    // validate dbRowCount","    local.assertJsonEqual(opt.dbTable.crudCountAll(), 0);","    // test isDirty handling-behavior","    opt.dbTable.crudRemoveOneById(opt.dbTable.crudSetOneById({","        field1: \"dirty\"","    }));","    // test null-case handling-behavior","    opt.data = opt.dbTable.crudGetManyByQuery({","        // test shuffle handling-behavior","        shuffle: true","    });","    local.assertJsonEqual(opt.data.length, 0);","    local.assertJsonEqual(opt.data, []);","    opt.data = ([","        [],","        [[], \"\", 0, {}, false, null, undefined],","        -0.5,","        -1,","        -Infinity,","        0,","        0.5,","        1,","        Infinity,","        NaN,","        {},","        false,","        null,","        true,","        undefined","    ]).sort().map(function (element) {","        return {","            field1: element","        };","    });","    opt.data = opt.data.concat(opt.data.map(function (dbRow) {","        return {","            field1: JSON.stringify(dbRow.field1)","        };","    }));","    // test dbTableCreateOne's crudSetManyById handling-behavior","    opt.data = opt.dbTable.crudSetManyById(opt.data);","    // validate dbRowCount","    local.assertJsonEqual(opt.dbTable.crudCountAll(), 30);","    // validate data","    [","        [],","        [[], \"\", 0, {}, false, null, undefined],","        -0.5,","        -1,","        undefined,","        0,","        0.5,","        1,","        undefined,","        undefined,","        {},","        false,","        undefined,","        true,","        undefined,","        \"[]\",","        \"[[],\\\"\\\",0,{},false,null,null]\",","        \"-0.5\",","        \"-1\",","        \"null\",","        \"0\",","        \"0.5\",","        \"1\",","        \"null\",","        \"null\",","        \"{}\",","        \"false\",","        \"null\",","        \"true\",","        undefined","    ].forEach(function (element, ii) {","        local.assertJsonEqual(element, opt.data[ii].field1);","    });","    // test null-case handling-behavior","    opt.data = opt.dbTable.crudGetManyByQuery({","        query: {","            field1: {","                $undefined: null","            }","        },","        sort: [","            {","                fieldName: \"field1\"","            }","        ]","    });","    local.assertJsonEqual(opt.data.length, 0);","    local.assertJsonEqual(opt.data, []);","    // test null-case handling-behavior","    opt.data = opt.dbTable.crudGetManyByQuery({","        query: {","            field1: {","                $undefined: {}","            }","        },","        sort: [","            {","                fieldName: \"field1\"","            }","        ]","    });","    local.assertJsonEqual(opt.data.length, 0);","    local.assertJsonEqual(opt.data, []);","    // test $eq's boolean handling-behavior","    opt.data = opt.dbTable.crudGetManyByQuery({","        query: {","            field1: true","        },","        sort: [","            {","                fieldName: \"field1\"","            }","        ]","    }).map(function (dbRow) {","        return dbRow.field1;","    });","    local.assertJsonEqual(opt.data.length, 1);","    local.assertJsonEqual(opt.data, [","        true","    ]);","    // test $eq's null-case handling-behavior","    opt.data = opt.dbTable.crudGetManyByQuery({","        query: {","            field1: null","        },","        sort: [","            {","                fieldName: \"field1\"","            }","        ]","    }).map(function (dbRow) {","        return dbRow.field1;","    });","    local.assertJsonEqual(opt.data.length, 7);","    local.assertJsonEqual(","        opt.data.slice(0, -1),","        [","            null, null, null, null, null, null","        ]","    );","    // test $eq's number handling-behavior","    opt.data = opt.dbTable.crudGetManyByQuery({","        query: {","            field1: 0","        },","        sort: [","            {","                fieldName: \"field1\"","            }","        ]","    }).map(function (dbRow) {","        return dbRow.field1;","    });","    local.assertJsonEqual(opt.data.length, 2);","    local.assertJsonEqual(opt.data.slice(0, -1), [","        0","    ]);","    // test $eq's string handling-behavior","    opt.data = opt.dbTable.crudGetManyByQuery({","        query: {","            field1: \"{}\"","        },","        sort: [","            {","                fieldName: \"field1\"","            }","        ]","    }).map(function (dbRow) {","        return dbRow.field1;","    });","    local.assertJsonEqual(opt.data.length, 1);","    local.assertJsonEqual(opt.data, [","        \"{}\"","    ]);","    // test $exists's false handling-behavior","    opt.data = opt.dbTable.crudGetManyByQuery({","        query: {","            field1: {","                $exists: false","            }","        },","        sort: [","            {","                fieldName: \"field1\"","            }","        ]","    }).map(function (dbRow) {","        return dbRow.field1;","    });","    local.assertJsonEqual(opt.data.length, 7);","    // test $exists's null-case handling-behavior","    opt.data = opt.dbTable.crudGetManyByQuery({","        query: {","            field1: {","                $exists: null","            }","        },","        sort: [","            {","                fieldName: \"field1\"","            }","        ]","    }).map(function (dbRow) {","        return dbRow.field1;","    });","    local.assertJsonEqual(opt.data.length, 7);","    // test $exists's true handling-behavior","    opt.data = opt.dbTable.crudGetManyByQuery({","        query: {","            field1: {","                $exists: true","            }","        },","        sort: [","            {","                fieldName: \"field1\"","            }","        ]","    }).map(function (dbRow) {","        return dbRow.field1;","    });","    local.assertJsonEqual(opt.data.length, 23);","    // test $gt's boolean handling-behavior","    // test $lt's boolean handling-behavior","    opt.data = opt.dbTable.crudGetManyByQuery({","        query: {","            field1: {","                $gt: false,","                $lt: true","            }","        },","        sort: [","            {","                fieldName: \"field1\"","            }","        ]","    });","    local.assertJsonEqual(opt.data.length, 0);","    local.assertJsonEqual(opt.data, []);","    // test $gt's null-case handling-behavior","    // test $lt's null-case handling-behavior","    opt.data = opt.dbTable.crudGetManyByQuery({","        query: {","            field1: {","                $gt: false,","                $lt: true","            }","        },","        sort: [","            {","                fieldName: \"field1\"","            }","        ]","    });","    local.assertJsonEqual(opt.data.length, 0);","    local.assertJsonEqual(opt.data, []);","    // test $gt's number handling-behavior","    // test $lt's number handling-behavior","    opt.data = opt.dbTable.crudGetManyByQuery({","        query: {","            field1: {","                $gt: -1,","                $lt: 1","            }","        },","        sort: [","            {","                fieldName: \"field1\"","            }","        ]","    }).map(function (dbRow) {","        return dbRow.field1;","    });","    local.assertJsonEqual(opt.data.length, 4);","    local.assertJsonEqual(opt.data.slice(0, -1), [","        -0.5, 0, 0.5","    ]);","    // test $gt's string handling-behavior","    // test $lt's string handling-behavior","    opt.data = opt.dbTable.crudGetManyByQuery({","        query: {","            field1: {","                $gt: \"false\",","                $lt: \"true\"","            }","        },","        sort: [","            {","                fieldName: \"field1\"","            }","        ]","    }).map(function (dbRow) {","        return dbRow.field1;","    });","    local.assertJsonEqual(opt.data.length, 4);","    local.assertJsonEqual(opt.data, [","        \"null\", \"null\", \"null\", \"null\"","    ]);","    // test $gte's boolean handling-behavior","    // test $lte's boolean handling-behavior","    // test $ne's boolean handling-behavior","    opt.data = opt.dbTable.crudGetManyByQuery({","        query: {","            field1: {","                $gte: false,","                $lte: true,","                $ne: false","            }","        },","        sort: [","            {","                fieldName: \"field1\"","            }","        ]","    }).map(function (dbRow) {","        return dbRow.field1;","    });","    local.assertJsonEqual(opt.data.length, 2);","    local.assertJsonEqual(opt.data.slice(0, -1), [","        true","    ]);","    // test $gte's null-case handling-behavior","    // test $lte's null-case handling-behavior","    // test $ne's null-case handling-behavior","    opt.data = opt.dbTable.crudGetManyByQuery({","        query: {","            field1: {","                $gte: null,","                $lte: null,","                $ne: null","            }","        },","        sort: [","            {","                fieldName: \"field1\"","            }","        ]","    }).map(function (dbRow) {","        return dbRow.field1;","    });","    local.assertJsonEqual(opt.data.length, 1);","    local.assertJsonEqual(opt.data.slice(0, -1), []);","    // test $gte's number handling-behavior","    // test $lte's number handling-behavior","    // test $ne's number handling-behavior","    opt.data = opt.dbTable.crudGetManyByQuery({","        query: {","            field1: {","                $gte: -1,","                $lte: 1,","                $ne: 0","            }","        },","        sort: [","            {","                fieldName: \"field1\"","            }","        ]","    }).map(function (dbRow) {","        return dbRow.field1;","    });","    local.assertJsonEqual(opt.data.length, 5);","    local.assertJsonEqual(opt.data.slice(0, -1), [","        -1, -0.5, 0.5, 1","    ]);","    // test $gte's number handling-behavior","    // test $lte's number handling-behavior","    // test $ne's number handling-behavior","    // test fieldList handling-behavior","    // test limit handling-behavior","    // test skip handling-behavior","    // test sort's isDescending handling-behavior","    opt.data = opt.dbTable.crudGetManyByQuery({","        fieldList: [","            \"field1\"","        ],","        limit: 2,","        query: {","            field1: {","                $gte: -1,","                $lte: 1,","                $ne: 0","            }","        },","        skip: 2,","        sort: [","            {","                fieldName: \"field1\",","                isDescending: true","            }","        ]","    }).map(function (dbRow) {","        return dbRow.field1;","    });","    local.assertJsonEqual(opt.data.length, 2);","    local.assertJsonEqual(opt.data.slice(), [","        0.5, -0.5","    ]);","    // test $gte's string handling-behavior","    // test $lte's string handling-behavior","    // test $ne's string handling-behavior","    opt.data = opt.dbTable.crudGetManyByQuery({","        query: {","            field1: {","                $gte: \"false\",","                $lte: \"true\",","                $ne: \"null\"","            }","        },","        sort: [","            {","                fieldName: \"field1\"","            }","        ]","    }).map(function (dbRow) {","        return dbRow.field1;","    });","    local.assertJsonEqual(opt.data.length, 2);","    local.assertJsonEqual(opt.data, [","        \"false\", \"true\"","    ]);","    // test $in's list handling-behavior","    opt.data = opt.dbTable.crudGetManyByQuery({","        query: {","            field1: {","                $in: [","                    true, 1","                ]","            }","        },","        sort: [","            {","                fieldName: \"field1\"","            }","        ]","    }).map(function (dbRow) {","        return dbRow.field1;","    });","    local.assertJsonEqual(opt.data.length, 2);","    local.assertJsonEqual(opt.data, [","        true, 1","    ]);","    // test $in's null-case handling-behavior","    opt.data = opt.dbTable.crudGetManyByQuery({","        query: {","            field1: {","                $in: null","            }","        },","        sort: [","            {","                fieldName: \"field1\"","            }","        ]","    });","    local.assertJsonEqual(opt.data.length, 0);","    local.assertJsonEqual(opt.data, []);","    // test $in's string handling-behavior","    opt.data = opt.dbTable.crudGetManyByQuery({","        query: {","            field1: {","                $in: \"0.5\"","            }","        },","        sort: [","            {","                fieldName: \"field1\"","            }","        ]","    }).map(function (dbRow) {","        return dbRow.field1;","    });","    local.assertJsonEqual(opt.data.length, 3);","    local.assertJsonEqual(opt.data.slice(0, -1), [","        \"0\", \"0.5\"","    ]);","    // test $nin's list handling-behavior","    opt.data = opt.dbTable.crudGetManyByQuery({","        query: {","            field1: {","                $nin: [","                    0, null","                ]","            }","        },","        sort: [","            {","                fieldName: \"field1\"","            }","        ]","    }).map(function (dbRow) {","        return dbRow.field1;","    });","    local.assertJsonEqual(opt.data.length, 22);","    // test $nin's null-case handling-behavior","    opt.data = opt.dbTable.crudGetManyByQuery({","        query: {","            field1: {","                $nin: null","            }","        },","        sort: [","            {","                fieldName: \"field1\"","            }","        ]","    });","    local.assertJsonEqual(opt.data.length, 0);","    local.assertJsonEqual(opt.data, []);","    // test $nin's string handling-behavior","    opt.data = opt.dbTable.crudGetManyByQuery({","        query: {","            field1: {","                $nin: \"[[],\\\"\\\",0,1,{},false,null,true]\"","            }","        },","        sort: [","            {","                fieldName: \"field1\"","            }","        ]","    }).map(function (dbRow) {","        return dbRow.field1;","    });","    local.assertJsonEqual(opt.data.length, 4);","    local.assertJsonEqual(opt.data.slice(0, -1), [","        \"-0.5\", \"-1\", \"0.5\"","    ]);","    // test $not's number handling-behavior","    opt.data = opt.dbTable.crudGetManyByQuery({","        query: {","            field1: {","                $not: {","                    $gte: 0","                }","            }","        },","        sort: [","            {","                fieldName: \"field1\"","            }","        ]","    }).map(function (dbRow) {","        return dbRow.field1;","    });","    local.assertJsonEqual(opt.data.length, 26);","    local.assertJsonEqual(opt.data.slice(0, 15), [","        null,","        null,","        null,","        null,","        null,","        null,","        false,","        true,","        -1,","        -0.5,","        \"-0.5\",","        \"-1\",","        \"0\",","        \"0.5\",","        \"1\"","    ]);","    // test $not's string handling-behavior","    opt.data = opt.dbTable.crudGetManyByQuery({","        query: {","            field1: {","                $not: {","                    $gte: \"0\"","                }","            }","        },","        sort: [","            {","                fieldName: \"field1\"","            }","        ]","    }).map(function (dbRow) {","        return dbRow.field1;","    });","    local.assertJsonEqual(opt.data.length, 17);","    local.assertJsonEqual(opt.data.slice(0, -1), [","        null,","        null,","        null,","        null,","        null,","        null,","        false,","        true,","        -1,","        -0.5,","        0,","        0.5,","        1,","        \"-0.5\",","        \"-1\",","        {}","    ]);","    // test $or's null-case handling-behavior","    opt.data = opt.dbTable.crudGetManyByQuery({","        query: {","            $or: null","        },","        sort: [","            {","                fieldName: \"field1\"","            }","        ]","    });","    local.assertJsonEqual(opt.data.length, 0);","    local.assertJsonEqual(opt.data, []);","    // test $or's empty-list handling-behavior","    opt.data = opt.dbTable.crudGetManyByQuery({","        query: {","            $or: []","        },","        sort: [","            {","                fieldName: \"field1\"","            }","        ]","    });","    local.assertJsonEqual(opt.data.length, 0);","    local.assertJsonEqual(opt.data, []);","    // test $or's list handling-behavior","    opt.data = opt.dbTable.crudGetManyByQuery({","        query: {","            $or: [","                {","                    field1: {","                        $eq: -0.5","                    }","                }, {","                    field1: {","                        $eq: 0","                    }","                }, {","                    field1: {","                        $eq: 0.5","                    }","                }","            ]","        },","        sort: [","            {","                fieldName: \"field1\"","            }","        ]","    }).map(function (dbRow) {","        return dbRow.field1;","    });","    local.assertJsonEqual(opt.data.length, 4);","    local.assertJsonEqual(opt.data.slice(0, -1), [","        -0.5, 0, 0.5","    ]);","    // test $regex's regex handling-behavior","    opt.data = opt.dbTable.crudGetManyByQuery({","        query: {","            field1: {","                $regex: (","                    /1|true/","                )","            }","        },","        sort: [","            {","                fieldName: \"field1\"","            }","        ]","    }).map(function (dbRow) {","        return dbRow.field1;","    });","    local.assertJsonEqual(opt.data.length, 6);","    local.assertJsonEqual(opt.data, [","        true, -1, 1, \"-1\", \"1\", \"true\"","    ]);","    // test $regex's null-case handling-behavior","    opt.data = opt.dbTable.crudGetManyByQuery({","        query: {","            field1: {","                $regex: null","            }","        },","        sort: [","            {","                fieldName: \"field1\"","    
[...]
eSortedReset */","// init assets","local.assetsDict = local.assetsDict || {};","[","    \"assets.index.template.html\",","    \"assets.swgg.swagger.json\",","    \"assets.swgg.swagger.server.json\"","].forEach(function (file) {","    file = \"/\" + file;","    local.assetsDict[file] = local.assetsDict[file] || \"\";","    if (local.fs.existsSync(local.__dirname + file)) {","        local.assetsDict[file] = local.fs.readFileSync(","            local.__dirname + file,","            \"utf8\"","        );","    }","});","/* jslint ignore:start */","local.assetsDict[\"/assets.index.template.html\"] = '\\","<!doctype html>\\n\\","<html lang=\"en\">\\n\\","<head>\\n\\","<meta charset=\"utf-8\">\\n\\","<meta name=\"viewport\" content=\"width=device-width, initial-scale=1\">\\n\\","<!-- \"assets.utility2.template.html\" -->\\n\\","<title>{{env.npm_package_name}} ({{env.npm_package_version}})</title>\\n\\","<style>\\n\\","/* jslint utility2:true */\\n\\","/*csslint\\n\\","*/\\n\\","/* csslint ignore:start */\\n\\","*,\\n\\","*:after,\\n\\","*:before {\\n\\","    box-sizing: border-box;\\n\\","}\\n\\","/* csslint ignore:end */\\n\\","@keyframes uiAnimateShake {\\n\\","0%,\\n\\","50% {\\n\\","    transform: translateX(10px);\\n\\","}\\n\\","100% {\\n\\","    transform: translateX(0);\\n\\","}\\n\\","25%,\\n\\","75% {\\n\\","    transform: translateX(-10px);\\n\\","}\\n\\","}\\n\\","@keyframes uiAnimateSpin {\\n\\","0% {\\n\\","    transform: rotate(0deg);\\n\\","}\\n\\","100% {\\n\\","    transform: rotate(360deg);\\n\\","}\\n\\","}\\n\\","a {\\n\\","    overflow-wrap: break-word;\\n\\","}\\n\\","body {\\n\\","    background: #eef;\\n\\","    font-family: Arial, Helvetica, sans-serif;\\n\\","    font-size: small;\\n\\","    margin: 0 40px;\\n\\","}\\n\\","body > div,\\n\\","body > form > div,\\n\\","body > form > input,\\n\\","body > form > pre,\\n\\","body > form > .button,\\n\\","body > form > .textarea,\\n\\","body > input,\\n\\","body > pre,\\n\\","body > .button,\\n\\","body > .textarea {\\n\\","    margin-bottom: 20px;\\n\\","    margin-top: 0;\\n\\","}\\n\\","body > form > input,\\n\\","body > form > .button,\\n\\","body > input,\\n\\","body > .button {\\n\\","    width: 20rem;\\n\\","}\\n\\","body > form > .textarea,\\n\\","body > .textarea {\\n\\","    height: 10rem;\\n\\","    width: 100%;\\n\\","}\\n\\","body > .readonly {\\n\\","    background: #ddd;\\n\\","}\\n\\","code,\\n\\","pre,\\n\\",".textarea {\\n\\","    font-family: Consolas, Menlo, monospace;\\n\\","    font-size: smaller;\\n\\","}\\n\\","pre {\\n\\","    overflow-wrap: break-word;\\n\\","    white-space: pre-wrap;\\n\\","}\\n\\",".button {\\n\\","    background: #ddd;\\n\\","    border: 1px solid #999;\\n\\","    color: #000;\\n\\","    cursor: pointer;\\n\\","    display: inline-block;\\n\\","    padding: 2px 5px;\\n\\","    text-align: center;\\n\\","    text-decoration: none;\\n\\","}\\n\\",".button:hover {\\n\\","    background: #bbb;\\n\\","}\\n\\",".colorError {\\n\\","    color: #d00;\\n\\","}\\n\\",".textarea {\\n\\","    background: #fff;\\n\\","    border: 1px solid #999;\\n\\","    border-radius: 0;\\n\\","    cursor: auto;\\n\\","    overflow: auto;\\n\\","    padding: 2px;\\n\\","}\\n\\",".uiAnimateShake {\\n\\","    animation-duration: 500ms;\\n\\","    animation-name: uiAnimateShake;\\n\\","}\\n\\",".uiAnimateSlide {\\n\\","    overflow-y: hidden;\\n\\","    transition: max-height ease-in 250ms, min-height ease-in 250ms, padding-bottom ease-in 250ms, padding-top ease-in 250ms;\\n\\","}\\n\\",".utility2FooterDiv {\\n\\","    text-align: center;\\n\\","}\\n\\",".zeroPixel {\\n\\","    border: 0;\\n\\","    height: 0;\\n\\","    margin: 0;\\n\\","    padding: 0;\\n\\","    width: 0;\\n\\","}\\n\\","</style>\\n\\","</head>\\n\\","<body>\\n\\","<div id=\"ajaxProgressDiv1\" style=\"background: #d00; height: 2px; left: 0; margin: 0; padding: 0; position: fixed; top: 0; transition: background 500ms, width 1500ms; width: 0%; z-index: 1;\"></div>\\n\\","<div class=\"uiAnimateSpin\" style=\"animation: uiAnimateSpin 2s linear infinite; border: 5px solid #999; border-radius: 50%; border-top: 5px solid #7d7; display: none; height: 25px; vertical-align: middle; width: 25px;\"></div>\\n\\","<a class=\"zeroPixel\" download=\"db.persistence.json\" href=\"\" id=\"dbExportA1\"></a>\\n\\","<input class=\"zeroPixel\" data-onevent=\"onEventDomDb\" data-onevent-db=\"dbImportInput\" type=\"file\">\\n\\","<script>\\n\\","/* jslint utility2:true */\\n\\","// init domOnEventWindowOnloadTimeElapsed\\n\\","(function () {\\n\\","/*\\n\\"," * this function will measure and print time-elapsed for window.onload\\n\\"," */\\n\\","    \"use strict\";\\n\\","    if (window.domOnEventWindowOnloadTimeElapsed) {\\n\\","        return;\\n\\","    }\\n\\","    window.domOnEventWindowOnloadTimeElapsed = Date.now() + 100;\\n\\","    window.addEventListener(\"load\", function () {\\n\\","        setTimeout(function () {\\n\\","            window.domOnEventWindowOnloadTimeElapsed = (\\n\\","                Date.now()\\n\\","                - window.domOnEventWindowOnloadTimeElapsed\\n\\","            );\\n\\","            console.error(\\n\\","                \"domOnEventWindowOnloadTimeElapsed = \"\\n\\","                + window.domOnEventWindowOnloadTimeElapsed\\n\\","            );\\n\\","        }, 100);\\n\\","    });\\n\\","}());\\n\\","\\n\\","\\n\\","\\n\\","// init domOnEventDelegateDict\\n\\","(function () {\\n\\","/*\\n\\"," * this function will handle delegated dom-event\\n\\"," */\\n\\","    \"use strict\";\\n\\","    var timerTimeoutDict;\\n\\","    if (window.domOnEventDelegateDict) {\\n\\","        return;\\n\\","    }\\n\\","    window.domOnEventDelegateDict = {};\\n\\","    timerTimeoutDict = {};\\n\\","    window.domOnEventDelegateDict.domOnEventDelegate = function (evt) {\\n\\","        evt.targetOnEvent = evt.target.closest(\\n\\","            \"[data-onevent]\"\\n\\","        );\\n\\","        if (\\n\\","            !evt.targetOnEvent\\n\\","            || evt.targetOnEvent.dataset.onevent === \"domOnEventNop\"\\n\\","            || evt.target.closest(\\n\\","                \".disabled, .readonly\"\\n\\","            )\\n\\","        ) {\\n\\","            return;\\n\\","        }\\n\\","        // rate-limit high-frequency-event\\n\\","        switch (evt.type) {\\n\\","        case \"keydown\":\\n\\","        case \"keyup\":\\n\\","            // filter non-input keyboard-event\\n\\","            if (!evt.target.closest(\\n\\","                \"input, option, select, textarea\"\\n\\","            )) {\\n\\","                return;\\n\\","            }\\n\\","            if (timerTimeoutDict[evt.type] !== true) {\\n\\","                timerTimeoutDict[evt.type] = timerTimeoutDict[\\n\\","                    evt.type\\n\\","                ] || setTimeout(function () {\\n\\","                    timerTimeoutDict[evt.type] = true;\\n\\","                    window.domOnEventDelegateDict.domOnEventDelegate(evt);\\n\\","                }, 50);\\n\\","                return;\\n\\","            }\\n\\","            timerTimeoutDict[evt.type] = null;\\n\\","            break;\\n\\","        }\\n\\","        switch (evt.targetOnEvent.tagName) {\\n\\","        case \"BUTTON\":\\n\\","        case \"FORM\":\\n\\","            evt.preventDefault();\\n\\","            break;\\n\\","        }\\n\\","        evt.stopPropagation();\\n\\","        window.domOnEventDelegateDict[evt.targetOnEvent.dataset.onevent](\\n\\","            evt\\n\\","        );\\n\\","    };\\n\\","    window.domOnEventDelegateDict.domOnEventResetOutput = function () {\\n\\","        document.querySelectorAll(\\n\\","            \".onevent-reset-output\"\\n\\","        ).forEach(function (elem) {\\n\\","            switch (elem.tagName) {\\n\\","            case \"INPUT\":\\n\\","            case \"TEXTAREA\":\\n\\","                elem.value = \"\";\\n\\","                break;\\n\\","            case \"PRE\":\\n\\","                elem.textContent = \"\";\\n\\","                break;\\n\\","            default:\\n\\","                elem.innerHTML = \"\";\\n\\","            }\\n\\","        });\\n\\","    };\\n\\","    // init event-handling\\n\\","    [\\n\\","        \"change\",\\n\\","        \"click\",\\n\\","        \"keydown\",\\n\\","        \"submit\"\\n\\","    ].forEach(function (eventType) {\\n\\","        document.addEventListener(\\n\\","            eventType,\\n\\","            window.domOnEventDelegateDict.domOnEventDelegate\\n\\","        );\\n\\","    });\\n\\","}());\\n\\","\\n\\","\\n\\","\\n\\","// init timerIntervalAjaxProgressUpdate\\n\\","(function () {\\n\\","/*\\n\\"," * this function will increment ajax-progress-bar\\n\\"," * until webpage has loaded\\n\\"," */\\n\\","    \"use strict\";\\n\\","    var ajaxProgressBar;\\n\\","    var ajaxProgressDiv1;\\n\\","    var ajaxProgressUpdate;\\n\\","    if (\\n\\","        window.timerIntervalAjaxProgressUpdate\\n\\","        || !document.querySelector(\\n\\","            \"#ajaxProgressDiv1\"\\n\\","        )\\n\\","    ) {\\n\\","        return;\\n\\","    }\\n\\","    ajaxProgressDiv1 = document.querySelector(\\n\\","        \"#ajaxProgressDiv1\"\\n\\","    );\\n\\","    setTimeout(function () {\\n\\","        ajaxProgressDiv1.style.width = \"25%\";\\n\\","    });\\n\\","    ajaxProgressBar = 0;\\n\\","    ajaxProgressUpdate = (\\n\\","        window.local\\n\\","        && window.local.ajaxProgressUpdate\\n\\","    ) || function () {\\n\\","        ajaxProgressDiv1.style.width = \"100%\";\\n\\","        setTimeout(function () {\\n\\","            ajaxProgressDiv1.style.background = \"transparent\";\\n\\","            setTimeout(function () {\\n\\","                ajaxProgressDiv1.style.width = \"0%\";\\n\\","            }, 500);\\n\\","        }, 1000);\\n\\","    };\\n\\","    window.timerIntervalAjaxProgressUpdate = setInterval(function () {\\n\\","        ajaxProgressBar += 1;\\n\\","        ajaxProgressDiv1.style.width = Math.max(\\n\\","            100 - 75 * Math.exp(-0.125 * ajaxProgressBar),\\n\\","            ajaxProgressDiv1.style.width.slice(0, -1) | 0\\n\\","        ) + \"%\";\\n\\","    }, 1000);\\n\\","    window.addEventListener(\"load\", function () {\\n\\","        clearInterval(window.timerIntervalAjaxProgressUpdate);\\n\\","        ajaxProgressUpdate();\\n\\","    });\\n\\","}());\\n\\","\\n\\","\\n\\","\\n\\","// init domOnEventSelectAllWithinPre\\n\\","(function () {\\n\\","/*\\n\\"," * this function will limit select-all within <pre tabIndex=\"0\"> elements\\n\\"," * https://stackoverflow.com/questions/985272/selecting-text-in-an-element-akin-to-highlighting-with-your-mouse\\n\\"," */\\n\\","    \"use strict\";\\n\\","    if (window.domOnEventSelectAllWithinPre) {\\n\\","        return;\\n\\","    }\\n\\","    window.domOnEventSelectAllWithinPre = function (evt) {\\n\\","        var range;\\n\\","        var selection;\\n\\","        if (\\n\\","            evt\\n\\","            && evt.key === \"a\"\\n\\","            && (evt.ctrlKey || evt.metaKey)\\n\\","            && evt.target.closest(\\n\\","                \"pre\"\\n\\","            )\\n\\","        ) {\\n\\","            range = document.createRange();\\n\\","            range.selectNodeContents(evt.target.closest(\\n\\","                \"pre\"\\n\\","            ));\\n\\","            selection = window.getSelection();\\n\\","            selection.removeAllRanges();\\n\\","            selection.addRange(range);\\n\\","            evt.preventDefault();\\n\\","        }\\n\\","    };\\n\\","    // init event-handling\\n\\","    document.addEventListener(\\n\\","        \"keydown\",\\n\\","        window.domOnEventSelectAllWithinPre\\n\\","    );\\n\\","}());\\n\\","</script>\\n\\","<h1>\\n\\","<!-- utility2-comment\\n\\","    <a\\n\\","        {{#if env.npm_package_homepage}}\\n\\","        href=\"{{env.npm_package_homepage}}\"\\n\\","        {{/if env.npm_package_homepage}}\\n\\","        target=\"_blank\"\\n\\","    >\\n\\","utility2-comment -->\\n\\","        {{env.npm_package_name}} ({{env.npm_package_version}})\\n\\","<!-- utility2-comment\\n\\","    </a>\\n\\","utility2-comment -->\\n\\","</h1>\\n\\","<h3>{{env.npm_package_description}}</h3>\\n\\","<!-- utility2-comment\\n\\","<a class=\"button\" download href=\"assets.app.js\">download standalone app</a><br>\\n\\","<button class=\"button\" data-onevent=\"testRunBrowser\" id=\"testRunButton1\">run internal test</button><br>\\n\\","<div class=\"uiAnimateSlide\" id=\"testReportDiv1\" style=\"border-bottom: 0; border-top: 0; margin-bottom: 0; margin-top: 0; max-height: 0; padding-bottom: 0; padding-top: 0;\"></div>\\n\\","utility2-comment -->\\n\\","\\n\\","\\n\\","\\n\\","<button class=\"button\" data-onevent=\"onEventDomDb\" data-onevent-db=\"dbReset\">reset database</button><br>\\n\\","<button class=\"button\" data-onevent=\"onEventDomDb\" data-onevent-db=\"dbExport\">export database -&gt; file</button><br>\\n\\","<button class=\"button\" data-onevent=\"onEventDomDb\" data-onevent-db=\"dbImport\">import database &lt;- file</button><br>\\n\\","<label>edit or paste script below to\\n\\","    <a\\n\\","        href=\"https://kaizhu256.github.io/node-db-lite/build..beta..travis-ci.org/apidoc.html\"\\n\\","        target=\"_blank\"\\n\\","    >eval</a>\\n\\","</label>\\n\\","<textarea class=\"textarea\" data-onevent=\"testRunBrowser\" id=\"inputTextarea1\">\\n\\","/*jslint browser: true, node: true*/\\n\\","\"use strict\";\\n\\","var dbTable1, gotoState, gotoNext;\\n\\","gotoState = 0;\\n\\","gotoNext = function (err, data) {\\n\\","    gotoState = err\\n\\","        ? Infinity\\n\\","        : gotoState + 1;\\n\\","    switch (gotoState) {\\n\\","    case 1:\\n\\","        dbTable1 = window.dbTable1 = window.utility2_db.dbTableCreateOne({\\n\\","            name: \"dbTable1\"\\n\\","        }, gotoNext);\\n\\","        break;\\n\\","    case 2:\\n\\","        dbTable1.idIndexCreate({ name: \"field1\" }, gotoNext);\\n\\","        break;\\n\\","    case 3:\\n\\","        dbTable1.crudSetOneById({ field1: \"aa\", field2: 1, field3: \"foo\" }, gotoNext);\\n\\","        break;\\n\\","    case 4:\\n\\","        dbTable1.crudSetOneById({ field1: \"bb\", field2: 2, field3: \"bar\" }, gotoNext);\\n\\","        break;\\n\\","    case 5:\\n\\","        dbTable1.crudSetOneById({ field1: \"cc\", field2: 3, field3: \"baz\" }, gotoNext);\\n\\","        break;\\n\\","    case 6:\\n\\","        dbTable1.crudRemoveOneById({ field1: \"aa\" }, gotoNext);\\n\\","        break;\\n\\","    case 7:\\n\\","        dbTable1.crudUpdateOneById({ field1: \"bb\", field2: -1 }, gotoNext);\\n\\","        break;\\n\\","    case 8:\\n\\","        dbTable1.crudSetOneById({ field2: Math.random() }, gotoNext);\\n\\","        break;\\n\\","    case 9:\\n\\","        dbTable1.crudGetManyByQuery({\\n\\","            limit: Infinity,\\n\\","            query: { field2: { $gte: -Infinity, $lte: Infinity } },\\n\\","            skip: 0,\\n\\","            sort: [{ fieldName: \"_timeUpdated\", idDescending: true }]\\n\\","        }, gotoNext);\\n\\","        break;\\n\\","    case 10:\\n\\","        console.error(data);\\n\\","        dbTable1.crudCountAll(gotoNext);\\n\\","        break;\\n\\","    case 11:\\n\\","        console.error(\"number of rows: \" + data);\\n\\","        break;\\n\\","    default:\\n\\","        console.error(err.stack);\\n\\","    }\\n\\","};\\n\\","gotoNext();\\n\\","</textarea>\\n\\","<button class=\"button\" data-onevent=\"testRunBrowser\" id=\"buttonEval1\">eval script</button><br>\\n\\","<label>stderr and stdout</label>\\n\\","<pre class=\"onevent-reset-output readonly textarea\" id=\"outputStdout1\" tabindex=\"0\"></pre>\\n\\","<!-- utility2-comment\\n\\","{{#if isRollup}}\\n\\","<script src=\"assets.app.js\"></script>\\n\\","{{#unless isRollup}}\\n\\","utility2-comment -->\\n\\","<script src=\"assets.utility2.rollup.js\"></script>\\n\\","<script>window.utility2_onReadyBefore.counter += 1;</script>\\n\\","<script src=\"jsonp.utility2.stateInit?callback=window.utility2.stateInit\"></script>\\n\\","<script src=\"assets.db.js\"></script>\\n\\","<script src=\"assets.example.js\"></script>\\n\\","<script src=\"assets.test.js\"></script>\\n\\","<script>window.utility2_onReadyBefore();</script>\\n\\","<!-- utility2-comment\\n\\","{{/if isRollup}}\\n\\","utility2-comment -->\\n\\","<div class=\"utility2FooterDiv\">\\n\\","    [ this app was created with\\n\\","    <a href=\"https://github.com/kaizhu256/node-utility2\" target=\"_blank\">utility2</a>\\n\\","    ]\\n\\","</div>\\n\\","</body>\\n\\","</html>\\n\\","';","/* jslint ignore:end */","/* validateLineSortedReset */","/* jslint ignore:start */","local.assetsDict[\"/assets.db.js\"] =","    local.assetsDict[\"/assets.db.js\"] ||","    local.fs.readFileSync(local.__dirname + \"/lib.db.js\", \"utf8\"",").replace((/^#!\\//), \"// \");","/* jslint ignore:end */","/* validateLineSortedReset */","local.assetsDict[\"/\"] = local.assetsDict[","    \"/assets.index.template.html\"","].replace((","    /\\{\\{env\\.(\\w+?)\\}\\}/g","), function (match0, match1) {","    switch (match1) {","    case \"npm_package_description\":","        return \"the greatest app in the world!\";","    case \"npm_package_name\":","        return \"db-lite\";","    case \"npm_package_nameLib\":","        return \"db\";","    case \"npm_package_version\":","        return \"0.0.1\";","    default:","        return match0;","    }","});","local.assetsDict[\"/assets.example.html\"] = local.assetsDict[\"/\"];","local.assetsDict[\"/index.html\"] = local.assetsDict[\"/\"];","// init cli","if (module !== require.main || globalThis.utility2_rollup) {","    return;","}","/* validateLineSortedReset */","local.assetsDict[\"/assets.example.js\"] = (","    local.assetsDict[\"/assets.example.js\"]","    || local.fs.readFileSync(__filename, \"utf8\")",");","local.assetsDict[\"/favicon.ico\"] = local.assetsDict[\"/favicon.ico\"] || \"\";","// if $npm_config_timeout_exit exists,","// then exit this process after $npm_config_timeout_exit ms","if (Number(process.env.npm_config_timeout_exit)) {","    setTimeout(process.exit, Number(process.env.npm_config_timeout_exit));","}","// start server","if (globalThis.utility2_serverHttp1) {","    return;","}","process.env.PORT = process.env.PORT || \"8081\";","console.error(\"http-server listening on port \" + process.env.PORT);","local.http.createServer(function (req, res) {","    req.urlParsed = local.url.parse(req.url);","    if (local.assetsDict[req.urlParsed.pathname] !== undefined) {","        res.end(local.assetsDict[req.urlParsed.pathname]);","        return;","    }","    res.statusCode = 404;","    res.end();","}).listen(process.env.PORT);","}());","}());"],"l":{"122":2,"124":2,"125":2,"127":2,"128":2,"129":2,"132":2,"134":2,"135":1,"136":1,"141":1,"142":1,"144":1,"145":1,"146":1,"147":1,"149":1,"153":2,"154":2,"155":2,"157":2,"165":2,"169":1,"170":1,"171":1,"173":1,"189":1,"191":2,"197":1,"199":2,"203":1,"205":2,"209":1,"211":2,"217":1,"218":1,"219":1,"224":1,"227":1,"230":2,"231":1,"232":1,"233":1,"234":1,"235":1,"236":1,"237":1,"238":1,"239":1,"240":1,"241":1,"242":1,"243":1,"244":1,"245":1,"246":1,"247":1,"248":1,"249":1,"250":1,"251":1,"252":1,"253":1,"254":1,"255":1,"256":1,"257":1,"263":2,"269":2,"271":2,"277":2,"284":2,"285":2,"286":1,"289":1,"290":2,"291":2,"292":2,"293":2,"296":2,"297":1,"299":2,"300":2,"301":14,"302":14,"304":14,"305":14,"314":14,"317":1,"318":1,"319":1,"320":1,"324":1,"337":1,"338":1,"342":1,"343":1,"344":1,"348":1,"350":1,"353":1,"359":1,"362":1,"365":1,"366":1,"369":1,"372":1,"373":1,"374":1,"377":1,"380":1,"386":1,"395":2,"396":2,"397":1,"400":1,"403":1,"404":1,"409":3,"410":3,"411":3,"412":1,"419":1,"881":1,"887":1,"892":6,"894":1,"896":2,"898":1,"900":2,"902":1,"905":1,"906":1,"908":1,"909":1,"912":1,"916":1,"919":1,"920":1,"923":1,"924":1,"926":1,"927":1,"928":1,"929":1,"930":1,"931":1,"932":1,"934":1,"935":1}}}