{"/home/travis/build/kaizhu256/node-db-lite/test.js":{"path":"/home/travis/build/kaizhu256/node-db-lite/test.js","s":{"1":2,"2":2,"3":2,"4":2,"5":2,"6":2,"7":2,"8":2,"9":0,"10":0,"11":0,"12":0,"13":0,"14":0,"15":0,"16":0,"17":0,"18":2,"19":2,"20":2,"21":2,"22":2,"23":0,"24":0,"25":0,"26":0,"27":0,"28":2,"29":0,"30":2,"31":0,"32":2,"33":0,"34":2,"35":0,"36":0,"37":0,"38":2,"39":1,"40":1,"41":1,"42":1,"43":1,"44":1,"45":1,"46":1,"47":1,"48":1,"49":1,"50":1,"51":1,"52":1,"53":1,"54":1,"55":1,"56":1,"57":1,"58":1,"59":1,"60":1,"61":1,"62":1,"63":1,"64":1,"65":1,"66":2,"67":2,"68":2,"69":2,"70":2,"71":2,"72":2,"73":2,"74":2,"75":2,"76":2,"77":2,"78":2,"79":2,"80":2,"81":2,"82":2,"83":2,"84":2,"85":2,"86":2,"87":30,"88":2,"89":30,"90":2,"91":2,"92":2,"93":60,"94":2,"95":2,"96":2,"97":2,"98":2,"99":2,"100":2,"101":2,"102":2,"103":2,"104":2,"105":14,"106":2,"107":2,"108":2,"109":4,"110":2,"111":2,"112":2,"113":2,"114":2,"115":2,"116":2,"117":14,"118":2,"119":2,"120":14,"121":2,"122":2,"123":46,"124":2,"125":2,"126":2,"127":2,"128":2,"129":2,"130":2,"131":2,"132":8,"133":2,"134":2,"135":2,"136":8,"137":2,"138":2,"139":2,"140":4,"141":2,"142":2,"143":2,"144":2,"145":2,"146":2,"147":2,"148":10,"149":2,"150":2,"151":2,"152":4,"153":2,"154":2,"155":2,"156":4,"157":2,"158":2,"159":2,"160":4,"161":2,"162":2,"163":2,"164":2,"165":2,"166":2,"167":6,"168":2,"169":2,"170":2,"171":44,"172":2,"173":2,"174":2,"175":2,"176":2,"177":8,"178":2,"179":2,"180":2,"181":52,"182":2,"183":2,"184":2,"185":34,"186":2,"187":2,"188":2,"189":2,"190":2,"191":2,"192":2,"193":2,"194":2,"195":8,"196":2,"197":2,"198":2,"199":12,"200":2,"201":2,"202":2,"203":2,"204":2,"205":2,"206":6,"207":2,"208":2,"209":2,"210":2,"211":2,"212":12,"213":2,"214":2,"215":16,"216":2,"217":2,"218":30,"219":2,"220":2,"221":2,"222":2,"223":2,"224":2,"225":2,"226":2,"227":2,"228":2,"229":2,"230":2,"231":2,"232":2,"233":2,"234":2,"235":2,"236":2,"237":2,"238":2,"239":2,"240":2,"241":2,"242":2,"243":2,"244":2,"245":2,"246":2,"247":2,"248":2,"249":2,"250":2,"251":2,"252":2,"253":2,"254":2,"255":2,"256":2,"257":2,"258":2,"259":2,"260":2,"261":2,"262":2,"263":2,"264":2,"265":2,"266":2,"267":2,"268":2,"269":2,"270":2,"271":2,"272":4,"273":4,"274":4,"275":4,"276":4,"277":4,"278":4,"279":2,"280":2,"281":2,"282":2,"283":2,"284":2,"285":2,"286":2,"287":2,"288":2,"289":2,"290":2,"291":2,"292":2,"293":2,"294":2,"295":2,"296":2,"297":2,"298":2,"299":2,"300":2,"301":2,"302":2,"303":2,"304":2,"305":2,"306":2,"307":2,"308":2,"309":2,"310":2,"311":2,"312":2,"313":2,"314":2,"315":2,"316":2,"317":2,"318":2,"319":2,"320":2,"321":2,"322":2,"323":2,"324":2,"325":2,"326":2,"327":2,"328":2,"329":2,"330":2,"331":2,"332":2,"333":2,"334":2,"335":2,"336":2,"337":2,"338":2,"339":2,"340":2,"341":2,"342":2,"343":2,"344":2,"345":2,"346":2,"347":2,"348":2,"349":2,"350":2,"351":2,"352":2,"353":2,"354":2,"355":2,"356":2,"357":2,"358":2,"359":2,"360":2,"361":2,"362":2,"363":2,"364":2,"365":2,"366":2,"367":2,"368":2,"369":2,"370":2,"371":2,"372":2,"373":2,"374":2,"375":2,"376":2,"377":2,"378":2,"379":2,"380":2,"381":2,"382":2,"383":2,"384":2,"385":2,"386":2,"387":2,"388":2,"389":2,"390":2,"391":2,"392":2,"393":2,"394":2,"395":2,"396":2,"397":2,"398":2,"399":2,"400":2,"401":2,"402":2,"403":2,"404":2,"405":2,"406":2,"407":2,"408":2,"409":2,"410":2,"411":2,"412":2,"413":2,"414":2,"415":2,"416":2,"417":2,"418":2,"419":2,"420":2,"421":2,"422":2,"423":2,"424":2,"425":2,"426":2,"427":2,"428":2,"429":2,"430":2,"431":2,"432":2,"433":2,"434":2,"435":2,"436":2,"437":2,"438":2,"439":2,"440":2,"441":2,"442":2,"443":2,"444":2,"445":2,"446":2,"447":2,"448":2,"449":2,"450":2,"451":2,"452":2,"453":2,"454":2,"455":2,"456":2,"457":2,"458":2,"459":2,"460":2,"461":2,"462":2,"463":2,"464":2,"465":2,"466":2,"467":2,"468":2,"469":2,"470":2,"471":2,"472":2,"473":2,"474":2,"475":2,"476":2,"477":2,"478":2,"479":2,"480":2,"481":2,"482":1,"483":1,"484":1,"485":1,"486":1,"487":1,"488":1,"489":14,"490":4,"491":2,"492":1,"493":2,"494":14,"495":1,"496":4,"497":8,"498":16,"499":16,"500":16,"501":1,"502":2,"503":2,"504":2,"505":2,"506":2,"507":2,"508":2,"509":2,"510":36,"511":108,"512":108,"513":2,"514":2,"515":2,"516":2,"517":2,"518":2,"519":2,"520":2,"521":2,"522":2,"523":2,"524":2,"525":2,"526":2,"527":2,"528":2,"529":2,"530":2,"531":2,"532":2,"533":2},"b":{"1":[0,2],"2":[2,1,1,1,1],"3":[0,0],"4":[0,0],"5":[0,0,0],"6":[0,0],"7":[0,0],"8":[0,0],"9":[0,0,0],"10":[0,0],"11":[1,1],"12":[2,1],"13":[1,1],"14":[16,8]},"f":{"1":2,"2":2,"3":0,"4":0,"5":0,"6":0,"7":0,"8":0,"9":0,"10":2,"11":2,"12":2,"13":2,"14":2,"15":2,"16":2,"17":2,"18":30,"19":30,"20":60,"21":2,"22":14,"23":4,"24":2,"25":14,"26":14,"27":46,"28":8,"29":8,"30":4,"31":2,"32":10,"33":4,"34":4,"35":4,"36":6,"37":44,"38":8,"39":52,"40":34,"41":8,"42":12,"43":6,"44":12,"45":16,"46":30,"47":2,"48":4,"49":2,"50":2,"51":2,"52":2,"53":2,"54":2,"55":14,"56":4,"57":2,"58":1,"59":14,"60":1,"61":4,"62":8,"63":16,"64":2,"65":36,"66":108,"67":2},"fnMap":{"1":{"name":"(anonymous_1)","line":4,"loc":{"start":{"line":4,"column":1},"end":{"line":4,"column":23}},"skip":true},"2":{"name":"(anonymous_2)","line":9,"loc":{"start":{"line":9,"column":5},"end":{"line":9,"column":17}},"skip":true},"3":{"name":"(anonymous_3)","line":18,"loc":{"start":{"line":18,"column":41},"end":{"line":18,"column":53}},"skip":true},"4":{"name":"(anonymous_4)","line":47,"loc":{"start":{"line":47,"column":24},"end":{"line":47,"column":51}},"skip":true},"5":{"name":"(anonymous_5)","line":74,"loc":{"start":{"line":74,"column":26},"end":{"line":74,"column":41}},"skip":true},"6":{"name":"(anonymous_6)","line":82,"loc":{"start":{"line":82,"column":21},"end":{"line":82,"column":38}},"skip":true},"7":{"name":"(anonymous_7)","line":88,"loc":{"start":{"line":88,"column":16},"end":{"line":88,"column":28}},"skip":true},"8":{"name":"(anonymous_8)","line":94,"loc":{"start":{"line":94,"column":32},"end":{"line":94,"column":58}},"skip":true},"9":{"name":"(anonymous_9)","line":100,"loc":{"start":{"line":100,"column":36},"end":{"line":100,"column":51}},"skip":true},"10":{"name":"(anonymous_10)","line":144,"loc":{"start":{"line":144,"column":1},"end":{"line":144,"column":18}}},"11":{"name":"(anonymous_11)","line":150,"loc":{"start":{"line":150,"column":1},"end":{"line":150,"column":13}}},"12":{"name":"(anonymous_12)","line":161,"loc":{"start":{"line":161,"column":1},"end":{"line":161,"column":13}}},"13":{"name":"(anonymous_13)","line":162,"loc":{"start":{"line":162,"column":30},"end":{"line":162,"column":58}}},"14":{"name":"(anonymous_14)","line":168,"loc":{"start":{"line":168,"column":25},"end":{"line":168,"column":40}}},"15":{"name":"(anonymous_15)","line":172,"loc":{"start":{"line":172,"column":7},"end":{"line":172,"column":26}}},"16":{"name":"(anonymous_16)","line":173,"loc":{"start":{"line":173,"column":21},"end":{"line":173,"column":38}}},"17":{"name":"(anonymous_17)","line":181,"loc":{"start":{"line":181,"column":44},"end":{"line":181,"column":72}}},"18":{"name":"(anonymous_18)","line":219,"loc":{"start":{"line":219,"column":18},"end":{"line":219,"column":37}}},"19":{"name":"(anonymous_19)","line":224,"loc":{"start":{"line":224,"column":56},"end":{"line":224,"column":73}}},"20":{"name":"(anonymous_20)","line":265,"loc":{"start":{"line":265,"column":14},"end":{"line":265,"column":37}}},"21":{"name":"(anonymous_21)","line":300,"loc":{"start":{"line":300,"column":11},"end":{"line":300,"column":28}}},"22":{"name":"(anonymous_22)","line":313,"loc":{"start":{"line":313,"column":11},"end":{"line":313,"column":28}}},"23":{"name":"(anonymous_23)","line":329,"loc":{"start":{"line":329,"column":11},"end":{"line":329,"column":28}}},"24":{"name":"(anonymous_24)","line":342,"loc":{"start":{"line":342,"column":11},"end":{"line":342,"column":28}}},"25":{"name":"(anonymous_25)","line":355,"loc":{"start":{"line":355,"column":11},"end":{"line":355,"column":28}}},"26":{"name":"(anonymous_26)","line":369,"loc":{"start":{"line":369,"column":11},"end":{"line":369,"column":28}}},"27":{"name":"(anonymous_27)","line":383,"loc":{"start":{"line":383,"column":11},"end":{"line":383,"column":28}}},"28":{"name":"(anonymous_28)","line":426,"loc":{"start":{"line":426,"column":11},"end":{"line":426,"column":28}}},"29":{"name":"(anonymous_29)","line":443,"loc":{"start":{"line":443,"column":11},"end":{"line":443,"column":28}}},"30":{"name":"(anonymous_30)","line":458,"loc":{"start":{"line":458,"column":11},"end":{"line":458,"column":28}}},"31":{"name":"(anonymous_31)","line":477,"loc":{"start":{"line":477,"column":11},"end":{"line":477,"column":28}}},"32":{"name":"(anonymous_32)","line":496,"loc":{"start":{"line":496,"column":11},"end":{"line":496,"column":28}}},"33":{"name":"(anonymous_33)","line":523,"loc":{"start":{"line":523,"column":11},"end":{"line":523,"column":28}}},"34":{"name":"(anonymous_34)","line":542,"loc":{"start":{"line":542,"column":11},"end":{"line":542,"column":28}}},"35":{"name":"(anonymous_35)","line":555,"loc":{"start":{"line":555,"column":11},"end":{"line":555,"column":28}}},"36":{"name":"(anonymous_36)","line":583,"loc":{"start":{"line":583,"column":11},"end":{"line":583,"column":28}}},"37":{"name":"(anonymous_37)","line":596,"loc":{"start":{"line":596,"column":11},"end":{"line":596,"column":28}}},"38":{"name":"(anonymous_38)","line":623,"loc":{"start":{"line":623,"column":11},"end":{"line":623,"column":28}}},"39":{"name":"(anonymous_39)","line":640,"loc":{"start":{"line":640,"column":11},"end":{"line":640,"column":28}}},"40":{"name":"(anonymous_40)","line":673,"loc":{"start":{"line":673,"column":11},"end":{"line":673,"column":28}}},"41":{"name":"(anonymous_41)","line":733,"loc":{"start":{"line":733,"column":11},"end":{"line":733,"column":28}}},"42":{"name":"(anonymous_42)","line":748,"loc":{"start":{"line":748,"column":11},"end":{"line":748,"column":28}}},"43":{"name":"(anonymous_43)","line":774,"loc":{"start":{"line":774,"column":11},"end":{"line":774,"column":28}}},"44":{"name":"(anonymous_44)","line":801,"loc":{"start":{"line":801,"column":11},"end":{"line":801,"column":28}}},"45":{"name":"(anonymous_45)","line":815,"loc":{"start":{"line":815,"column":11},"end":{"line":815,"column":28}}},"46":{"name":"(anonymous_46)","line":829,"loc":{"start":{"line":829,"column":11},"end":{"line":829,"column":28}}},"47":{"name":"(anonymous_47)","line":862,"loc":{"start":{"line":862,"column":38},"end":{"line":862,"column":66}}},"48":{"name":"(anonymous_48)","line":960,"loc":{"start":{"line":960,"column":52},"end":{"line":960,"column":73}}},"49":{"name":"(anonymous_49)","line":989,"loc":{"start":{"line":989,"column":37},"end":{"line":989,"column":65}}},"50":{"name":"(anonymous_50)","line":1138,"loc":{"start":{"line":1138,"column":40},"end":{"line":1138,"column":68}}},"51":{"name":"(anonymous_51)","line":1303,"loc":{"start":{"line":1303,"column":37},"end":{"line":1303,"column":65}}},"52":{"name":"(anonymous_52)","line":1372,"loc":{"start":{"line":1372,"column":25},"end":{"line":1372,"column":42}}},"53":{"name":"(anonymous_53)","line":1380,"loc":{"start":{"line":1380,"column":35},"end":{"line":1380,"column":63}}},"54":{"name":"(anonymous_54)","line":1401,"loc":{"start":{"line":1401,"column":38},"end":{"line":1401,"column":66}}},"55":{"name":"(anonymous_55)","line":1415,"loc":{"start":{"line":1415,"column":27},"end":{"line":1415,"column":39}}},"56":{"name":"(anonymous_56)","line":1420,"loc":{"start":{"line":1420,"column":20},"end":{"line":1420,"column":39}}},"57":{"name":"(anonymous_57)","line":1427,"loc":{"start":{"line":1427,"column":24},"end":{"line":1427,"column":36}}},"58":{"name":"(anonymous_58)","line":1428,"loc":{"start":{"line":1428,"column":40},"end":{"line":1428,"column":58}}},"59":{"name":"(anonymous_59)","line":1433,"loc":{"start":{"line":1433,"column":24},"end":{"line":1433,"column":39}}},"60":{"name":"(anonymous_60)","line":1441,"loc":{"start":{"line":1441,"column":7},"end":{"line":1441,"column":26}}},"61":{"name":"(anonymous_61)","line":1447,"loc":{"start":{"line":1447,"column":18},"end":{"line":1447,"column":32}}},"62":{"name":"(anonymous_62)","line":1448,"loc":{"start":{"line":1448,"column":40},"end":{"line":1448,"column":56}}},"63":{"name":"(anonymous_63)","line":1449,"loc":{"start":{"line":1449,"column":31},"end":{"line":1449,"column":45}}},"64":{"name":"(anonymous_64)","line":1468,"loc":{"start":{"line":1468,"column":37},"end":{"line":1468,"column":65}}},"65":{"name":"(anonymous_65)","line":1497,"loc":{"start":{"line":1497,"column":25},"end":{"line":1497,"column":39}}},"66":{"name":"(anonymous_66)","line":1498,"loc":{"start":{"line":1498,"column":37},"end":{"line":1498,"column":51}}},"67":{"name":"(anonymous_67)","line":1506,"loc":{"start":{"line":1506,"column":33},"end":{"line":1506,"column":61}}}},"statementMap":{"1":{"start":{"line":4,"column":0},"end":{"line":140,"column":9},"skip":true},"2":{"start":{"line":6,"column":4},"end":{"line":6,"column":21},"skip":true},"3":{"start":{"line":7,"column":4},"end":{"line":7,"column":14},"skip":true},"4":{"start":{"line":9,"column":4},"end":{"line":13,"column":9},"skip":true},"5":{"start":{"line":10,"column":8},"end":{"line":12,"column":27},"skip":true},"6":{"start":{"line":11,"column":12},"end":{"line":11,"column":51},"skip":true},"7":{"start":{"line":14,"column":4},"end":{"line":14,"column":39},"skip":true},"8":{"start":{"line":16,"column":4},"end":{"line":33,"column":5},"skip":true},"9":{"start":{"line":17,"column":8},"end":{"line":17,"column":37},"skip":true},"10":{"start":{"line":18,"column":8},"end":{"line":32,"column":10},"skip":true},"11":{"start":{"line":23,"column":12},"end":{"line":23,"column":24},"skip":true},"12":{"start":{"line":24,"column":12},"end":{"line":24,"column":44},"skip":true},"13":{"start":{"line":26,"column":12},"end":{"line":26,"column":62},"skip":true},"14":{"start":{"line":27,"column":12},"end":{"line":27,"column":49},"skip":true},"15":{"start":{"line":28,"column":12},"end":{"line":28,"column":49},"skip":true},"16":{"start":{"line":29,"column":12},"end":{"line":29,"column":31},"skip":true},"17":{"start":{"line":31,"column":12},"end":{"line":31,"column":30},"skip":true},"18":{"start":{"line":35,"column":4},"end":{"line":35,"column":15},"skip":true},"19":{"start":{"line":36,"column":4},"end":{"line":36,"column":24},"skip":true},"20":{"start":{"line":37,"column":4},"end":{"line":37,"column":35},"skip":true},"21":{"start":{"line":39,"column":4},"end":{"line":45,"column":6},"skip":true},"22":{"start":{"line":47,"column":4},"end":{"line":73,"column":6},"skip":true},"23":{"start":{"line":51,"column":8},"end":{"line":51,"column":18},"skip":true},"24":{"start":{"line":52,"column":8},"end":{"line":54,"column":9},"skip":true},"25":{"start":{"line":53,"column":12},"end":{"line":53,"column":19},"skip":true},"26":{"start":{"line":55,"column":8},"end":{"line":71,"column":10},"skip":true},"27":{"start":{"line":72,"column":8},"end":{"line":72,"column":20},"skip":true},"28":{"start":{"line":74,"column":4},"end":{"line":81,"column":6},"skip":true},"29":{"start":{"line":80,"column":8},"end":{"line":80,"column":32},"skip":true},"30":{"start":{"line":82,"column":4},"end":{"line":87,"column":6},"skip":true},"31":{"start":{"line":86,"column":8},"end":{"line":86,"column":21},"skip":true},"32":{"start":{"line":88,"column":4},"end":{"line":93,"column":6},"skip":true},"33":{"start":{"line":92,"column":8},"end":{"line":92,"column":15},"skip":true},"34":{"start":{"line":94,"column":4},"end":{"line":109,"column":6},"skip":true},"35":{"start":{"line":100,"column":8},"end":{"line":108,"column":11},"skip":true},"36":{"start":{"line":101,"column":12},"end":{"line":107,"column":13},"skip":true},"37":{"start":{"line":106,"column":16},"end":{"line":106,"column":57},"skip":true},"38":{"start":{"line":111,"column":4},"end":{"line":139,"column":5},"skip":true},"39":{"start":{"line":112,"column":8},"end":{"line":112,"column":41},"skip":true},"40":{"start":{"line":113,"column":8},"end":{"line":113,"column":41},"skip":true},"41":{"start":{"line":114,"column":8},"end":{"line":114,"column":55},"skip":true},"42":{"start":{"line":115,"column":8},"end":{"line":115,"column":43},"skip":true},"43":{"start":{"line":116,"column":8},"end":{"line":116,"column":41},"skip":true},"44":{"start":{"line":117,"column":8},"end":{"line":117,"column":39},"skip":true},"45":{"start":{"line":118,"column":8},"end":{"line":118,"column":35},"skip":true},"46":{"start":{"line":119,"column":8},"end":{"line":119,"column":41},"skip":true},"47":{"start":{"line":120,"column":8},"end":{"line":120,"column":41},"skip":true},"48":{"start":{"line":121,"column":8},"end":{"line":121,"column":33},"skip":true},"49":{"start":{"line":122,"column":8},"end":{"line":122,"column":37},"skip":true},"50":{"start":{"line":123,"column":8},"end":{"line":123,"column":39},"skip":true},"51":{"start":{"line":124,"column":8},"end":{"line":124,"column":35},"skip":true},"52":{"start":{"line":125,"column":8},"end":{"line":125,"column":33},"skip":true},"53":{"start":{"line":126,"column":8},"end":{"line":126,"column":37},"skip":true},"54":{"start":{"line":127,"column":8},"end":{"line":127,"column":51},"skip":true},"55":{"start":{"line":128,"column":8},"end":{"line":128,"column":45},"skip":true},"56":{"start":{"line":129,"column":8},"end":{"line":129,"column":37},"skip":true},"57":{"start":{"line":130,"column":8},"end":{"line":130,"column":41},"skip":true},"58":{"start":{"line":131,"column":8},"end":{"line":131,"column":57},"skip":true},"59":{"start":{"line":132,"column":8},"end":{"line":132,"column":41},"skip":true},"60":{"start":{"line":133,"column":8},"end":{"line":133,"column":35},"skip":true},"61":{"start":{"line":134,"column":8},"end":{"line":134,"column":35},"skip":true},"62":{"start":{"line":135,"column":8},"end":{"line":135,"column":35},"skip":true},"63":{"start":{"line":136,"column":8},"end":{"line":136,"column":37},"skip":true},"64":{"start":{"line":137,"column":8},"end":{"line":137,"column":33},"skip":true},"65":{"start":{"line":138,"column":8},"end":{"line":138,"column":37},"skip":true},"66":{"start":{"line":144,"column":0},"end":{"line":1546,"column":5}},"67":{"start":{"line":150,"column":0},"end":{"line":156,"column":5}},"68":{"start":{"line":152,"column":0},"end":{"line":152,"column":69}},"69":{"start":{"line":153,"column":0},"end":{"line":153,"column":25}},"70":{"start":{"line":155,"column":0},"end":{"line":155,"column":28}},"71":{"start":{"line":161,"column":0},"end":{"line":1542,"column":5}},"72":{"start":{"line":162,"column":0},"end":{"line":179,"column":2}},"73":{"start":{"line":166,"column":4},"end":{"line":178,"column":16}},"74":{"start":{"line":169,"column":16},"end":{"line":169,"column":40}},"75":{"start":{"line":173,"column":8},"end":{"line":176,"column":11}},"76":{"start":{"line":175,"column":12},"end":{"line":175,"column":44}},"77":{"start":{"line":177,"column":8},"end":{"line":177,"column":31}},"78":{"start":{"line":181,"column":0},"end":{"line":860,"column":2}},"79":{"start":{"line":185,"column":4},"end":{"line":185,"column":17}},"80":{"start":{"line":187,"column":4},"end":{"line":189,"column":7}},"81":{"start":{"line":191,"column":4},"end":{"line":191,"column":61}},"82":{"start":{"line":193,"column":4},"end":{"line":195,"column":8}},"83":{"start":{"line":197,"column":4},"end":{"line":200,"column":7}},"84":{"start":{"line":201,"column":4},"end":{"line":201,"column":50}},"85":{"start":{"line":202,"column":4},"end":{"line":202,"column":44}},"86":{"start":{"line":203,"column":4},"end":{"line":223,"column":7}},"87":{"start":{"line":220,"column":8},"end":{"line":222,"column":10}},"88":{"start":{"line":224,"column":4},"end":{"line":228,"column":8}},"89":{"start":{"line":225,"column":8},"end":{"line":227,"column":10}},"90":{"start":{"line":230,"column":4},"end":{"line":230,"column":65}},"91":{"start":{"line":232,"column":4},"end":{"line":232,"column":62}},"92":{"start":{"line":234,"column":4},"end":{"line":267,"column":7}},"93":{"start":{"line":266,"column":8},"end":{"line":266,"column":64}},"94":{"start":{"line":269,"column":4},"end":{"line":276,"column":7}},"95":{"start":{"line":277,"column":4},"end":{"line":277,"column":50}},"96":{"start":{"line":278,"column":4},"end":{"line":278,"column":44}},"97":{"start":{"line":280,"column":4},"end":{"line":289,"column":7}},"98":{"start":{"line":290,"column":4},"end":{"line":290,"column":50}},"99":{"start":{"line":291,"column":4},"end":{"line":291,"column":44}},"100":{"start":{"line":293,"column":4},"end":{"line":302,"column":7}},"101":{"start":{"line":301,"column":8},"end":{"line":301,"column":28}},"102":{"start":{"line":303,"column":4},"end":{"line":303,"column":50}},"103":{"start":{"line":304,"column":4},"end":{"line":304,"column":48}},"104":{"start":{"line":306,"column":4},"end":{"line":315,"column":7}},"105":{"start":{"line":314,"column":8},"end":{"line":314,"column":28}},"106":{"start":{"line":316,"column":4},"end":{"line":316,"column":50}},"107":{"start":{"line":317,"column":4},"end":{"line":320,"column":6}},"108":{"start":{"line":322,"column":4},"end":{"line":331,"column":7}},"109":{"start":{"line":330,"column":8},"end":{"line":330,"column":28}},"110":{"start":{"line":332,"column":4},"end":{"line":332,"column":50}},"111":{"start":{"line":333,"column":4},"end":{"line":333,"column":58}},"112":{"start":{"line":335,"column":4},"end":{"line":344,"column":7}},"113":{"start":{"line":343,"column":8},"end":{"line":343,"column":28}},"114":{"start":{"line":345,"column":4},"end":{"line":345,"column":50}},"115":{"start":{"line":346,"column":4},"end":{"line":346,"column":48}},"116":{"start":{"line":348,"column":4},"end":{"line":357,"column":7}},"117":{"start":{"line":356,"column":8},"end":{"line":356,"column":28}},"118":{"start":{"line":358,"column":4},"end":{"line":358,"column":50}},"119":{"start":{"line":360,"column":4},"end":{"line":371,"column":7}},"120":{"start":{"line":370,"column":8},"end":{"line":370,"column":28}},"121":{"start":{"line":372,"column":4},"end":{"line":372,"column":50}},"122":{"start":{"line":374,"column":4},"end":{"line":385,"column":7}},"123":{"start":{"line":384,"column":8},"end":{"line":384,"column":28}},"124":{"start":{"line":386,"column":4},"end":{"line":386,"column":51}},"125":{"start":{"line":389,"column":4},"end":{"line":396,"column":7}},"126":{"start":{"line":397,"column":4},"end":{"line":397,"column":50}},"127":{"start":{"line":398,"column":4},"end":{"line":398,"column":44}},"128":{"start":{"line":401,"column":4},"end":{"line":411,"column":7}},"129":{"start":{"line":412,"column":4},"end":{"line":412,"column":50}},"130":{"start":{"line":413,"column":4},"end":{"line":413,"column":44}},"131":{"start":{"line":416,"column":4},"end":{"line":428,"column":7}},"132":{"start":{"line":427,"column":8},"end":{"line":427,"column":28}},"133":{"start":{"line":429,"column":4},"end":{"line":429,"column":50}},"134":{"start":{"line":430,"column":4},"end":{"line":430,"column":69}},"135":{"start":{"line":433,"column":4},"end":{"line":445,"column":7}},"136":{"start":{"line":444,"column":8},"end":{"line":444,"column":28}},"137":{"start":{"line":446,"column":4},"end":{"line":446,"column":50}},"138":{"start":{"line":447,"column":4},"end":{"line":447,"column":74}},"139":{"start":{"line":451,"column":4},"end":{"line":460,"column":7}},"140":{"start":{"line":459,"column":8},"end":{"line":459,"column":28}},"141":{"start":{"line":461,"column":4},"end":{"line":461,"column":50}},"142":{"start":{"line":462,"column":4},"end":{"line":462,"column":61}},"143":{"start":{"line":466,"column":4},"end":{"line":479,"column":7}},"144":{"start":{"line":478,"column":8},"end":{"line":478,"column":28}},"145":{"start":{"line":480,"column":4},"end":{"line":480,"column":50}},"146":{"start":{"line":481,"column":4},"end":{"line":481,"column":57}},"147":{"start":{"line":485,"column":4},"end":{"line":498,"column":7}},"148":{"start":{"line":497,"column":8},"end":{"line":497,"column":28}},"149":{"start":{"line":499,"column":4},"end":{"line":499,"column":50}},"150":{"start":{"line":500,"column":4},"end":{"line":500,"column":73}},"151":{"start":{"line":508,"column":4},"end":{"line":525,"column":7}},"152":{"start":{"line":524,"column":8},"end":{"line":524,"column":28}},"153":{"start":{"line":526,"column":4},"end":{"line":526,"column":50}},"154":{"start":{"line":527,"column":4},"end":{"line":527,"column":61}},"155":{"start":{"line":531,"column":4},"end":{"line":544,"column":7}},"156":{"start":{"line":543,"column":8},"end":{"line":543,"column":28}},"157":{"start":{"line":545,"column":4},"end":{"line":545,"column":50}},"158":{"start":{"line":546,"column":4},"end":{"line":546,"column":59}},"159":{"start":{"line":548,"column":4},"end":{"line":557,"column":7}},"160":{"start":{"line":556,"column":8},"end":{"line":556,"column":28}},"161":{"start":{"line":558,"column":4},"end":{"line":558,"column":50}},"162":{"start":{"line":559,"column":4},"end":{"line":559,"column":51}},"163":{"start":{"line":561,"column":4},"end":{"line":570,"column":7}},"164":{"start":{"line":571,"column":4},"end":{"line":571,"column":50}},"165":{"start":{"line":572,"column":4},"end":{"line":572,"column":44}},"166":{"start":{"line":574,"column":4},"end":{"line":585,"column":7}},"167":{"start":{"line":584,"column":8},"end":{"line":584,"column":28}},"168":{"start":{"line":586,"column":4},"end":{"line":586,"column":50}},"169":{"start":{"line":587,"column":4},"end":{"line":587,"column":67}},"170":{"start":{"line":589,"column":4},"end":{"line":598,"column":7}},"171":{"start":{"line":597,"column":8},"end":{"line":597,"column":28}},"172":{"start":{"line":599,"column":4},"end":{"line":599,"column":51}},"173":{"start":{"line":601,"column":4},"end":{"line":610,"column":7}},"174":{"start":{"line":611,"column":4},"end":{"line":611,"column":50}},"175":{"start":{"line":612,"column":4},"end":{"line":612,"column":44}},"176":{"start":{"line":614,"column":4},"end":{"line":625,"column":7}},"177":{"start":{"line":624,"column":8},"end":{"line":624,"column":28}},"178":{"start":{"line":626,"column":4},"end":{"line":626,"column":50}},"179":{"start":{"line":627,"column":4},"end":{"line":627,"column":76}},"180":{"start":{"line":629,"column":4},"end":{"line":642,"column":7}},"181":{"start":{"line":641,"column":8},"end":{"line":641,"column":28}},"182":{"start":{"line":643,"column":4},"end":{"line":643,"column":51}},"183":{"start":{"line":644,"column":4},"end":{"line":660,"column":7}},"184":{"start":{"line":662,"column":4},"end":{"line":675,"column":7}},"185":{"start":{"line":674,"column":8},"end":{"line":674,"column":28}},"186":{"start":{"line":676,"column":4},"end":{"line":676,"column":51}},"187":{"start":{"line":677,"column":4},"end":{"line":694,"column":7}},"188":{"start":{"line":696,"column":4},"end":{"line":701,"column":7}},"189":{"start":{"line":702,"column":4},"end":{"line":702,"column":50}},"190":{"start":{"line":703,"column":4},"end":{"line":703,"column":44}},"191":{"start":{"line":705,"column":4},"end":{"line":712,"column":7}},"192":{"start":{"line":713,"column":4},"end":{"line":713,"column":50}},"193":{"start":{"line":714,"column":4},"end":{"line":714,"column":44}},"194":{"start":{"line":716,"column":4},"end":{"line":735,"column":7}},"195":{"start":{"line":734,"column":8},"end":{"line":734,"column":28}},"196":{"start":{"line":736,"column":4},"end":{"line":736,"column":50}},"197":{"start":{"line":737,"column":4},"end":{"line":737,"column":69}},"198":{"start":{"line":739,"column":4},"end":{"line":750,"column":7}},"199":{"start":{"line":749,"column":8},"end":{"line":749,"column":28}},"200":{"start":{"line":751,"column":4},"end":{"line":751,"column":50}},"201":{"start":{"line":752,"column":4},"end":{"line":752,"column":74}},"202":{"start":{"line":754,"column":4},"end":{"line":763,"column":7}},"203":{"start":{"line":764,"column":4},"end":{"line":764,"column":50}},"204":{"start":{"line":765,"column":4},"end":{"line":765,"column":44}},"205":{"start":{"line":767,"column":4},"end":{"line":776,"column":7}},"206":{"start":{"line":775,"column":8},"end":{"line":775,"column":28}},"207":{"start":{"line":777,"column":4},"end":{"line":777,"column":50}},"208":{"start":{"line":779,"column":4},"end":{"line":788,"column":7}},"209":{"start":{"line":789,"column":4},"end":{"line":789,"column":50}},"210":{"start":{"line":790,"column":4},"end":{"line":790,"column":44}},"211":{"start":{"line":792,"column":4},"end":{"line":803,"column":7}},"212":{"start":{"line":802,"column":8},"end":{"line":802,"column":28}},"213":{"start":{"line":804,"column":4},"end":{"line":804,"column":50}},"214":{"start":{"line":806,"column":4},"end":{"line":817,"column":7}},"215":{"start":{"line":816,"column":8},"end":{"line":816,"column":28}},"216":{"start":{"line":818,"column":4},"end":{"line":818,"column":50}},"217":{"start":{"line":820,"column":4},"end":{"line":831,"column":7}},"218":{"start":{"line":830,"column":8},"end":{"line":830,"column":28}},"219":{"start":{"line":832,"column":4},"end":{"line":832,"column":51}},"220":{"start":{"line":834,"column":4},"end":{"line":843,"column":7}},"221":{"start":{"line":844,"column":4},"end":{"line":844,"column":50}},"222":{"start":{"line":845,"column":4},"end":{"line":845,"column":44}},"223":{"start":{"line":847,"column":4},"end":{"line":856,"column":7}},"224":{"start":{"line":857,"column":4},"end":{"line":857,"column":50}},"225":{"start":{"line":858,"column":4},"end":{"line":858,"column":44}},"226":{"start":{"line":859,"column":4},"end":{"line":859,"column":14}},"227":{"start":{"line":862,"column":0},"end":{"line":987,"column":2}},"228":{"start":{"line":866,"column":4},"end":{"line":866,"column":17}},"229":{"start":{"line":868,"column":4},"end":{"line":868,"column":30}},"230":{"start":{"line":870,"column":4},"end":{"line":872,"column":29}},"231":{"start":{"line":874,"column":4},"end":{"line":876,"column":7}},"232":{"start":{"line":878,"column":4},"end":{"line":878,"column":36}},"233":{"start":{"line":880,"column":4},"end":{"line":880,"column":36}},"234":{"start":{"line":882,"column":4},"end":{"line":882,"column":27}},"235":{"start":{"line":884,"column":4},"end":{"line":886,"column":7}},"236":{"start":{"line":888,"column":4},"end":{"line":890,"column":7}},"237":{"start":{"line":892,"column":4},"end":{"line":892,"column":61}},"238":{"start":{"line":894,"column":4},"end":{"line":894,"column":58}},"239":{"start":{"line":896,"column":4},"end":{"line":896,"column":61}},"240":{"start":{"line":898,"column":4},"end":{"line":898,"column":43}},"241":{"start":{"line":900,"column":4},"end":{"line":900,"column":53}},"242":{"start":{"line":902,"column":4},"end":{"line":902,"column":61}},"243":{"start":{"line":904,"column":4},"end":{"line":904,"column":44}},"244":{"start":{"line":906,"column":4},"end":{"line":906,"column":56}},"245":{"start":{"line":908,"column":4},"end":{"line":908,"column":61}},"246":{"start":{"line":910,"column":4},"end":{"line":910,"column":44}},"247":{"start":{"line":912,"column":4},"end":{"line":912,"column":52}},"248":{"start":{"line":914,"column":4},"end":{"line":914,"column":61}},"249":{"start":{"line":916,"column":4},"end":{"line":916,"column":46}},"250":{"start":{"line":918,"column":4},"end":{"line":918,"column":56}},"251":{"start":{"line":920,"column":4},"end":{"line":920,"column":61}},"252":{"start":{"line":922,"column":4},"end":{"line":922,"column":46}},"253":{"start":{"line":924,"column":4},"end":{"line":924,"column":55}},"254":{"start":{"line":926,"column":4},"end":{"line":926,"column":61}},"255":{"start":{"line":928,"column":4},"end":{"line":928,"column":46}},"256":{"start":{"line":930,"column":4},"end":{"line":930,"column":56}},"257":{"start":{"line":932,"column":4},"end":{"line":932,"column":61}},"258":{"start":{"line":934,"column":4},"end":{"line":934,"column":44}},"259":{"start":{"line":936,"column":4},"end":{"line":936,"column":59}},"260":{"start":{"line":938,"column":4},"end":{"line":938,"column":61}},"261":{"start":{"line":940,"column":4},"end":{"line":940,"column":44}},"262":{"start":{"line":942,"column":4},"end":{"line":942,"column":55}},"263":{"start":{"line":944,"column":4},"end":{"line":944,"column":61}},"264":{"start":{"line":946,"column":4},"end":{"line":946,"column":46}},"265":{"start":{"line":948,"column":4},"end":{"line":948,"column":56}},"266":{"start":{"line":950,"column":4},"end":{"line":950,"column":61}},"267":{"start":{"line":952,"column":4},"end":{"line":952,"column":44}},"268":{"start":{"line":954,"column":4},"end":{"line":954,"column":59}},"269":{"start":{"line":956,"column":4},"end":{"line":956,"column":61}},"270":{"start":{"line":958,"column":4},"end":{"line":958,"column":44}},"271":{"start":{"line":960,"column":4},"end":{"line":973,"column":7}},"272":{"start":{"line":961,"column":8},"end":{"line":961,"column":52}},"273":{"start":{"line":963,"column":8},"end":{"line":963,"column":65}},"274":{"start":{"line":964,"column":8},"end":{"line":964,"column":39}},"275":{"start":{"line":966,"column":8},"end":{"line":966,"column":84}},"276":{"start":{"line":968,"column":8},"end":{"line":968,"column":66}},"277":{"start":{"line":970,"column":8},"end":{"line":970,"column":65}},"278":{"start":{"line":972,"column":8},"end":{"line":972,"column":61}},"279":{"start":{"line":975,"column":4},"end":{"line":975,"column":59}},"280":{"start":{"line":977,"column":4},"end":{"line":977,"column":61}},"281":{"start":{"line":979,"column":4},"end":{"line":979,"column":46}},"282":{"start":{"line":981,"column":4},"end":{"line":981,"column":62}},"283":{"start":{"line":983,"column":4},"end":{"line":983,"column":61}},"284":{"start":{"line":985,"column":4},"end":{"line":985,"column":46}},"285":{"start":{"line":986,"column":4},"end":{"line":986,"column":14}},"286":{"start":{"line":989,"column":0},"end":{"line":1136,"column":2}},"287":{"start":{"line":993,"column":4},"end":{"line":993,"column":17}},"288":{"start":{"line":995,"column":4},"end":{"line":999,"column":11}},"289":{"start":{"line":1001,"column":4},"end":{"line":1001,"column":61}},"290":{"start":{"line":1003,"column":4},"end":{"line":1003,"column":65}},"291":{"start":{"line":1005,"column":4},"end":{"line":1005,"column":61}},"292":{"start":{"line":1007,"column":4},"end":{"line":1007,"column":50}},"293":{"start":{"line":1009,"column":4},"end":{"line":1009,"column":68}},"294":{"start":{"line":1011,"column":4},"end":{"line":1011,"column":61}},"295":{"start":{"line":1013,"column":4},"end":{"line":1013,"column":50}},"296":{"start":{"line":1015,"column":4},"end":{"line":1019,"column":11}},"297":{"start":{"line":1021,"column":4},"end":{"line":1021,"column":61}},"298":{"start":{"line":1023,"column":4},"end":{"line":1023,"column":80}},"299":{"start":{"line":1025,"column":4},"end":{"line":1025,"column":60}},"300":{"start":{"line":1026,"column":4},"end":{"line":1026,"column":55}},"301":{"start":{"line":1027,"column":4},"end":{"line":1027,"column":50}},"302":{"start":{"line":1028,"column":4},"end":{"line":1028,"column":50}},"303":{"start":{"line":1029,"column":4},"end":{"line":1029,"column":50}},"304":{"start":{"line":1032,"column":4},"end":{"line":1034,"column":7}},"305":{"start":{"line":1035,"column":4},"end":{"line":1037,"column":7}},"306":{"start":{"line":1038,"column":4},"end":{"line":1038,"column":35}},"307":{"start":{"line":1039,"column":4},"end":{"line":1042,"column":7}},"308":{"start":{"line":1044,"column":4},"end":{"line":1046,"column":11}},"309":{"start":{"line":1048,"column":4},"end":{"line":1048,"column":61}},"310":{"start":{"line":1050,"column":4},"end":{"line":1050,"column":57}},"311":{"start":{"line":1051,"column":4},"end":{"line":1051,"column":60}},"312":{"start":{"line":1052,"column":4},"end":{"line":1052,"column":50}},"313":{"start":{"line":1053,"column":4},"end":{"line":1053,"column":50}},"314":{"start":{"line":1055,"column":4},"end":{"line":1055,"column":35}},"315":{"start":{"line":1056,"column":4},"end":{"line":1060,"column":11}},"316":{"start":{"line":1062,"column":4},"end":{"line":1062,"column":61}},"317":{"start":{"line":1064,"column":4},"end":{"line":1064,"column":92}},"318":{"start":{"line":1066,"column":4},"end":{"line":1066,"column":57}},"319":{"start":{"line":1067,"column":4},"end":{"line":1067,"column":57}},"320":{"start":{"line":1068,"column":4},"end":{"line":1068,"column":50}},"321":{"start":{"line":1069,"column":4},"end":{"line":1069,"column":58}},"322":{"start":{"line":1070,"column":4},"end":{"line":1070,"column":77}},"323":{"start":{"line":1072,"column":4},"end":{"line":1074,"column":11}},"324":{"start":{"line":1076,"column":4},"end":{"line":1076,"column":61}},"325":{"start":{"line":1078,"column":4},"end":{"line":1078,"column":80}},"326":{"start":{"line":1080,"column":4},"end":{"line":1080,"column":57}},"327":{"start":{"line":1081,"column":4},"end":{"line":1081,"column":57}},"328":{"start":{"line":1082,"column":4},"end":{"line":1082,"column":58}},"329":{"start":{"line":1083,"column":4},"end":{"line":1083,"column":58}},"330":{"start":{"line":1084,"column":4},"end":{"line":1084,"column":58}},"331":{"start":{"line":1086,"column":4},"end":{"line":1089,"column":11}},"332":{"start":{"line":1091,"column":4},"end":{"line":1091,"column":61}},"333":{"start":{"line":1093,"column":4},"end":{"line":1093,"column":92}},"334":{"start":{"line":1095,"column":4},"end":{"line":1095,"column":57}},"335":{"start":{"line":1096,"column":4},"end":{"line":1096,"column":57}},"336":{"start":{"line":1097,"column":4},"end":{"line":1097,"column":50}},"337":{"start":{"line":1098,"column":4},"end":{"line":1098,"column":58}},"338":{"start":{"line":1099,"column":4},"end":{"line":1099,"column":58}},"339":{"start":{"line":1101,"column":4},"end":{"line":1101,"column":68}},"340":{"start":{"line":1103,"column":4},"end":{"line":1103,"column":61}},"341":{"start":{"line":1105,"column":4},"end":{"line":1105,"column":57}},"342":{"start":{"line":1106,"column":4},"end":{"line":1106,"column":57}},"343":{"start":{"line":1107,"column":4},"end":{"line":1107,"column":50}},"344":{"start":{"line":1108,"column":4},"end":{"line":1108,"column":58}},"345":{"start":{"line":1109,"column":4},"end":{"line":1109,"column":58}},"346":{"start":{"line":1111,"column":4},"end":{"line":1113,"column":11}},"347":{"start":{"line":1115,"column":4},"end":{"line":1115,"column":61}},"348":{"start":{"line":1117,"column":4},"end":{"line":1117,"column":80}},"349":{"start":{"line":1119,"column":4},"end":{"line":1119,"column":60}},"350":{"start":{"line":1120,"column":4},"end":{"line":1120,"column":57}},"351":{"start":{"line":1121,"column":4},"end":{"line":1121,"column":58}},"352":{"start":{"line":1122,"column":4},"end":{"line":1122,"column":58}},"353":{"start":{"line":1123,"column":4},"end":{"line":1123,"column":58}},"354":{"start":{"line":1125,"column":4},"end":{"line":1125,"column":35}},"355":{"start":{"line":1126,"column":4},"end":{"line":1126,"column":68}},"356":{"start":{"line":1128,"column":4},"end":{"line":1128,"column":61}},"357":{"start":{"line":1130,"column":4},"end":{"line":1130,"column":57}},"358":{"start":{"line":1131,"column":4},"end":{"line":1131,"column":57}},"359":{"start":{"line":1132,"column":4},"end":{"line":1132,"column":58}},"360":{"start":{"line":1133,"column":4},"end":{"line":1133,"column":58}},"361":{"start":{"line":1134,"column":4},"end":{"line":1134,"column":58}},"362":{"start":{"line":1135,"column":4},"end":{"line":1135,"column":14}},"363":{"start":{"line":1138,"column":0},"end":{"line":1301,"column":2}},"364":{"start":{"line":1142,"column":4},"end":{"line":1142,"column":17}},"365":{"start":{"line":1144,"column":4},"end":{"line":1148,"column":11}},"366":{"start":{"line":1150,"column":4},"end":{"line":1150,"column":27}},"367":{"start":{"line":1152,"column":4},"end":{"line":1152,"column":69}},"368":{"start":{"line":1154,"column":4},"end":{"line":1154,"column":65}},"369":{"start":{"line":1156,"column":4},"end":{"line":1156,"column":69}},"370":{"start":{"line":1158,"column":4},"end":{"line":1158,"column":50}},"371":{"start":{"line":1160,"column":4},"end":{"line":1160,"column":59}},"372":{"start":{"line":1162,"column":4},"end":{"line":1162,"column":69}},"373":{"start":{"line":1164,"column":4},"end":{"line":1164,"column":50}},"374":{"start":{"line":1166,"column":4},"end":{"line":1170,"column":11}},"375":{"start":{"line":1172,"column":4},"end":{"line":1172,"column":69}},"376":{"start":{"line":1174,"column":4},"end":{"line":1174,"column":80}},"377":{"start":{"line":1176,"column":4},"end":{"line":1176,"column":60}},"378":{"start":{"line":1177,"column":4},"end":{"line":1177,"column":55}},"379":{"start":{"line":1178,"column":4},"end":{"line":1178,"column":50}},"380":{"start":{"line":1179,"column":4},"end":{"line":1179,"column":50}},"381":{"start":{"line":1180,"column":4},"end":{"line":1180,"column":50}},"382":{"start":{"line":1182,"column":4},"end":{"line":1182,"column":35}},"383":{"start":{"line":1183,"column":4},"end":{"line":1186,"column":7}},"384":{"start":{"line":1188,"column":4},"end":{"line":1192,"column":10}},"385":{"start":{"line":1194,"column":4},"end":{"line":1194,"column":69}},"386":{"start":{"line":1196,"column":4},"end":{"line":1196,"column":57}},"387":{"start":{"line":1197,"column":4},"end":{"line":1197,"column":60}},"388":{"start":{"line":1198,"column":4},"end":{"line":1198,"column":50}},"389":{"start":{"line":1199,"column":4},"end":{"line":1199,"column":50}},"390":{"start":{"line":1201,"column":4},"end":{"line":1203,"column":7}},"391":{"start":{"line":1205,"column":4},"end":{"line":1205,"column":69}},"392":{"start":{"line":1207,"column":4},"end":{"line":1207,"column":57}},"393":{"start":{"line":1208,"column":4},"end":{"line":1208,"column":60}},"394":{"start":{"line":1209,"column":4},"end":{"line":1209,"column":50}},"395":{"start":{"line":1210,"column":4},"end":{"line":1210,"column":50}},"396":{"start":{"line":1212,"column":4},"end":{"line":1212,"column":35}},"397":{"start":{"line":1213,"column":4},"end":{"line":1219,"column":10}},"398":{"start":{"line":1221,"column":4},"end":{"line":1221,"column":69}},"399":{"start":{"line":1223,"column":4},"end":{"line":1223,"column":92}},"400":{"start":{"line":1225,"column":4},"end":{"line":1225,"column":57}},"401":{"start":{"line":1226,"column":4},"end":{"line":1226,"column":57}},"402":{"start":{"line":1227,"column":4},"end":{"line":1227,"column":50}},"403":{"start":{"line":1228,"column":4},"end":{"line":1228,"column":58}},"404":{"start":{"line":1229,"column":4},"end":{"line":1229,"column":77}},"405":{"start":{"line":1231,"column":4},"end":{"line":1233,"column":11}},"406":{"start":{"line":1235,"column":4},"end":{"line":1235,"column":69}},"407":{"start":{"line":1237,"column":4},"end":{"line":1237,"column":80}},"408":{"start":{"line":1239,"column":4},"end":{"line":1239,"column":57}},"409":{"start":{"line":1240,"column":4},"end":{"line":1240,"column":57}},"410":{"start":{"line":1241,"column":4},"end":{"line":1241,"column":58}},"411":{"start":{"line":1242,"column":4},"end":{"line":1242,"column":58}},"412":{"start":{"line":1243,"column":4},"end":{"line":1243,"column":58}},"413":{"start":{"line":1245,"column":4},"end":{"line":1250,"column":10}},"414":{"start":{"line":1252,"column":4},"end":{"line":1252,"column":69}},"415":{"start":{"line":1254,"column":4},"end":{"line":1254,"column":92}},"416":{"start":{"line":1256,"column":4},"end":{"line":1256,"column":57}},"417":{"start":{"line":1257,"column":4},"end":{"line":1257,"column":57}},"418":{"start":{"line":1258,"column":4},"end":{"line":1258,"column":50}},"419":{"start":{"line":1259,"column":4},"end":{"line":1259,"column":58}},"420":{"start":{"line":1260,"column":4},"end":{"line":1260,"column":58}},"421":{"start":{"line":1262,"column":4},"end":{"line":1264,"column":10}},"422":{"start":{"line":1266,"column":4},"end":{"line":1266,"column":69}},"423":{"start":{"line":1268,"column":4},"end":{"line":1268,"column":57}},"424":{"start":{"line":1269,"column":4},"end":{"line":1269,"column":57}},"425":{"start":{"line":1270,"column":4},"end":{"line":1270,"column":50}},"426":{"start":{"line":1271,"column":4},"end":{"line":1271,"column":58}},"427":{"start":{"line":1272,"column":4},"end":{"line":1272,"column":58}},"428":{"start":{"line":1274,"column":4},"end":{"line":1276,"column":11}},"429":{"start":{"line":1278,"column":4},"end":{"line":1278,"column":69}},"430":{"start":{"line":1280,"column":4},"end":{"line":1280,"column":80}},"431":{"start":{"line":1282,"column":4},"end":{"line":1282,"column":60}},"432":{"start":{"line":1283,"column":4},"end":{"line":1283,"column":57}},"433":{"start":{"line":1284,"column":4},"end":{"line":1284,"column":58}},"434":{"start":{"line":1285,"column":4},"end":{"line":1285,"column":58}},"435":{"start":{"line":1286,"column":4},"end":{"line":1286,"column":58}},"436":{"start":{"line":1288,"column":4},"end":{"line":1288,"column":35}},"437":{"start":{"line":1289,"column":4},"end":{"line":1291,"column":10}},"438":{"start":{"line":1293,"column":4},"end":{"line":1293,"column":69}},"439":{"start":{"line":1295,"column":4},"end":{"line":1295,"column":57}},"440":{"start":{"line":1296,"column":4},"end":{"line":1296,"column":57}},"441":{"start":{"line":1297,"column":4},"end":{"line":1297,"column":58}},"442":{"start":{"line":1298,"column":4},"end":{"line":1298,"column":58}},"443":{"start":{"line":1299,"column":4},"end":{"line":1299,"column":58}},"444":{"start":{"line":1300,"column":4},"end":{"line":1300,"column":14}},"445":{"start":{"line":1303,"column":0},"end":{"line":1378,"column":2}},"446":{"start":{"line":1307,"column":4},"end":{"line":1307,"column":17}},"447":{"start":{"line":1309,"column":4},"end":{"line":1309,"column":28}},"448":{"start":{"line":1311,"column":4},"end":{"line":1311,"column":19}},"449":{"start":{"line":1313,"column":4},"end":{"line":1313,"column":19}},"450":{"start":{"line":1315,"column":4},"end":{"line":1315,"column":19}},"451":{"start":{"line":1317,"column":4},"end":{"line":1324,"column":6}},"452":{"start":{"line":1325,"column":4},"end":{"line":1327,"column":7}},"453":{"start":{"line":1328,"column":4},"end":{"line":1328,"column":36}},"454":{"start":{"line":1330,"column":4},"end":{"line":1332,"column":26}},"455":{"start":{"line":1334,"column":4},"end":{"line":1336,"column":26}},"456":{"start":{"line":1338,"column":4},"end":{"line":1340,"column":26}},"457":{"start":{"line":1342,"column":4},"end":{"line":1342,"column":36}},"458":{"start":{"line":1343,"column":4},"end":{"line":1343,"column":44}},"459":{"start":{"line":1345,"column":4},"end":{"line":1347,"column":26}},"460":{"start":{"line":1349,"column":4},"end":{"line":1351,"column":26}},"461":{"start":{"line":1353,"column":4},"end":{"line":1355,"column":25}},"462":{"start":{"line":1357,"column":4},"end":{"line":1357,"column":27}},"463":{"start":{"line":1358,"column":4},"end":{"line":1358,"column":44}},"464":{"start":{"line":1360,"column":4},"end":{"line":1362,"column":26}},"465":{"start":{"line":1364,"column":4},"end":{"line":1366,"column":25}},"466":{"start":{"line":1368,"column":4},"end":{"line":1370,"column":25}},"467":{"start":{"line":1372,"column":4},"end":{"line":1377,"column":7}},"468":{"start":{"line":1374,"column":8},"end":{"line":1374,"column":41}},"469":{"start":{"line":1376,"column":8},"end":{"line":1376,"column":30}},"470":{"start":{"line":1380,"column":0},"end":{"line":1399,"column":2}},"471":{"start":{"line":1384,"column":4},"end":{"line":1384,"column":17}},"472":{"start":{"line":1385,"column":4},"end":{"line":1388,"column":7}},"473":{"start":{"line":1389,"column":4},"end":{"line":1389,"column":39}},"474":{"start":{"line":1391,"column":4},"end":{"line":1391,"column":61}},"475":{"start":{"line":1392,"column":4},"end":{"line":1392,"column":39}},"476":{"start":{"line":1394,"column":4},"end":{"line":1394,"column":61}},"477":{"start":{"line":1395,"column":4},"end":{"line":1395,"column":39}},"478":{"start":{"line":1397,"column":4},"end":{"line":1397,"column":61}},"479":{"start":{"line":1398,"column":4},"end":{"line":1398,"column":14}},"480":{"start":{"line":1401,"column":0},"end":{"line":1466,"column":2}},"481":{"start":{"line":1405,"column":4},"end":{"line":1408,"column":5}},"482":{"start":{"line":1406,"column":8},"end":{"line":1406,"column":31}},"483":{"start":{"line":1407,"column":8},"end":{"line":1407,"column":15}},"484":{"start":{"line":1409,"column":4},"end":{"line":1409,"column":17}},"485":{"start":{"line":1410,"column":4},"end":{"line":1410,"column":41}},"486":{"start":{"line":1411,"column":4},"end":{"line":1411,"column":30}},"487":{"start":{"line":1412,"column":4},"end":{"line":1412,"column":23}},"488":{"start":{"line":1413,"column":4},"end":{"line":1465,"column":16}},"489":{"start":{"line":1416,"column":16},"end":{"line":1416,"column":31}},"490":{"start":{"line":1421,"column":16},"end":{"line":1421,"column":26}},"491":{"start":{"line":1428,"column":16},"end":{"line":1430,"column":18}},"492":{"start":{"line":1429,"column":20},"end":{"line":1429,"column":27}},"493":{"start":{"line":1431,"column":16},"end":{"line":1431,"column":44}},"494":{"start":{"line":1434,"column":16},"end":{"line":1434,"column":22}},"495":{"start":{"line":1442,"column":8},"end":{"line":1463,"column":11}},"496":{"start":{"line":1448,"column":12},"end":{"line":1462,"column":15}},"497":{"start":{"line":1449,"column":16},"end":{"line":1461,"column":19}},"498":{"start":{"line":1450,"column":20},"end":{"line":1450,"column":42}},"499":{"start":{"line":1451,"column":20},"end":{"line":1457,"column":23}},"500":{"start":{"line":1458,"column":20},"end":{"line":1460,"column":23}},"501":{"start":{"line":1464,"column":8},"end":{"line":1464,"column":18}},"502":{"start":{"line":1468,"column":0},"end":{"line":1504,"column":2}},"503":{"start":{"line":1472,"column":4},"end":{"line":1472,"column":17}},"504":{"start":{"line":1473,"column":4},"end":{"line":1481,"column":14}},"505":{"start":{"line":1482,"column":4},"end":{"line":1482,"column":56}},"506":{"start":{"line":1483,"column":4},"end":{"line":1488,"column":7}},"507":{"start":{"line":1489,"column":4},"end":{"line":1489,"column":66}},"508":{"start":{"line":1490,"column":4},"end":{"line":1495,"column":7}},"509":{"start":{"line":1497,"column":4},"end":{"line":1502,"column":7}},"510":{"start":{"line":1498,"column":8},"end":{"line":1501,"column":11}},"511":{"start":{"line":1499,"column":12},"end":{"line":1499,"column":38}},"512":{"start":{"line":1500,"column":12},"end":{"line":1500,"column":38}},"513":{"start":{"line":1503,"column":4},"end":{"line":1503,"column":14}},"514":{"start":{"line":1506,"column":0},"end":{"line":1541,"column":2}},"515":{"start":{"line":1510,"column":4},"end":{"line":1510,"column":19}},"516":{"start":{"line":1512,"column":4},"end":{"line":1512,"column":23}},"517":{"start":{"line":1513,"column":4},"end":{"line":1513,"column":43}},"518":{"start":{"line":1514,"column":4},"end":{"line":1514,"column":28}},"519":{"start":{"line":1516,"column":4},"end":{"line":1516,"column":24}},"520":{"start":{"line":1518,"column":4},"end":{"line":1518,"column":24}},"521":{"start":{"line":1520,"column":4},"end":{"line":1520,"column":28}},"522":{"start":{"line":1521,"column":4},"end":{"line":1521,"column":35}},"523":{"start":{"line":1522,"column":4},"end":{"line":1522,"column":28}},"524":{"start":{"line":1523,"column":4},"end":{"line":1523,"column":50}},"525":{"start":{"line":1524,"column":4},"end":{"line":1524,"column":28}},"526":{"start":{"line":1525,"column":4},"end":{"line":1525,"column":34}},"527":{"start":{"line":1526,"column":4},"end":{"line":1526,"column":28}},"528":{"start":{"line":1527,"column":4},"end":{"line":1527,"column":36}},"529":{"start":{"line":1528,"column":4},"end":{"line":1528,"column":28}},"530":{"start":{"line":1529,"column":4},"end":{"line":1529,"column":53}},"531":{"start":{"line":1530,"column":4},"end":{"line":1530,"column":28}},"532":{"start":{"line":1531,"column":4},"end":{"line":1531,"column":63}},"533":{"start":{"line":1540,"column":4},"end":{"line":1540,"column":17}}},"branchMap":{"1":{"line":16,"type":"if","locations":[{"start":{"line":16,"column":4},"end":{"line":16,"column":4},"skip":true},{"start":{"line":16,"column":4},"end":{"line":16,"column":4},"skip":true}]},"2":{"line":40,"type":"binary-expr","locations":[{"start":{"line":40,"column":8},"end":{"line":40,"column":34},"skip":true},{"start":{"line":41,"column":11},"end":{"line":41,"column":32},"skip":true},{"start":{"line":42,"column":11},"end":{"line":42,"column":54},"skip":true},{"start":{"line":43,"column":11},"end":{"line":43,"column":26},"skip":true},{"start":{"line":44,"column":11},"end":{"line":44,"column":62},"skip":true}]},"3":{"line":52,"type":"if","locations":[{"start":{"line":52,"column":8},"end":{"line":52,"column":8},"skip":true},{"start":{"line":52,"column":8},"end":{"line":52,"column":8},"skip":true}]},"4":{"line":57,"type":"cond-expr","locations":[{"start":{"line":63,"column":14},"end":{"line":63,"column":21},"skip":true},{"start":{"line":64,"column":14},"end":{"line":70,"column":13},"skip":true}]},"5":{"line":58,"type":"binary-expr","locations":[{"start":{"line":58,"column":16},"end":{"line":58,"column":23},"skip":true},{"start":{"line":59,"column":19},"end":{"line":59,"column":54},"skip":true},{"start":{"line":60,"column":19},"end":{"line":60,"column":52},"skip":true}]},"6":{"line":65,"type":"cond-expr","locations":[{"start":{"line":67,"column":18},"end":{"line":67,"column":25},"skip":true},{"start":{"line":69,"column":18},"end":{"line":69,"column":50},"skip":true}]},"7":{"line":80,"type":"binary-expr","locations":[{"start":{"line":80,"column":15},"end":{"line":80,"column":18},"skip":true},{"start":{"line":80,"column":22},"end":{"line":80,"column":31},"skip":true}]},"8":{"line":101,"type":"if","locations":[{"start":{"line":101,"column":12},"end":{"line":101,"column":12},"skip":true},{"start":{"line":101,"column":12},"end":{"line":101,"column":12},"skip":true}]},"9":{"line":102,"type":"binary-expr","locations":[{"start":{"line":102,"column":16},"end":{"line":102,"column":36},"skip":true},{"start":{"line":103,"column":19},"end":{"line":103,"column":44},"skip":true},{"start":{"line":104,"column":19},"end":{"line":104,"column":37},"skip":true}]},"10":{"line":106,"type":"binary-expr","locations":[{"start":{"line":106,"column":30},"end":{"line":106,"column":41},"skip":true},{"start":{"line":106,"column":45},"end":{"line":106,"column":56},"skip":true}]},"11":{"line":111,"type":"if","locations":[{"start":{"line":111,"column":4},"end":{"line":111,"column":4},"skip":true},{"start":{"line":111,"column":4},"end":{"line":111,"column":4},"skip":true}]},"12":{"line":152,"type":"binary-expr","locations":[{"start":{"line":152,"column":9},"end":{"line":152,"column":28}},{"start":{"line":152,"column":32},"end":{"line":152,"column":51}}]},"13":{"line":1405,"type":"if","locations":[{"start":{"line":1405,"column":4},"end":{"line":1405,"column":4}},{"start":{"line":1405,"column":4},"end":{"line":1405,"column":4}}]},"14":{"line":1458,"type":"binary-expr","locations":[{"start":{"line":1458,"column":53},"end":{"line":1458,"column":55}},{"start":{"line":1458,"column":59},"end":{"line":1460,"column":22}}]}},"code":["/* istanbul instrument in package db */","/* istanbul ignore next */","/* jslint utility2:true */","(function (globalThis) {","    \"use strict\";","    var consoleError;","    var local;","    // init globalThis","    (function () {","        try {","            globalThis = Function(\"return this\")(); // jslint ignore:line","        } catch (ignore) {}","    }());","    globalThis.globalThis = globalThis;","    // init debug_inline","    if (!globalThis[\"debug\\u0049nline\"]) {","        consoleError = console.error;","        globalThis[\"debug\\u0049nline\"] = function () {","        /*","         * this function will both print <arguments> to stderr","         * and return <arguments>[0]","         */","            var argList;","            argList = Array.from(arguments); // jslint ignore:line","            // debug arguments","            globalThis[\"debug\\u0049nlineArguments\"] = argList;","            consoleError(\"\\n\\ndebug\\u0049nline\");","            consoleError.apply(console, argList);","            consoleError(\"\\n\");","            // return arg0 for inspection","            return argList[0];","        };","    }","    // init local","    local = {};","    local.local = local;","    globalThis.globalLocal = local;","    // init isBrowser","    local.isBrowser = (","        typeof window === \"object\"","        && window === globalThis","        && typeof window.XMLHttpRequest === \"function\"","        && window.document","        && typeof window.document.querySelector === \"function\"","    );","    // init function","    local.assertThrow = function (passed, message) {","    /*","     * this function will throw the error <message> if <passed> is falsy","     */","        var error;","        if (passed) {","            return;","        }","        error = (","            // ternary-condition","            (","                message","                && typeof message.message === \"string\"","                && typeof message.stack === \"string\"","            )","            // if message is an error-object, then leave it as is","            ? message","            : new Error(","                typeof message === \"string\"","                // if message is a string, then leave it as is","                ? message","                // else JSON.stringify message","                : JSON.stringify(message, null, 4)","            )","        );","        throw error;","    };","    local.functionOrNop = function (fnc) {","    /*","     * this function will if <fnc> exists,","     * them return <fnc>,","     * else return <nop>","     */","        return fnc || local.nop;","    };","    local.identity = function (value) {","    /*","     * this function will return <value>","     */","        return value;","    };","    local.nop = function () {","    /*","     * this function will do nothing","     */","        return;","    };","    local.objectAssignDefault = function (target, source) {","    /*","     * this function will if items from <target> are","     * null, undefined, or empty-string,","     * then overwrite them with items from <source>","     */","        Object.keys(source).forEach(function (key) {","            if (","                target[key] === null","                || target[key] === undefined","                || target[key] === \"\"","            ) {","                target[key] = target[key] || source[key];","            }","        });","    };","    // require builtin","    if (!local.isBrowser) {","        local.assert = require(\"assert\");","        local.buffer = require(\"buffer\");","        local.child_process = require(\"child_process\");","        local.cluster = require(\"cluster\");","        local.crypto = require(\"crypto\");","        local.dgram = require(\"dgram\");","        local.dns = require(\"dns\");","        local.domain = require(\"domain\");","        local.events = require(\"events\");","        local.fs = require(\"fs\");","        local.http = require(\"http\");","        local.https = require(\"https\");","        local.net = require(\"net\");","        local.os = require(\"os\");","        local.path = require(\"path\");","        local.querystring = require(\"querystring\");","        local.readline = require(\"readline\");","        local.repl = require(\"repl\");","        local.stream = require(\"stream\");","        local.string_decoder = require(\"string_decoder\");","        local.timers = require(\"timers\");","        local.tls = require(\"tls\");","        local.tty = require(\"tty\");","        local.url = require(\"url\");","        local.util = require(\"util\");","        local.vm = require(\"vm\");","        local.zlib = require(\"zlib\");","    }","}(this));","","","","(function (local) {","\"use strict\";","","","","// run shared js-env code - init-before","(function () {","// init local","local = (globalThis.utility2 || require(\"utility2\")).requireReadme();","globalThis.local = local;","// init test","local.testRunDefault(local);","}());","","","","// run shared js-env code - function","(function () {","local.testCase_dbLoad_error = function (options, onError) {","/*"," * this function will test dbLoad's error handling-behavior"," */","    local.testMock([","        [local, {","            storageKeys: function (fnc) {","                fnc(local.errorDefault);","            }","        }]","    ], function (onError) {","        local.dbLoad(function (error) {","            // validate error occurred","            local.assertThrow(error, error);","        });","        onError(null, options);","    }, onError);","};","","local.testCase_dbTable_crudGetManyByQuery = function (options, onError) {","/*"," * this function will test dbTable's crudGetManyByQuery handling-behavior"," */","    options = {};","    // test dbTableCreateOne's create handling-behavior","    options.dbTable = local.dbTableCreateOne({","        name: \"testCase_dbTable_crudGetManyByQuery\"","    });","    // validate dbRowCount","    local.assertJsonEqual(options.dbTable.crudCountAll(), 0);","    // test isDirty handling-behavior","    options.dbTable.crudRemoveOneById(options.dbTable.crudSetOneById({","        field1: \"dirty\"","    }));","    // test null-case handling-behavior","    options.data = options.dbTable.crudGetManyByQuery({","        // test shuffle handling-behavior","        shuffle: true","    });","    local.assertJsonEqual(options.data.length, 0);","    local.assertJsonEqual(options.data, []);","    options.data = local.identity([","        [],","        [[], \"\", 0, {}, false, null, undefined],","        -0.5,","        -1,","        -Infinity,","        0,","        0.5,","        1,","        Infinity,","        NaN,","        {},","        false,","        null,","        true,","        undefined","    ]).sort().map(function (element) {","        return {","            field1: element","        };","    });","    options.data = options.data.concat(options.data.map(function (dbRow) {","        return {","            field1: JSON.stringify(dbRow.field1)","        };","    }));","    // test dbTableCreateOne's crudSetManyById handling-behavior","    options.data = options.dbTable.crudSetManyById(options.data);","    // validate dbRowCount","    local.assertJsonEqual(options.dbTable.crudCountAll(), 30);","    // validate data","    [","        [],","        [[], \"\", 0, {}, false, null, undefined],","        -0.5,","        -1,","        undefined,","        0,","        0.5,","        1,","        undefined,","        undefined,","        {},","        false,","        undefined,","        true,","        undefined,","        \"[]\",","        \"[[],\\\"\\\",0,{},false,null,null]\",","        \"-0.5\",","        \"-1\",","        \"null\",","        \"0\",","        \"0.5\",","        \"1\",","        \"null\",","        \"null\",","        \"{}\",","        \"false\",","        \"null\",","        \"true\",","        undefined","    ].forEach(function (element, ii) {","        local.assertJsonEqual(element, options.data[ii].field1);","    });","    // test null-case handling-behavior","    options.data = options.dbTable.crudGetManyByQuery({","        query: {","            field1: { $undefined: null}","        },","        sort: [{","            fieldName: \"field1\"","        }]","    });","    local.assertJsonEqual(options.data.length, 0);","    local.assertJsonEqual(options.data, []);","    // test null-case handling-behavior","    options.data = options.dbTable.crudGetManyByQuery({","        query: {","            field1: {","                $undefined: {}","            }","        },","        sort: [{","            fieldName: \"field1\"","        }]","    });","    local.assertJsonEqual(options.data.length, 0);","    local.assertJsonEqual(options.data, []);","    // test $eq's boolean handling-behavior","    options.data = options.dbTable.crudGetManyByQuery({","        query: {","            field1: true","        },","        sort: [{","            fieldName: \"field1\"","        }]","    }).map(function (dbRow) {","        return dbRow.field1;","    });","    local.assertJsonEqual(options.data.length, 1);","    local.assertJsonEqual(options.data, [true]);","    // test $eq's null-case handling-behavior","    options.data = options.dbTable.crudGetManyByQuery({","        query: {","            field1: null","        },","        sort: [{","            fieldName: \"field1\"","        }]","    }).map(function (dbRow) {","        return dbRow.field1;","    });","    local.assertJsonEqual(options.data.length, 7);","    local.assertJsonEqual(","        options.data.slice(0, -1),","        [null, null, null, null, null, null]","    );","    // test $eq's number handling-behavior","    options.data = options.dbTable.crudGetManyByQuery({","        query: {","            field1: 0","        },","        sort: [{","            fieldName: \"field1\"","        }]","    }).map(function (dbRow) {","        return dbRow.field1;","    });","    local.assertJsonEqual(options.data.length, 2);","    local.assertJsonEqual(options.data.slice(0, -1), [0]);","    // test $eq's string handling-behavior","    options.data = options.dbTable.crudGetManyByQuery({","        query: {","            field1: \"{}\"","        },","        sort: [{","            fieldName: \"field1\"","        }]","    }).map(function (dbRow) {","        return dbRow.field1;","    });","    local.assertJsonEqual(options.data.length, 1);","    local.assertJsonEqual(options.data, [\"{}\"]);","    // test $exists's false handling-behavior","    options.data = options.dbTable.crudGetManyByQuery({","        query: {","            field1: { $exists: false}","        },","        sort: [{","            fieldName: \"field1\"","        }]","    }).map(function (dbRow) {","        return dbRow.field1;","    });","    local.assertJsonEqual(options.data.length, 7);","    // test $exists's null-case handling-behavior","    options.data = options.dbTable.crudGetManyByQuery({","        query: {","            field1: {","                $exists: null","            }","        },","        sort: [{","            fieldName: \"field1\"","        }]","    }).map(function (dbRow) {","        return dbRow.field1;","    });","    local.assertJsonEqual(options.data.length, 7);","    // test $exists's true handling-behavior","    options.data = options.dbTable.crudGetManyByQuery({","        query: {","            field1: {","                $exists: true","            }","        },","        sort: [{","            fieldName: \"field1\"","        }]","    }).map(function (dbRow) {","        return dbRow.field1;","    });","    local.assertJsonEqual(options.data.length, 23);","    // test $gt's boolean handling-behavior","    // test $lt's boolean handling-behavior","    options.data = options.dbTable.crudGetManyByQuery({","        query: {","            field1: { $gt: false, $lt: true}","        },","        sort: [{","            fieldName: \"field1\"","        }]","    });","    local.assertJsonEqual(options.data.length, 0);","    local.assertJsonEqual(options.data, []);","    // test $gt's null-case handling-behavior","    // test $lt's null-case handling-behavior","    options.data = options.dbTable.crudGetManyByQuery({","        query: {","            field1: {","                $gt: false,","                $lt: true","            }","        },","        sort: [{","            fieldName: \"field1\"","        }]","    });","    local.assertJsonEqual(options.data.length, 0);","    local.assertJsonEqual(options.data, []);","    // test $gt's number handling-behavior","    // test $lt's number handling-behavior","    options.data = options.dbTable.crudGetManyByQuery({","        query: {","            field1: {","                $gt: -1,","                $lt: 1","            }","        },","        sort: [{","            fieldName: \"field1\"","        }]","    }).map(function (dbRow) {","        return dbRow.field1;","    });","    local.assertJsonEqual(options.data.length, 4);","    local.assertJsonEqual(options.data.slice(0, -1), [-0.5, 0, 0.5]);","    // test $gt's string handling-behavior","    // test $lt's string handling-behavior","    options.data = options.dbTable.crudGetManyByQuery({","        query: {","            field1: {","                $gt: \"false\",","                $lt: \"true\"","            }","        },","        sort: [{","            fieldName: \"field1\"","        }]","    }).map(function (dbRow) {","        return dbRow.field1;","    });","    local.assertJsonEqual(options.data.length, 4);","    local.assertJsonEqual(options.data, [\"null\", \"null\", \"null\", \"null\"]);","    // test $gte's boolean handling-behavior","    // test $lte's boolean handling-behavior","    // test $ne's boolean handling-behavior","    options.data = options.dbTable.crudGetManyByQuery({","        query: {","            field1: { $gte: false, $lte: true, $ne: false}","        },","        sort: [{","            fieldName: \"field1\"","        }]","    }).map(function (dbRow) {","        return dbRow.field1;","    });","    local.assertJsonEqual(options.data.length, 2);","    local.assertJsonEqual(options.data.slice(0, -1), [true]);","    // test $gte's null-case handling-behavior","    // test $lte's null-case handling-behavior","    // test $ne's null-case handling-behavior","    options.data = options.dbTable.crudGetManyByQuery({","        query: {","            field1: {","                $gte: null,","                $lte: null,","                $ne: null","            }","        },","        sort: [{","            fieldName: \"field1\"","        }]","    }).map(function (dbRow) {","        return dbRow.field1;","    });","    local.assertJsonEqual(options.data.length, 1);","    local.assertJsonEqual(options.data.slice(0, -1), []);","    // test $gte's number handling-behavior","    // test $lte's number handling-behavior","    // test $ne's number handling-behavior","    options.data = options.dbTable.crudGetManyByQuery({","        query: {","            field1: {","                $gte: -1,","                $lte: 1,","                $ne: 0","            }","        },","        sort: [{","            fieldName: \"field1\"","        }]","    }).map(function (dbRow) {","        return dbRow.field1;","    });","    local.assertJsonEqual(options.data.length, 5);","    local.assertJsonEqual(options.data.slice(0, -1), [-1, -0.5, 0.5, 1]);","    // test $gte's number handling-behavior","    // test $lte's number handling-behavior","    // test $ne's number handling-behavior","    // test fieldList handling-behavior","    // test limit handling-behavior","    // test skip handling-behavior","    // test sort's isDescending handling-behavior","    options.data = options.dbTable.crudGetManyByQuery({","        fieldList: [\"field1\"],","        limit: 2,","        query: {","            field1: {","                $gte: -1,","                $lte: 1,","                $ne: 0","            }","        },","        skip: 2,","        sort: [{","            fieldName: \"field1\",","            isDescending: true","        }]","    }).map(function (dbRow) {","        return dbRow.field1;","    });","    local.assertJsonEqual(options.data.length, 2);","    local.assertJsonEqual(options.data.slice(), [0.5, -0.5]);","    // test $gte's string handling-behavior","    // test $lte's string handling-behavior","    // test $ne's string handling-behavior","    options.data = options.dbTable.crudGetManyByQuery({","        query: {","            field1: {","                $gte: \"false\",","                $lte: \"true\",","                $ne: \"null\"","            }","        },","        sort: [{","            fieldName: \"field1\"","        }]","    }).map(function (dbRow) {","        return dbRow.field1;","    });","    local.assertJsonEqual(options.data.length, 2);","    local.assertJsonEqual(options.data, [\"false\", \"true\"]);","    // test $in's list handling-behavior","    options.data = options.dbTable.crudGetManyByQuery({","        query: {","            field1: { $in: [true, 1]}","        },","        sort: [{","            fieldName: \"field1\"","        }]","    }).map(function (dbRow) {","        return dbRow.field1;","    });","    local.assertJsonEqual(options.data.length, 2);","    local.assertJsonEqual(options.data, [true, 1]);","    // test $in's null-case handling-behavior","    options.data = options.dbTable.crudGetManyByQuery({","        query: {","            field1: {","                $in: null","            }","        },","        sort: [{","            fieldName: \"field1\"","        }]","    });","    local.assertJsonEqual(options.data.length, 0);","    local.assertJsonEqual(options.data, []);","    // test $in's string handling-behavior","    options.data = options.dbTable.crudGetManyByQuery({","        query: {","            field1: {","                $in: \"0.5\"","            }","        },","        sort: [{","            fieldName: \"field1\"","        }]","    }).map(function (dbRow) {","        return dbRow.field1;","    });","    local.assertJsonEqual(options.data.length, 3);","    local.assertJsonEqual(options.data.slice(0, -1), [\"0\", \"0.5\"]);","    // test $nin's list handling-behavior","    options.data = options.dbTable.crudGetManyByQuery({","        query: {","            field1: { $nin: [0, null]}","        },","        sort: [{","            fieldName: \"field1\"","        }]","    }).map(function (dbRow) {","        return dbRow.field1;","    });","    local.assertJsonEqual(options.data.length, 22);","    // test $nin's null-case handling-behavior","    options.data = options.dbTable.crudGetManyByQuery({","        query: {","            field1: {","                $nin: null","            }","        },","        sort: [{","            fieldName: \"field1\"","        }]","    });","    local.assertJsonEqual(options.data.length, 0);","    local.assertJsonEqual(options.data, []);","    // test $nin's string handling-behavior","    options.data = options.dbTable.crudGetManyByQuery({","        query: {","            field1: {","                $nin: \"[[],\\\"\\\",0,1,{},false,null,true]\"","            }","        },","        sort: [{","            fieldName: \"field1\"","        }]","    }).map(function (dbRow) {","        return dbRow.field1;","    });","    local.assertJsonEqual(options.data.length, 4);","    local.assertJsonEqual(options.data.slice(0, -1), [\"-0.5\", \"-1\", \"0.5\"]);","    // test $not's number handling-behavior","    options.data = options.dbTable.crudGetManyByQuery({","        query: {","            field1: {","            $not: {","                    $gte: 0","                }","            }","        },","        sort: [{","            fieldName: \"field1\"","        }]","    }).map(function (dbRow) {","        return dbRow.field1;","    });","    local.assertJsonEqual(options.data.length, 26);","    local.assertJsonEqual(options.data.slice(0, 15), [","        null,","        null,","        null,","        null,","        null,","        null,","        false,","        true,","        -1,","        -0.5,","        \"-0.5\",","        \"-1\",","        \"0\",","        \"0.5\",","        \"1\"","    ]);","    // test $not's string handling-behavior","    options.data = options.dbTable.crudGetManyByQuery({","        query: {","            field1: {","                $not: {","                    $gte: \"0\"","                }","            }","        },","        sort: [{","            fieldName: \"field1\"","        }]","    }).map(function (dbRow) {","        return dbRow.field1;","    });","    local.assertJsonEqual(options.data.length, 17);","    local.assertJsonEqual(options.data.slice(0, -1), [","        null,","        null,","        null,","        null,","        null,","        null,","        false,","        true,","        -1,","        -0.5,","        0,","        0.5,","        1,","        \"-0.5\",","        \"-1\",","        {}","    ]);","    // test $or's null-case handling-behavior","    options.data = options.dbTable.crudGetManyByQuery({","        query: { $or: null},","        sort: [{","            fieldName: \"field1\"","        }]","    });","    local.assertJsonEqual(options.data.length, 0);","    local.assertJsonEqual(options.data, []);","    // test $or's empty-list handling-behavior","    options.data = options.dbTable.crudGetManyByQuery({","        query: {","            $or: []","        },","        sort: [{","            fieldName: \"field1\"","        }]","    });","    local.assertJsonEqual(options.data.length, 0);","    local.assertJsonEqual(options.data, []);","    // test $or's list handling-behavior","    options.data = options.dbTable.crudGetManyByQuery({","        query: {","            $or: [{","                field1: { $eq: -0.5}","            }, {","                field1: {","                    $eq: 0","                }","            }, {","                field1: {","                    $eq: 0.5","                }","            }]","        },","        sort: [{","            fieldName: \"field1\"","        }]","    }).map(function (dbRow) {","        return dbRow.field1;","    });","    local.assertJsonEqual(options.data.length, 4);","    local.assertJsonEqual(options.data.slice(0, -1), [-0.5, 0, 0.5]);","    // test $regex's regex handling-behavior","    options.data = options.dbTable.crudGetManyByQuery({","        query: {","            field1: { $regex: (","                /1|true/","            )}","        },","        sort: [{","            fieldName: \"field1\"","        }]","    }).map(function (dbRow) {","        return dbRow.field1;","    });","    local.assertJsonEqual(options.data.length, 6);","    local.assertJsonEqual(options.data, [true, -1, 1, \"-1\", \"1\", \"true\"]);","    // test $regex's null-case handling-behavior","    options.data = options.dbTable.crudGetManyByQuery({","        query: {","            field1: {","                $regex: null","            }","        },","        sort: [{","            fieldName: \"field1\"","        }]","    });","    local.assertJsonEqual(options.data.length, 0);","    local.assertJsonEqual(options.data, []);","    // test $typeof's boolean handling-behavior","    options.data = options.dbTable.crudGetManyByQuery({","        query: {","            field1: { $typeof: \"boolean\"}","        },","        sort: [{","            fieldName: \"field1\"","        }]","    }).map(function (dbRow) {","        return dbRow.field1;","    });","    local.assertJsonEqual(options.data.length, 3);","    // test $typeof's null-case handling-behavior","    options.data = options.dbTable.crudGetManyByQuery({","        query: {","            field1: {","                $typeof: null","            }","        },","        sort: [{","            fieldName: \"field1\"","        }]","    });","    local.assertJsonEqual(options.data.length, 0);","    local.assertJsonEqual(options.data, []);","    // test $typeof's number handling-behavior","    options.data = options.dbTable.crudGetManyByQuery({","        query: {","            field1: {","                $typeof: \"number\"","            }","        },","        sort: [{","            fieldName: \"field1\"","        }]","    }).map(function (dbRow) {","        return dbRow.field1;","    });","    local.assertJsonEqual(options.data.length, 6);","    // test $typeof's object handling-behavior","    options.data = options.dbTable.crudGetManyByQuery({","        query: {","            field1: {","                $typeof: \"object\"","            }","        },","        sort: [{","            fieldName: \"field1\"","        }]","    }).map(function (dbRow) {","        return dbRow.field1;","    });","    local.assertJsonEqual(options.data.length, 8);","    // test $typeof's string handling-behavior","    options.data = options.dbTable.crudGetManyByQuery({","        query: {","            field1: {","                $typeof: \"string\"","            }","        },","        sort: [{","            fieldName: \"field1\"","        }]","    }).map(function (dbRow) {","        return dbRow.field1;","    });","    l
[...]
) {","        local.uiEventDelegateKeyupEvent = event;","        if (local.uiEventDelegateKeyupTimerTimeout !== 2) {","            local.uiEventDelegateKeyupTimerTimeout = (","                local.uiEventDelegateKeyupTimerTimeout","                || setTimeout(function () {","                    local.uiEventDelegateKeyupTimerTimeout = 2;","                    local.uiEventDelegate(local.uiEventDelegateKeyupEvent);","                }, 100)","            );","            return;","        }","        local.uiEventDelegateKeyupTimerTimeout = null;","        if (!event.target.closest(\"input, option, select, textarea\")) {","            return;","        }","    }","    switch (event.targetOnEvent.tagName) {","    case \"BUTTON\":","    case \"FORM\":","        event.preventDefault();","        break;","    }","    event.stopPropagation();","    local.uiEventListenerDict[event.targetOnEvent.dataset.onevent](event);","};","","local.uiEventListenerDict = local.uiEventListenerDict || {};","","local.uiEventListenerDict.testRunBrowser = local.testRunBrowser;","","// log stderr and stdout to #outputStdoutTextarea1","[\"error\", \"log\"].forEach(function (key) {","    console[key + \"_original\"] = console[key + \"_original\"] || console[key];","    console[key] = function () {","        var argList;","        var element;","        argList = Array.from(arguments); // jslint ignore:line","        console[key + \"_original\"].apply(console, argList);","        element = document.querySelector(","            \"#outputStdoutTextarea1\"","        );","        if (!element) {","            return;","        }","        // append text to #outputStdoutTextarea1","        element.value += argList.map(function (arg) {","            return (","                typeof arg === \"string\"","                ? arg","                : JSON.stringify(arg, null, 4)","            );","        }).join(\" \").replace((","            /\\u001b\\[\\d*m/g","        ), \"\") + \"\\n\";","        // scroll textarea to bottom","        element.scrollTop = element.scrollHeight;","    };","});","// init event-handling","[\"Change\", \"Click\", \"Keyup\", \"Submit\"].forEach(function (eventType) {","    Array.from(document.querySelectorAll(","        \".eventDelegate\" + eventType","    )).forEach(function (element) {","        element.addEventListener(eventType.toLowerCase(), local.uiEventDelegate);","    });","});","// run tests","local.testRunBrowser();","}());","","","","/* istanbul ignore next */","// run node js-env code - init-test","(function () {","if (local.isBrowser) {","    return;","}","// init exports","module.exports = local;","/* validateLineSortedReset */","// init assets","local.assetsDict = local.assetsDict || {};","[","    \"assets.index.template.html\",","    \"assets.swgg.swagger.json\",","    \"assets.swgg.swagger.server.json\"","].forEach(function (file) {","    file = \"/\" + file;","    local.assetsDict[file] = local.assetsDict[file] || \"\";","    if (local.fs.existsSync(local.__dirname + file)) {","        local.assetsDict[file] = local.fs.readFileSync(","            local.__dirname + file,","            \"utf8\"","        );","    }","});","/* jslint ignore:start */","local.assetsDict[\"/assets.index.template.html\"] = '\\","<!doctype html>\\n\\","<html lang=\"en\">\\n\\","<head>\\n\\","<meta charset=\"utf-8\">\\n\\","<meta name=\"viewport\" content=\"width=device-width, initial-scale=1\">\\n\\","<!-- \"assets.utility2.template.html\" -->\\n\\","<title>{{env.npm_package_name}} ({{env.npm_package_version}})</title>\\n\\","<style>\\n\\","/* jslint utility2:true */\\n\\","/*csslint\\n\\","*/\\n\\","/* csslint ignore:start */\\n\\","*,\\n\\","*:after,\\n\\","*:before {\\n\\","    box-sizing: border-box;\\n\\","}\\n\\","/* csslint ignore:end */\\n\\","@keyframes uiAnimateShake {\\n\\","    0%, 50% {\\n\\","        transform: translateX(10px);\\n\\","    }\\n\\","    25%, 75% {\\n\\","        transform: translateX(-10px);\\n\\","    }\\n\\","    100% {\\n\\","        transform: translateX(0);\\n\\","    }\\n\\","}\\n\\","@keyframes uiAnimateSpin {\\n\\","    0% {\\n\\","        transform: rotate(0deg);\\n\\","    }\\n\\","    100% {\\n\\","        transform: rotate(360deg);\\n\\","    }\\n\\","}\\n\\","a {\\n\\","    overflow-wrap: break-word;\\n\\","}\\n\\","body {\\n\\","    background: #eef;\\n\\","    font-family: Arial, Helvetica, sans-serif;\\n\\","    margin: 0 40px;\\n\\","}\\n\\","body > div,\\n\\","body > form > div,\\n\\","body > form > input,\\n\\","body > form > pre,\\n\\","body > form > textarea,\\n\\","body > form > .button,\\n\\","body > input,\\n\\","body > pre,\\n\\","body > textarea,\\n\\","body > .button {\\n\\","    margin-bottom: 20px;\\n\\","}\\n\\","body > form > input,\\n\\","body > form > .button,\\n\\","body > input,\\n\\","body > .button {\\n\\","    width: 20rem;\\n\\","}\\n\\","body > form > textarea,\\n\\","body > textarea {\\n\\","    height: 10rem;\\n\\","    width: 100%;\\n\\","}\\n\\","body > textarea[readonly] {\\n\\","    background: #ddd;\\n\\","}\\n\\","code,\\n\\","pre,\\n\\","textarea {\\n\\","    font-family: Consolas, Menlo, monospace;\\n\\","    font-size: small;\\n\\","}\\n\\","pre {\\n\\","    overflow-wrap: break-word;\\n\\","    white-space: pre-wrap;\\n\\","}\\n\\","textarea {\\n\\","    overflow: auto;\\n\\","    white-space: pre;\\n\\","}\\n\\",".button {\\n\\","    background-color: #fff;\\n\\","    border: 1px solid;\\n\\","    border-bottom-color: rgb(186, 186, 186);\\n\\","    border-left-color: rgb(209, 209, 209);\\n\\","    border-radius: 4px;\\n\\","    border-right-color: rgb(209, 209, 209);\\n\\","    border-top-color: rgb(216, 216, 216);\\n\\","    color: #00d;\\n\\","    cursor: pointer;\\n\\","    display: inline-block;\\n\\","    font-family: Arial, Helvetica, sans-serif;\\n\\","    font-size: 12px;\\n\\","    font-style: normal;\\n\\","    font-weight: normal;\\n\\","    margin: 0;\\n\\","    padding: 2px 7px 3px 7px;\\n\\","    text-align: center;\\n\\","    text-decoration: underline;\\n\\","}\\n\\",".colorError {\\n\\","    color: #d00;\\n\\","}\\n\\",".uiAnimateShake {\\n\\","    animation-duration: 500ms;\\n\\","    animation-name: uiAnimateShake;\\n\\","}\\n\\",".uiAnimateSlide {\\n\\","    overflow-y: hidden;\\n\\","    transition: max-height ease-in 250ms, min-height ease-in 250ms, padding-bottom ease-in 250ms, padding-top ease-in 250ms;\\n\\","}\\n\\",".utility2FooterDiv {\\n\\","    text-align: center;\\n\\","}\\n\\",".zeroPixel {\\n\\","    border: 0;\\n\\","    height: 0;\\n\\","    margin: 0;\\n\\","    padding: 0;\\n\\","    width: 0;\\n\\","}\\n\\","</style>\\n\\","</head>\\n\\","<body>\\n\\","<div id=\"ajaxProgressDiv1\" style=\"background: #d00; height: 2px; left: 0; margin: 0; padding: 0; position: fixed; top: 0; transition: background 500ms, width 1500ms; width: 0%; z-index: 1;\"></div>\\n\\","<div class=\"uiAnimateSpin\" style=\"animation: uiAnimateSpin 2s linear infinite; border: 5px solid #999; border-radius: 50%; border-top: 5px solid #7d7; display: none; height: 25px; vertical-align: middle; width: 25px;\"></div>\\n\\","<a class=\"zeroPixel\" download=\"db.persistence.json\" href=\"\" id=\"dbExportA1\"></a>\\n\\","<input class=\"zeroPixel\" id=\"dbImportInput1\" type=\"file\">\\n\\","<script>\\n\\","/* jslint utility2:true */\\n\\","// init domOnEventWindowOnloadTimeElapsed\\n\\","(function () {\\n\\","/*\\n\\"," * this function will measure and print the time-elapsed for window.onload\\n\\"," */\\n\\","    \"use strict\";\\n\\","    if (window.domOnEventWindowOnloadTimeElapsed) {\\n\\","        return;\\n\\","    }\\n\\","    window.domOnEventWindowOnloadTimeElapsed = Date.now() + 100;\\n\\","    window.addEventListener(\"load\", function () {\\n\\","        setTimeout(function () {\\n\\","            window.domOnEventWindowOnloadTimeElapsed = (\\n\\","                Date.now()\\n\\","                - window.domOnEventWindowOnloadTimeElapsed\\n\\","            );\\n\\","            console.error(\\n\\","                \"domOnEventWindowOnloadTimeElapsed = \"\\n\\","                + window.domOnEventWindowOnloadTimeElapsed\\n\\","            );\\n\\","        }, 100);\\n\\","    });\\n\\","}());\\n\\","\\n\\","\\n\\","\\n\\","// init timerIntervalAjaxProgressUpdate\\n\\","(function () {\\n\\","/*\\n\\"," * this function will increment the ajax-progress-bar\\n\\"," * until the webpage has loaded\\n\\"," */\\n\\","    \"use strict\";\\n\\","    var ajaxProgressDiv1;\\n\\","    var ajaxProgressState;\\n\\","    var ajaxProgressUpdate;\\n\\","    if (\\n\\","        window.timerIntervalAjaxProgressUpdate\\n\\","        || !document.querySelector(\\n\\","            \"#ajaxProgressDiv1\"\\n\\","        )\\n\\","    ) {\\n\\","        return;\\n\\","    }\\n\\","    ajaxProgressDiv1 = document.querySelector(\\n\\","        \"#ajaxProgressDiv1\"\\n\\","    );\\n\\","    setTimeout(function () {\\n\\","        ajaxProgressDiv1.style.width = \"25%\";\\n\\","    });\\n\\","    ajaxProgressState = 0;\\n\\","    ajaxProgressUpdate = (\\n\\","        window.local\\n\\","        && window.local.ajaxProgressUpdate\\n\\","    ) || function () {\\n\\","        ajaxProgressDiv1.style.width = \"100%\";\\n\\","        setTimeout(function () {\\n\\","            ajaxProgressDiv1.style.background = \"transparent\";\\n\\","            setTimeout(function () {\\n\\","                ajaxProgressDiv1.style.width = \"0%\";\\n\\","            }, 500);\\n\\","        }, 1000);\\n\\","    };\\n\\","    window.timerIntervalAjaxProgressUpdate = setInterval(function () {\\n\\","        ajaxProgressState += 1;\\n\\","        ajaxProgressDiv1.style.width = Math.max(\\n\\","            100 - 75 * Math.exp(-0.125 * ajaxProgressState),\\n\\","            ajaxProgressDiv1.style.width.slice(0, -1) | 0\\n\\","        ) + \"%\";\\n\\","    }, 1000);\\n\\","    window.addEventListener(\"load\", function () {\\n\\","        clearInterval(window.timerIntervalAjaxProgressUpdate);\\n\\","        ajaxProgressUpdate();\\n\\","    });\\n\\","}());\\n\\","\\n\\","\\n\\","\\n\\","// init domOnEventSelectAllWithinPre\\n\\","(function () {\\n\\","/*\\n\\"," * this function will limit select-all within <pre tabIndex=\"0\"> elements\\n\\"," * https://stackoverflow.com/questions/985272/selecting-text-in-an-element-akin-to-highlighting-with-your-mouse\\n\\"," */\\n\\","    \"use strict\";\\n\\","    if (window.domOnEventSelectAllWithinPre) {\\n\\","        return;\\n\\","    }\\n\\","    window.domOnEventSelectAllWithinPre = function (event) {\\n\\","        var range;\\n\\","        var selection;\\n\\","        if (\\n\\","            event\\n\\","            && event.key === \"a\"\\n\\","            && (event.ctrlKey || event.metaKey)\\n\\","            && event.target.closest(\"pre\")\\n\\","        ) {\\n\\","            range = document.createRange();\\n\\","            range.selectNodeContents(event.target.closest(\"pre\"));\\n\\","            selection = window.getSelection();\\n\\","            selection.removeAllRanges();\\n\\","            selection.addRange(range);\\n\\","            event.preventDefault();\\n\\","        }\\n\\","    };\\n\\","    // init event-handling\\n\\","    document.addEventListener(\\n\\","        \"keydown\",\\n\\","        window.domOnEventSelectAllWithinPre\\n\\","    );\\n\\","}());\\n\\","</script>\\n\\","<h1>\\n\\","<!-- utility2-comment\\n\\","    <a\\n\\","        {{#if env.npm_package_homepage}}\\n\\","        href=\"{{env.npm_package_homepage}}\"\\n\\","        {{/if env.npm_package_homepage}}\\n\\","        target=\"_blank\"\\n\\","    >\\n\\","utility2-comment -->\\n\\","        {{env.npm_package_name}} ({{env.npm_package_version}})\\n\\","<!-- utility2-comment\\n\\","    </a>\\n\\","utility2-comment -->\\n\\","</h1>\\n\\","<h3>{{env.npm_package_description}}</h3>\\n\\","<!-- utility2-comment\\n\\","<a class=\"button\" download href=\"assets.app.js\">download standalone app</a><br>\\n\\","<button class=\"button eventDelegateClick onreset\" data-onevent=\"testRunBrowser\" id=\"testRunButton1\">run internal test</button><br>\\n\\","<div class=\"uiAnimateSlide\" id=\"testReportDiv1\" style=\"border-bottom: 0; border-top: 0; margin-bottom: 0; margin-top: 0; max-height: 0; padding-bottom: 0; padding-top: 0;\"></div>\\n\\","utility2-comment -->\\n\\","\\n\\","\\n\\","\\n\\","<button class=\"button eventDelegateClick\" data-onevent=\"testRunBrowser\" data-on-event-dom-db=\"dbResetButton1\" id=\"dbResetButton1\">\\n\\","    reset database\\n\\","</button><br>\\n\\","<button class=\"button eventDelegateClick\" data-onevent=\"testRunBrowser\" data-on-event-dom-db=\"dbExportButton1\" id=\"dbExportButton1\">\\n\\","    export database -&gt; file\\n\\","</button><br>\\n\\","<button class=\"button eventDelegateClick\" data-onevent=\"testRunBrowser\" data-on-event-dom-db=\"dbImportButton1\" id=\"dbImportButton1\">\\n\\","    import database &lt;- file\\n\\","</button><br>\\n\\","<label>edit or paste script below to\\n\\","    <a\\n\\","        href=\"https://kaizhu256.github.io/node-db-lite/build..beta..travis-ci.org/apidoc.html\"\\n\\","        target=\"_blank\"\\n\\","    >eval</a>\\n\\","</label>\\n\\","<textarea id=\"inputTextareaEval1\">\\n\\","/*jslint browser: true, node: true*/\\n\\","\"use strict\";\\n\\","var dbTable1, modeNext, onNext;\\n\\","modeNext = 0;\\n\\","onNext = function (error, data) {\\n\\","    modeNext = error\\n\\","        ? Infinity\\n\\","        : modeNext + 1;\\n\\","    switch (modeNext) {\\n\\","    case 1:\\n\\","        dbTable1 = window.dbTable1 = window.utility2_db.dbTableCreateOne({\\n\\","            name: \"dbTable1\"\\n\\","        }, onNext);\\n\\","        break;\\n\\","    case 2:\\n\\","        dbTable1.idIndexCreate({ name: \"field1\" }, onNext);\\n\\","        break;\\n\\","    case 3:\\n\\","        dbTable1.crudSetOneById({ field1: \"aa\", field2: 1, field3: \"foo\" }, onNext);\\n\\","        break;\\n\\","    case 4:\\n\\","        dbTable1.crudSetOneById({ field1: \"bb\", field2: 2, field3: \"bar\" }, onNext);\\n\\","        break;\\n\\","    case 5:\\n\\","        dbTable1.crudSetOneById({ field1: \"cc\", field2: 3, field3: \"baz\" }, onNext);\\n\\","        break;\\n\\","    case 6:\\n\\","        dbTable1.crudRemoveOneById({ field1: \"aa\" }, onNext);\\n\\","        break;\\n\\","    case 7:\\n\\","        dbTable1.crudUpdateOneById({ field1: \"bb\", field2: -1 }, onNext);\\n\\","        break;\\n\\","    case 8:\\n\\","        dbTable1.crudSetOneById({ field2: Math.random() }, onNext);\\n\\","        break;\\n\\","    case 9:\\n\\","        dbTable1.crudGetManyByQuery({\\n\\","            limit: Infinity,\\n\\","            query: { field2: { $gte: -Infinity, $lte: Infinity } },\\n\\","            skip: 0,\\n\\","            sort: [{ fieldName: \"_timeUpdated\", idDescending: true }]\\n\\","        }, onNext);\\n\\","        break;\\n\\","    case 10:\\n\\","        console.error(data);\\n\\","        dbTable1.crudCountAll(onNext);\\n\\","        break;\\n\\","    case 11:\\n\\","        console.error(\"number of rows: \" + data);\\n\\","        break;\\n\\","    default:\\n\\","        console.error(error.stack);\\n\\","    }\\n\\","};\\n\\","onNext();\\n\\","</textarea>\\n\\","<button class=\"button eventDelegateClick oneval onreset\" data-onevent=\"testRunBrowser\" id=\"dbEvalButton1\">eval script</button><br>\\n\\","<label>stderr and stdout</label>\\n\\","<textarea class=\"resettable\" id=\"outputStdoutTextarea1\" readonly></textarea>\\n\\","<!-- utility2-comment\\n\\","{{#if isRollup}}\\n\\","<script src=\"assets.app.js\"></script>\\n\\","{{#unless isRollup}}\\n\\","utility2-comment -->\\n\\","<script src=\"assets.utility2.rollup.js\"></script>\\n\\","<script>window.utility2_onReadyBefore.counter += 1;</script>\\n\\","<script src=\"jsonp.utility2.stateInit?callback=window.utility2.stateInit\"></script>\\n\\","<script src=\"assets.db.js\"></script>\\n\\","<script src=\"assets.example.js\"></script>\\n\\","<script src=\"assets.test.js\"></script>\\n\\","<script>window.utility2_onReadyBefore();</script>\\n\\","<!-- utility2-comment\\n\\","{{/if isRollup}}\\n\\","utility2-comment -->\\n\\","<div class=\"utility2FooterDiv\">\\n\\","    [ this app was created with\\n\\","    <a href=\"https://github.com/kaizhu256/node-utility2\" target=\"_blank\">utility2</a>\\n\\","    ]\\n\\","</div>\\n\\","</body>\\n\\","</html>\\n\\","';","/* jslint ignore:end */","/* validateLineSortedReset */","/* jslint ignore:start */","local.assetsDict[\"/assets.db.js\"] =","    local.assetsDict[\"/assets.db.js\"] ||","    local.fs.readFileSync(local.__dirname + \"/lib.db.js\", \"utf8\"",").replace((/^#!\\//), \"// \");","/* jslint ignore:end */","/* validateLineSortedReset */","local.assetsDict[\"/\"] = local.assetsDict[\"/assets.index.template.html\"]",".replace((","    /\\{\\{env\\.(\\w+?)\\}\\}/g","), function (match0, match1) {","    switch (match1) {","    case \"npm_package_description\":","        return \"the greatest app in the world!\";","    case \"npm_package_name\":","        return \"db-lite\";","    case \"npm_package_nameLib\":","        return \"db\";","    case \"npm_package_version\":","        return \"0.0.1\";","    default:","        return match0;","    }","});","local.assetsDict[\"/assets.example.html\"] = local.assetsDict[\"/\"];","local.assetsDict[\"/index.html\"] = local.assetsDict[\"/\"];","// init cli","if (module !== require.main || globalThis.utility2_rollup) {","    return;","}","/* validateLineSortedReset */","local.assetsDict[\"/assets.example.js\"] = (","    local.assetsDict[\"/assets.example.js\"]","    || local.fs.readFileSync(__filename, \"utf8\")",");","local.assetsDict[\"/favicon.ico\"] = local.assetsDict[\"/favicon.ico\"] || \"\";","// if $npm_config_timeout_exit exists,","// then exit this process after $npm_config_timeout_exit ms","if (Number(process.env.npm_config_timeout_exit)) {","    setTimeout(process.exit, Number(process.env.npm_config_timeout_exit));","}","// start server","if (globalThis.utility2_serverHttp1) {","    return;","}","process.env.PORT = process.env.PORT || \"8081\";","console.error(\"server starting on port \" + process.env.PORT);","local.http.createServer(function (request, response) {","    request.urlParsed = local.url.parse(request.url);","    if (local.assetsDict[request.urlParsed.pathname] !== undefined) {","        response.end(local.assetsDict[request.urlParsed.pathname]);","        return;","    }","    response.statusCode = 404;","    response.end();","}).listen(process.env.PORT);","}());","","","","}());"],"l":{"120":2,"122":2,"123":2,"125":2,"126":2,"127":2,"130":2,"132":2,"133":1,"134":1,"139":1,"140":1,"142":1,"143":1,"144":1,"145":1,"147":1,"151":2,"152":2,"153":2,"155":2,"163":2,"167":1,"168":1,"169":1,"171":1,"188":1,"190":2,"196":1,"198":2,"202":1,"204":2,"208":1,"210":2,"216":1,"217":1,"222":1,"227":2,"228":1,"229":1,"230":1,"231":1,"232":1,"233":1,"234":1,"235":1,"236":1,"237":1,"238":1,"239":1,"240":1,"241":1,"242":1,"243":1,"244":1,"245":1,"246":1,"247":1,"248":1,"249":1,"250":1,"251":1,"252":1,"253":1,"254":1,"260":2,"266":2,"268":2,"274":2,"281":2,"282":2,"283":1,"285":1,"286":2,"294":2,"297":2,"300":2,"301":2,"303":1,"307":2,"310":1,"313":1,"316":1,"319":1,"320":1,"323":1,"326":1,"330":1,"337":1,"338":1,"340":2,"350":1,"351":1,"355":1,"360":1,"362":1,"363":1,"364":1,"367":1,"368":1,"369":1,"370":1,"373":1,"374":1,"377":1,"379":1,"380":1,"381":1,"384":1,"387":1,"388":1,"390":1,"391":1,"394":1,"396":1,"399":1,"400":2,"401":2,"402":14,"403":14,"404":14,"405":14,"406":14,"409":14,"410":1,"413":14,"414":14,"423":14,"427":1,"428":4,"431":5,"435":1,"442":2,"443":2,"444":1,"447":1,"450":1,"451":1,"456":3,"457":3,"458":3,"459":1,"466":1,"838":1,"844":1,"848":6,"850":1,"852":2,"854":1,"856":2,"858":1,"861":1,"862":1,"864":1,"865":1,"868":1,"872":1,"875":1,"876":1,"879":1,"880":1,"882":1,"883":1,"884":1,"885":1,"886":1,"887":1,"888":1,"890":1,"891":1}}}